{"C:\\gwinnem\\keystone-dashboard-layout\\packages\\core\\src\\common\\enums\\EMovingDirections.ts": {"path":"C:\\gwinnem\\keystone-dashboard-layout\\packages\\core\\src\\common\\enums\\EMovingDirections.ts","statementMap":{"0":{"start":{"line":6,"column":7},"end":{"line":11,"column":null}},"1":{"start":{"line":7,"column":2},"end":{"line":7,"column":null}},"2":{"start":{"line":8,"column":2},"end":{"line":8,"column":null}},"3":{"start":{"line":9,"column":2},"end":{"line":9,"column":null}},"4":{"start":{"line":10,"column":2},"end":{"line":10,"column":null}}},"fnMap":{"0":{"name":"(anonymous_0)","decl":{"start":{"line":6,"column":7},"end":{"line":6,"column":12}},"loc":{"start":{"line":6,"column":7},"end":{"line":11,"column":null}},"line":6}},"branchMap":{},"s":{"0":3,"1":3,"2":3,"3":3,"4":3},"f":{"0":3},"b":{},"meta":{"lastBranch":0,"lastFunction":1,"lastStatement":5,"seen":{"s:6:7:11:Infinity":0,"f:6:7:6:12":0,"s:7:2:7:Infinity":1,"s:8:2:8:Infinity":2,"s:9:2:9:Infinity":3,"s:10:2:10:Infinity":4},"fnNames":{}}}
,"C:\\gwinnem\\keystone-dashboard-layout\\packages\\core\\src\\common\\enums\\ErrorMessages.ts": {"path":"C:\\gwinnem\\keystone-dashboard-layout\\packages\\core\\src\\common\\enums\\ErrorMessages.ts","statementMap":{"0":{"start":{"line":8,"column":7},"end":{"line":31,"column":null}},"1":{"start":{"line":9,"column":2},"end":{"line":9,"column":null}},"2":{"start":{"line":10,"column":2},"end":{"line":10,"column":null}},"3":{"start":{"line":11,"column":2},"end":{"line":11,"column":null}},"4":{"start":{"line":12,"column":2},"end":{"line":12,"column":null}},"5":{"start":{"line":13,"column":2},"end":{"line":13,"column":null}},"6":{"start":{"line":14,"column":2},"end":{"line":14,"column":null}},"7":{"start":{"line":15,"column":2},"end":{"line":15,"column":null}},"8":{"start":{"line":16,"column":2},"end":{"line":16,"column":null}},"9":{"start":{"line":17,"column":2},"end":{"line":17,"column":null}},"10":{"start":{"line":18,"column":2},"end":{"line":18,"column":null}},"11":{"start":{"line":19,"column":2},"end":{"line":19,"column":null}},"12":{"start":{"line":20,"column":2},"end":{"line":20,"column":null}},"13":{"start":{"line":21,"column":2},"end":{"line":21,"column":null}},"14":{"start":{"line":22,"column":2},"end":{"line":22,"column":null}},"15":{"start":{"line":23,"column":2},"end":{"line":23,"column":null}},"16":{"start":{"line":24,"column":2},"end":{"line":24,"column":null}},"17":{"start":{"line":25,"column":2},"end":{"line":25,"column":null}},"18":{"start":{"line":26,"column":2},"end":{"line":26,"column":null}},"19":{"start":{"line":27,"column":2},"end":{"line":27,"column":null}},"20":{"start":{"line":28,"column":2},"end":{"line":28,"column":null}},"21":{"start":{"line":29,"column":2},"end":{"line":29,"column":null}},"22":{"start":{"line":30,"column":2},"end":{"line":30,"column":null}}},"fnMap":{"0":{"name":"(anonymous_0)","decl":{"start":{"line":8,"column":7},"end":{"line":8,"column":12}},"loc":{"start":{"line":8,"column":7},"end":{"line":31,"column":null}},"line":8}},"branchMap":{},"s":{"0":12,"1":12,"2":12,"3":12,"4":12,"5":12,"6":12,"7":12,"8":12,"9":12,"10":12,"11":12,"12":12,"13":12,"14":12,"15":12,"16":12,"17":12,"18":12,"19":12,"20":12,"21":12,"22":12},"f":{"0":12},"b":{},"meta":{"lastBranch":0,"lastFunction":1,"lastStatement":23,"seen":{"s:8:7:31:Infinity":0,"f:8:7:8:12":0,"s:9:2:9:Infinity":1,"s:10:2:10:Infinity":2,"s:11:2:11:Infinity":3,"s:12:2:12:Infinity":4,"s:13:2:13:Infinity":5,"s:14:2:14:Infinity":6,"s:15:2:15:Infinity":7,"s:16:2:16:Infinity":8,"s:17:2:17:Infinity":9,"s:18:2:18:Infinity":10,"s:19:2:19:Infinity":11,"s:20:2:20:Infinity":12,"s:21:2:21:Infinity":13,"s:22:2:22:Infinity":14,"s:23:2:23:Infinity":15,"s:24:2:24:Infinity":16,"s:25:2:25:Infinity":17,"s:26:2:26:Infinity":18,"s:27:2:27:Infinity":19,"s:28:2:28:Infinity":20,"s:29:2:29:Infinity":21,"s:30:2:30:Infinity":22},"fnNames":{}}}
,"C:\\gwinnem\\keystone-dashboard-layout\\packages\\core\\src\\common\\helpers\\breakpoints-helper.ts": {"path":"C:\\gwinnem\\keystone-dashboard-layout\\packages\\core\\src\\common\\helpers\\breakpoints-helper.ts","statementMap":{"0":{"start":{"line":12,"column":13},"end":{"line":20,"column":null}},"1":{"start":{"line":13,"column":25},"end":{"line":13,"column":null}},"2":{"start":{"line":14,"column":2},"end":{"line":16,"column":null}},"3":{"start":{"line":15,"column":4},"end":{"line":15,"column":null}},"4":{"start":{"line":17,"column":2},"end":{"line":19,"column":null}},"5":{"start":{"line":18,"column":4},"end":{"line":18,"column":null}},"6":{"start":{"line":23,"column":6},"end":{"line":36,"column":null}},"7":{"start":{"line":24,"column":2},"end":{"line":34,"column":null}},"8":{"start":{"line":33,"column":4},"end":{"line":33,"column":null}},"9":{"start":{"line":35,"column":2},"end":{"line":35,"column":null}},"10":{"start":{"line":46,"column":13},"end":{"line":65,"column":null}},"11":{"start":{"line":47,"column":2},"end":{"line":49,"column":null}},"12":{"start":{"line":48,"column":4},"end":{"line":48,"column":null}},"13":{"start":{"line":51,"column":2},"end":{"line":53,"column":null}},"14":{"start":{"line":52,"column":4},"end":{"line":52,"column":null}},"15":{"start":{"line":55,"column":28},"end":{"line":55,"column":null}},"16":{"start":{"line":56,"column":29},"end":{"line":56,"column":null}},"17":{"start":{"line":58,"column":2},"end":{"line":62,"column":null}},"18":{"start":{"line":59,"column":4},"end":{"line":61,"column":null}},"19":{"start":{"line":60,"column":6},"end":{"line":60,"column":null}},"20":{"start":{"line":64,"column":2},"end":{"line":64,"column":null}},"21":{"start":{"line":74,"column":13},"end":{"line":84,"column":null}},"22":{"start":{"line":75,"column":2},"end":{"line":77,"column":null}},"23":{"start":{"line":76,"column":4},"end":{"line":76,"column":null}},"24":{"start":{"line":79,"column":2},"end":{"line":81,"column":null}},"25":{"start":{"line":80,"column":4},"end":{"line":80,"column":null}},"26":{"start":{"line":83,"column":2},"end":{"line":83,"column":null}}},"fnMap":{"0":{"name":"(anonymous_0)","decl":{"start":{"line":12,"column":13},"end":{"line":12,"column":32}},"loc":{"start":{"line":12,"column":77},"end":{"line":20,"column":null}},"line":12},"1":{"name":"(anonymous_1)","decl":{"start":{"line":17,"column":14},"end":{"line":17,"column":20}},"loc":{"start":{"line":17,"column":29},"end":{"line":19,"column":3}},"line":17},"2":{"name":"(anonymous_2)","decl":{"start":{"line":23,"column":6},"end":{"line":23,"column":29}},"loc":{"start":{"line":23,"column":68},"end":{"line":36,"column":null}},"line":23},"3":{"name":"(anonymous_3)","decl":{"start":{"line":46,"column":13},"end":{"line":46,"column":39}},"loc":{"start":{"line":46,"column":97},"end":{"line":65,"column":null}},"line":46},"4":{"name":"(anonymous_4)","decl":{"start":{"line":58,"column":20},"end":{"line":58,"column":29}},"loc":{"start":{"line":58,"column":54},"end":{"line":62,"column":3}},"line":58},"5":{"name":"(anonymous_5)","decl":{"start":{"line":74,"column":13},"end":{"line":74,"column":38}},"loc":{"start":{"line":74,"column":90},"end":{"line":84,"column":null}},"line":74}},"branchMap":{"0":{"loc":{"start":{"line":14,"column":2},"end":{"line":16,"column":null}},"type":"if","locations":[{"start":{"line":14,"column":2},"end":{"line":16,"column":null}},{"start":{},"end":{}}],"line":14},"1":{"loc":{"start":{"line":24,"column":2},"end":{"line":34,"column":null}},"type":"if","locations":[{"start":{"line":24,"column":2},"end":{"line":34,"column":null}},{"start":{},"end":{}}],"line":24},"2":{"loc":{"start":{"line":25,"column":4},"end":{"line":31,"column":null}},"type":"binary-expr","locations":[{"start":{"line":25,"column":4},"end":{"line":25,"column":null}},{"start":{"line":26,"column":4},"end":{"line":26,"column":null}},{"start":{"line":27,"column":4},"end":{"line":27,"column":null}},{"start":{"line":28,"column":4},"end":{"line":28,"column":null}},{"start":{"line":29,"column":4},"end":{"line":29,"column":null}},{"start":{"line":30,"column":4},"end":{"line":30,"column":null}},{"start":{"line":31,"column":4},"end":{"line":31,"column":null}}],"line":25},"3":{"loc":{"start":{"line":47,"column":2},"end":{"line":49,"column":null}},"type":"if","locations":[{"start":{"line":47,"column":2},"end":{"line":49,"column":null}},{"start":{},"end":{}}],"line":47},"4":{"loc":{"start":{"line":51,"column":2},"end":{"line":53,"column":null}},"type":"if","locations":[{"start":{"line":51,"column":2},"end":{"line":53,"column":null}},{"start":{},"end":{}}],"line":51},"5":{"loc":{"start":{"line":59,"column":4},"end":{"line":61,"column":null}},"type":"if","locations":[{"start":{"line":59,"column":4},"end":{"line":61,"column":null}},{"start":{},"end":{}}],"line":59},"6":{"loc":{"start":{"line":75,"column":2},"end":{"line":77,"column":null}},"type":"if","locations":[{"start":{"line":75,"column":2},"end":{"line":77,"column":null}},{"start":{},"end":{}}],"line":75},"7":{"loc":{"start":{"line":79,"column":2},"end":{"line":81,"column":null}},"type":"if","locations":[{"start":{"line":79,"column":2},"end":{"line":81,"column":null}},{"start":{},"end":{}}],"line":79}},"s":{"0":1,"1":7,"2":7,"3":1,"4":6,"5":81,"6":1,"7":14,"8":5,"9":9,"10":1,"11":14,"12":9,"13":5,"14":1,"15":4,"16":4,"17":4,"18":28,"19":20,"20":4,"21":1,"22":3,"23":1,"24":2,"25":1,"26":1},"f":{"0":7,"1":81,"2":14,"3":14,"4":28,"5":3},"b":{"0":[1,6],"1":[5,9],"2":[14,11,10,9,8,7,6],"3":[9,5],"4":[1,4],"5":[20,8],"6":[1,2],"7":[1,1]},"meta":{"lastBranch":8,"lastFunction":6,"lastStatement":27,"seen":{"s:12:13:20:Infinity":0,"f:12:13:12:32":0,"s:13:25:13:Infinity":1,"b:14:2:16:Infinity:undefined:undefined:undefined:undefined":0,"s:14:2:16:Infinity":2,"s:15:4:15:Infinity":3,"s:17:2:19:Infinity":4,"f:17:14:17:20":1,"s:18:4:18:Infinity":5,"s:23:6:36:Infinity":6,"f:23:6:23:29":2,"b:24:2:34:Infinity:undefined:undefined:undefined:undefined":1,"s:24:2:34:Infinity":7,"b:25:4:25:Infinity:26:4:26:Infinity:27:4:27:Infinity:28:4:28:Infinity:29:4:29:Infinity:30:4:30:Infinity:31:4:31:Infinity":2,"s:33:4:33:Infinity":8,"s:35:2:35:Infinity":9,"s:46:13:65:Infinity":10,"f:46:13:46:39":3,"b:47:2:49:Infinity:undefined:undefined:undefined:undefined":3,"s:47:2:49:Infinity":11,"s:48:4:48:Infinity":12,"b:51:2:53:Infinity:undefined:undefined:undefined:undefined":4,"s:51:2:53:Infinity":13,"s:52:4:52:Infinity":14,"s:55:28:55:Infinity":15,"s:56:29:56:Infinity":16,"s:58:2:62:Infinity":17,"f:58:20:58:29":4,"b:59:4:61:Infinity:undefined:undefined:undefined:undefined":5,"s:59:4:61:Infinity":18,"s:60:6:60:Infinity":19,"s:64:2:64:Infinity":20,"s:74:13:84:Infinity":21,"f:74:13:74:38":5,"b:75:2:77:Infinity:undefined:undefined:undefined:undefined":6,"s:75:2:77:Infinity":22,"s:76:4:76:Infinity":23,"b:79:2:81:Infinity:undefined:undefined:undefined:undefined":7,"s:79:2:81:Infinity":24,"s:80:4:80:Infinity":25,"s:83:2:83:Infinity":26},"fnNames":{}}}
,"C:\\gwinnem\\keystone-dashboard-layout\\packages\\core\\src\\common\\helpers\\grid-item-type-helpers.ts": {"path":"C:\\gwinnem\\keystone-dashboard-layout\\packages\\core\\src\\common\\helpers\\grid-item-type-helpers.ts","statementMap":{"0":{"start":{"line":10,"column":2},"end":{"line":10,"column":null}},"1":{"start":{"line":10,"column":28},"end":{"line":10,"column":38}},"2":{"start":{"line":22,"column":2},"end":{"line":22,"column":null}},"3":{"start":{"line":22,"column":28},"end":{"line":22,"column":39}}},"fnMap":{"0":{"name":"getAllStaticGridItems","decl":{"start":{"line":9,"column":16},"end":{"line":9,"column":38}},"loc":{"start":{"line":9,"column":70},"end":{"line":11,"column":null}},"line":9},"1":{"name":"(anonymous_1)","decl":{"start":{"line":10,"column":16},"end":{"line":10,"column":23}},"loc":{"start":{"line":10,"column":28},"end":{"line":10,"column":38}},"line":10},"2":{"name":"getAllNonStaticGridItems","decl":{"start":{"line":21,"column":16},"end":{"line":21,"column":41}},"loc":{"start":{"line":21,"column":73},"end":{"line":23,"column":null}},"line":21},"3":{"name":"(anonymous_3)","decl":{"start":{"line":22,"column":16},"end":{"line":22,"column":23}},"loc":{"start":{"line":22,"column":28},"end":{"line":22,"column":39}},"line":22}},"branchMap":{},"s":{"0":54,"1":68,"2":3,"3":3},"f":{"0":54,"1":68,"2":3,"3":3},"b":{},"meta":{"lastBranch":0,"lastFunction":4,"lastStatement":4,"seen":{"f:9:16:9:38":0,"s:10:2:10:Infinity":0,"f:10:16:10:23":1,"s:10:28:10:38":1,"f:21:16:21:41":2,"s:22:2:22:Infinity":2,"f:22:16:22:23":3,"s:22:28:22:39":3},"fnNames":{}}}
,"C:\\gwinnem\\keystone-dashboard-layout\\packages\\core\\src\\common\\interfaces\\aria-labels.interface.ts": {"path":"C:\\gwinnem\\keystone-dashboard-layout\\packages\\core\\src\\common\\interfaces\\aria-labels.interface.ts","statementMap":{"0":{"start":{"line":28,"column":62},"end":{"line":33,"column":null}},"1":{"start":{"line":47,"column":2},"end":{"line":51,"column":null}}},"fnMap":{"0":{"name":"resolveAriaLabels","decl":{"start":{"line":43,"column":16},"end":{"line":43,"column":null}},"loc":{"start":{"line":46,"column":29},"end":{"line":52,"column":null}},"line":46}},"branchMap":{},"s":{"0":1,"1":4},"f":{"0":4},"b":{},"meta":{"lastBranch":0,"lastFunction":1,"lastStatement":2,"seen":{"s:28:62:33:Infinity":0,"f:43:16:43:Infinity":0,"s:47:2:51:Infinity":1},"fnNames":{}}}
,"C:\\gwinnem\\keystone-dashboard-layout\\packages\\core\\src\\griditem\\enums\\EGridItemEvents.ts": {"path":"C:\\gwinnem\\keystone-dashboard-layout\\packages\\core\\src\\griditem\\enums\\EGridItemEvents.ts","statementMap":{"0":{"start":{"line":8,"column":7},"end":{"line":39,"column":null}},"1":{"start":{"line":10,"column":2},"end":{"line":10,"column":null}},"2":{"start":{"line":17,"column":2},"end":{"line":17,"column":null}},"3":{"start":{"line":19,"column":2},"end":{"line":19,"column":null}},"4":{"start":{"line":21,"column":2},"end":{"line":21,"column":null}},"5":{"start":{"line":23,"column":2},"end":{"line":23,"column":null}},"6":{"start":{"line":25,"column":2},"end":{"line":25,"column":null}},"7":{"start":{"line":27,"column":2},"end":{"line":27,"column":null}},"8":{"start":{"line":29,"column":2},"end":{"line":29,"column":null}},"9":{"start":{"line":38,"column":2},"end":{"line":38,"column":null}}},"fnMap":{"0":{"name":"(anonymous_0)","decl":{"start":{"line":8,"column":7},"end":{"line":8,"column":12}},"loc":{"start":{"line":8,"column":7},"end":{"line":39,"column":null}},"line":8}},"branchMap":{},"s":{"0":1,"1":1,"2":1,"3":1,"4":1,"5":1,"6":1,"7":1,"8":1,"9":1},"f":{"0":1},"b":{},"meta":{"lastBranch":0,"lastFunction":1,"lastStatement":10,"seen":{"s:8:7:39:Infinity":0,"f:8:7:8:12":0,"s:10:2:10:Infinity":1,"s:17:2:17:Infinity":2,"s:19:2:19:Infinity":3,"s:21:2:21:Infinity":4,"s:23:2:23:Infinity":5,"s:25:2:25:Infinity":6,"s:27:2:27:Infinity":7,"s:29:2:29:Infinity":8,"s:38:2:38:Infinity":9},"fnNames":{}}}
,"C:\\gwinnem\\keystone-dashboard-layout\\packages\\core\\src\\griditem\\helpers\\grid-item-calculate-helper.ts": {"path":"C:\\gwinnem\\keystone-dashboard-layout\\packages\\core\\src\\griditem\\helpers\\grid-item-calculate-helper.ts","statementMap":{"0":{"start":{"line":11,"column":13},"end":{"line":14,"column":null}},"1":{"start":{"line":12,"column":14},"end":{"line":12,"column":null}},"2":{"start":{"line":13,"column":2},"end":{"line":13,"column":null}},"3":{"start":{"line":24,"column":13},"end":{"line":41,"column":null}},"4":{"start":{"line":25,"column":2},"end":{"line":27,"column":null}},"5":{"start":{"line":26,"column":4},"end":{"line":26,"column":null}},"6":{"start":{"line":29,"column":2},"end":{"line":31,"column":null}},"7":{"start":{"line":30,"column":4},"end":{"line":30,"column":null}},"8":{"start":{"line":33,"column":2},"end":{"line":35,"column":null}},"9":{"start":{"line":34,"column":4},"end":{"line":34,"column":null}},"10":{"start":{"line":37,"column":2},"end":{"line":39,"column":null}},"11":{"start":{"line":38,"column":4},"end":{"line":38,"column":null}},"12":{"start":{"line":40,"column":2},"end":{"line":40,"column":null}},"13":{"start":{"line":50,"column":13},"end":{"line":67,"column":null}},"14":{"start":{"line":51,"column":2},"end":{"line":53,"column":null}},"15":{"start":{"line":52,"column":4},"end":{"line":52,"column":null}},"16":{"start":{"line":55,"column":2},"end":{"line":57,"column":null}},"17":{"start":{"line":56,"column":4},"end":{"line":56,"column":null}},"18":{"start":{"line":59,"column":2},"end":{"line":61,"column":null}},"19":{"start":{"line":60,"column":4},"end":{"line":60,"column":null}},"20":{"start":{"line":66,"column":2},"end":{"line":66,"column":null}}},"fnMap":{"0":{"name":"(anonymous_0)","decl":{"start":{"line":11,"column":13},"end":{"line":11,"column":22}},"loc":{"start":{"line":11,"column":86},"end":{"line":14,"column":null}},"line":11},"1":{"name":"(anonymous_1)","decl":{"start":{"line":24,"column":13},"end":{"line":24,"column":31}},"loc":{"start":{"line":24,"column":101},"end":{"line":41,"column":null}},"line":24},"2":{"name":"(anonymous_2)","decl":{"start":{"line":50,"column":13},"end":{"line":50,"column":29}},"loc":{"start":{"line":50,"column":103},"end":{"line":67,"column":null}},"line":50}},"branchMap":{"0":{"loc":{"start":{"line":25,"column":2},"end":{"line":27,"column":null}},"type":"if","locations":[{"start":{"line":25,"column":2},"end":{"line":27,"column":null}},{"start":{},"end":{}}],"line":25},"1":{"loc":{"start":{"line":29,"column":2},"end":{"line":31,"column":null}},"type":"if","locations":[{"start":{"line":29,"column":2},"end":{"line":31,"column":null}},{"start":{},"end":{}}],"line":29},"2":{"loc":{"start":{"line":33,"column":2},"end":{"line":35,"column":null}},"type":"if","locations":[{"start":{"line":33,"column":2},"end":{"line":35,"column":null}},{"start":{},"end":{}}],"line":33},"3":{"loc":{"start":{"line":37,"column":2},"end":{"line":39,"column":null}},"type":"if","locations":[{"start":{"line":37,"column":2},"end":{"line":39,"column":null}},{"start":{},"end":{}}],"line":37},"4":{"loc":{"start":{"line":51,"column":2},"end":{"line":53,"column":null}},"type":"if","locations":[{"start":{"line":51,"column":2},"end":{"line":53,"column":null}},{"start":{},"end":{}}],"line":51},"5":{"loc":{"start":{"line":55,"column":2},"end":{"line":57,"column":null}},"type":"if","locations":[{"start":{"line":55,"column":2},"end":{"line":57,"column":null}},{"start":{},"end":{}}],"line":55},"6":{"loc":{"start":{"line":59,"column":2},"end":{"line":61,"column":null}},"type":"if","locations":[{"start":{"line":59,"column":2},"end":{"line":61,"column":null}},{"start":{},"end":{}}],"line":59}},"s":{"0":3,"1":3,"2":3,"3":3,"4":49,"5":2,"6":47,"7":1,"8":46,"9":1,"10":45,"11":2,"12":43,"13":3,"14":28,"15":1,"16":27,"17":1,"18":26,"19":1,"20":25},"f":{"0":3,"1":49,"2":28},"b":{"0":[2,47],"1":[1,46],"2":[1,45],"3":[2,43],"4":[1,27],"5":[1,26],"6":[1,25]},"meta":{"lastBranch":7,"lastFunction":3,"lastStatement":21,"seen":{"s:11:13:14:Infinity":0,"f:11:13:11:22":0,"s:12:14:12:Infinity":1,"s:13:2:13:Infinity":2,"s:24:13:41:Infinity":3,"f:24:13:24:31":1,"b:25:2:27:Infinity:undefined:undefined:undefined:undefined":0,"s:25:2:27:Infinity":4,"s:26:4:26:Infinity":5,"b:29:2:31:Infinity:undefined:undefined:undefined:undefined":1,"s:29:2:31:Infinity":6,"s:30:4:30:Infinity":7,"b:33:2:35:Infinity:undefined:undefined:undefined:undefined":2,"s:33:2:35:Infinity":8,"s:34:4:34:Infinity":9,"b:37:2:39:Infinity:undefined:undefined:undefined:undefined":3,"s:37:2:39:Infinity":10,"s:38:4:38:Infinity":11,"s:40:2:40:Infinity":12,"s:50:13:67:Infinity":13,"f:50:13:50:29":2,"b:51:2:53:Infinity:undefined:undefined:undefined:undefined":4,"s:51:2:53:Infinity":14,"s:52:4:52:Infinity":15,"b:55:2:57:Infinity:undefined:undefined:undefined:undefined":5,"s:55:2:57:Infinity":16,"s:56:4:56:Infinity":17,"b:59:2:61:Infinity:undefined:undefined:undefined:undefined":6,"s:59:2:61:Infinity":18,"s:60:4:60:Infinity":19,"s:66:2:66:Infinity":20},"fnNames":{}}}
,"C:\\gwinnem\\keystone-dashboard-layout\\packages\\core\\src\\gridlayout\\enums\\ECompactType.ts": {"path":"C:\\gwinnem\\keystone-dashboard-layout\\packages\\core\\src\\gridlayout\\enums\\ECompactType.ts","statementMap":{"0":{"start":{"line":25,"column":7},"end":{"line":69,"column":null}},"1":{"start":{"line":35,"column":2},"end":{"line":35,"column":null}},"2":{"start":{"line":44,"column":2},"end":{"line":44,"column":null}},"3":{"start":{"line":54,"column":2},"end":{"line":54,"column":null}},"4":{"start":{"line":61,"column":2},"end":{"line":61,"column":null}},"5":{"start":{"line":68,"column":2},"end":{"line":68,"column":null}}},"fnMap":{"0":{"name":"(anonymous_0)","decl":{"start":{"line":25,"column":7},"end":{"line":25,"column":12}},"loc":{"start":{"line":25,"column":7},"end":{"line":69,"column":null}},"line":25}},"branchMap":{},"s":{"0":2,"1":2,"2":2,"3":2,"4":2,"5":2},"f":{"0":2},"b":{},"meta":{"lastBranch":0,"lastFunction":1,"lastStatement":6,"seen":{"s:25:7:69:Infinity":0,"f:25:7:25:12":0,"s:35:2:35:Infinity":1,"s:44:2:44:Infinity":2,"s:54:2:54:Infinity":3,"s:61:2:61:Infinity":4,"s:68:2:68:Infinity":5},"fnNames":{}}}
,"C:\\gwinnem\\keystone-dashboard-layout\\packages\\core\\src\\gridlayout\\enums\\EDragEvent.ts": {"path":"C:\\gwinnem\\keystone-dashboard-layout\\packages\\core\\src\\gridlayout\\enums\\EDragEvent.ts","statementMap":{"0":{"start":{"line":4,"column":7},"end":{"line":8,"column":null}},"1":{"start":{"line":5,"column":2},"end":{"line":5,"column":null}},"2":{"start":{"line":6,"column":2},"end":{"line":6,"column":null}},"3":{"start":{"line":7,"column":2},"end":{"line":7,"column":null}}},"fnMap":{"0":{"name":"(anonymous_0)","decl":{"start":{"line":4,"column":7},"end":{"line":4,"column":12}},"loc":{"start":{"line":4,"column":7},"end":{"line":8,"column":null}},"line":4}},"branchMap":{},"s":{"0":1,"1":1,"2":1,"3":1},"f":{"0":1},"b":{},"meta":{"lastBranch":0,"lastFunction":1,"lastStatement":4,"seen":{"s:4:7:8:Infinity":0,"f:4:7:4:12":0,"s:5:2:5:Infinity":1,"s:6:2:6:Infinity":2,"s:7:2:7:Infinity":3},"fnNames":{}}}
,"C:\\gwinnem\\keystone-dashboard-layout\\packages\\core\\src\\gridlayout\\enums\\EGridLayoutEvents.ts": {"path":"C:\\gwinnem\\keystone-dashboard-layout\\packages\\core\\src\\gridlayout\\enums\\EGridLayoutEvents.ts","statementMap":{"0":{"start":{"line":10,"column":7},"end":{"line":93,"column":null}},"1":{"start":{"line":12,"column":2},"end":{"line":12,"column":null}},"2":{"start":{"line":18,"column":2},"end":{"line":18,"column":null}},"3":{"start":{"line":20,"column":2},"end":{"line":20,"column":null}},"4":{"start":{"line":27,"column":2},"end":{"line":27,"column":null}},"5":{"start":{"line":29,"column":2},"end":{"line":29,"column":null}},"6":{"start":{"line":31,"column":2},"end":{"line":31,"column":null}},"7":{"start":{"line":33,"column":2},"end":{"line":33,"column":null}},"8":{"start":{"line":41,"column":2},"end":{"line":41,"column":null}},"9":{"start":{"line":48,"column":2},"end":{"line":48,"column":null}},"10":{"start":{"line":61,"column":2},"end":{"line":61,"column":null}},"11":{"start":{"line":63,"column":2},"end":{"line":63,"column":null}},"12":{"start":{"line":70,"column":2},"end":{"line":70,"column":null}},"13":{"start":{"line":72,"column":2},"end":{"line":72,"column":null}},"14":{"start":{"line":83,"column":2},"end":{"line":83,"column":null}},"15":{"start":{"line":92,"column":2},"end":{"line":92,"column":null}}},"fnMap":{"0":{"name":"(anonymous_0)","decl":{"start":{"line":10,"column":7},"end":{"line":10,"column":12}},"loc":{"start":{"line":10,"column":7},"end":{"line":93,"column":null}},"line":10}},"branchMap":{},"s":{"0":1,"1":1,"2":1,"3":1,"4":1,"5":1,"6":1,"7":1,"8":1,"9":1,"10":1,"11":1,"12":1,"13":1,"14":1,"15":1},"f":{"0":1},"b":{},"meta":{"lastBranch":0,"lastFunction":1,"lastStatement":16,"seen":{"s:10:7:93:Infinity":0,"f:10:7:10:12":0,"s:12:2:12:Infinity":1,"s:18:2:18:Infinity":2,"s:20:2:20:Infinity":3,"s:27:2:27:Infinity":4,"s:29:2:29:Infinity":5,"s:31:2:31:Infinity":6,"s:33:2:33:Infinity":7,"s:41:2:41:Infinity":8,"s:48:2:48:Infinity":9,"s:61:2:61:Infinity":10,"s:63:2:63:Infinity":11,"s:70:2:70:Infinity":12,"s:72:2:72:Infinity":13,"s:83:2:83:Infinity":14,"s:92:2:92:Infinity":15},"fnNames":{}}}
,"C:\\gwinnem\\keystone-dashboard-layout\\packages\\core\\src\\gridlayout\\helpers\\align-distribute-helper.ts": {"path":"C:\\gwinnem\\keystone-dashboard-layout\\packages\\core\\src\\gridlayout\\helpers\\align-distribute-helper.ts","statementMap":{"0":{"start":{"line":39,"column":17},"end":{"line":39,"column":null}},"1":{"start":{"line":40,"column":2},"end":{"line":42,"column":null}},"2":{"start":{"line":41,"column":4},"end":{"line":41,"column":null}},"3":{"start":{"line":44,"column":33},"end":{"line":44,"column":null}},"4":{"start":{"line":45,"column":17},"end":{"line":45,"column":null}},"5":{"start":{"line":45,"column":37},"end":{"line":45,"column":56}},"6":{"start":{"line":46,"column":2},"end":{"line":48,"column":null}},"7":{"start":{"line":47,"column":4},"end":{"line":47,"column":null}},"8":{"start":{"line":50,"column":2},"end":{"line":98,"column":null}},"9":{"start":{"line":51,"column":17},"end":{"line":51,"column":null}},"10":{"start":{"line":51,"column":38},"end":{"line":51,"column":52}},"11":{"start":{"line":52,"column":4},"end":{"line":54,"column":null}},"12":{"start":{"line":53,"column":6},"end":{"line":53,"column":null}},"13":{"start":{"line":56,"column":4},"end":{"line":97,"column":null}},"14":{"start":{"line":58,"column":8},"end":{"line":60,"column":null}},"15":{"start":{"line":59,"column":10},"end":{"line":59,"column":null}},"16":{"start":{"line":61,"column":8},"end":{"line":61,"column":null}},"17":{"start":{"line":64,"column":24},"end":{"line":64,"column":null}},"18":{"start":{"line":65,"column":8},"end":{"line":67,"column":null}},"19":{"start":{"line":66,"column":10},"end":{"line":66,"column":null}},"20":{"start":{"line":68,"column":8},"end":{"line":68,"column":null}},"21":{"start":{"line":71,"column":8},"end":{"line":73,"column":null}},"22":{"start":{"line":72,"column":10},"end":{"line":72,"column":null}},"23":{"start":{"line":74,"column":8},"end":{"line":74,"column":null}},"24":{"start":{"line":77,"column":24},"end":{"line":77,"column":null}},"25":{"start":{"line":78,"column":8},"end":{"line":80,"column":null}},"26":{"start":{"line":79,"column":10},"end":{"line":79,"column":null}},"27":{"start":{"line":81,"column":8},"end":{"line":81,"column":null}},"28":{"start":{"line":84,"column":24},"end":{"line":84,"column":null}},"29":{"start":{"line":85,"column":8},"end":{"line":87,"column":null}},"30":{"start":{"line":86,"column":10},"end":{"line":86,"column":null}},"31":{"start":{"line":88,"column":8},"end":{"line":88,"column":null}},"32":{"start":{"line":91,"column":24},"end":{"line":91,"column":null}},"33":{"start":{"line":92,"column":8},"end":{"line":94,"column":null}},"34":{"start":{"line":93,"column":10},"end":{"line":93,"column":null}},"35":{"start":{"line":95,"column":8},"end":{"line":95,"column":null}},"36":{"start":{"line":100,"column":2},"end":{"line":100,"column":null}},"37":{"start":{"line":124,"column":17},"end":{"line":124,"column":null}},"38":{"start":{"line":126,"column":16},"end":{"line":128,"column":null}},"39":{"start":{"line":127,"column":15},"end":{"line":127,"column":51}},"40":{"start":{"line":127,"column":36},"end":{"line":127,"column":50}},"41":{"start":{"line":128,"column":43},"end":{"line":128,"column":61}},"42":{"start":{"line":130,"column":2},"end":{"line":132,"column":null}},"43":{"start":{"line":131,"column":4},"end":{"line":131,"column":null}},"44":{"start":{"line":134,"column":17},"end":{"line":134,"column":null}},"45":{"start":{"line":135,"column":18},"end":{"line":135,"column":null}},"46":{"start":{"line":136,"column":17},"end":{"line":136,"column":null}},"47":{"start":{"line":136,"column":43},"end":{"line":136,"column":64}},"48":{"start":{"line":138,"column":16},"end":{"line":138,"column":null}},"49":{"start":{"line":139,"column":15},"end":{"line":139,"column":null}},"50":{"start":{"line":140,"column":16},"end":{"line":140,"column":null}},"51":{"start":{"line":141,"column":20},"end":{"line":141,"column":null}},"52":{"start":{"line":141,"column":49},"end":{"line":141,"column":70}},"53":{"start":{"line":149,"column":8},"end":{"line":149,"column":null}},"54":{"start":{"line":151,"column":15},"end":{"line":151,"column":null}},"55":{"start":{"line":152,"column":2},"end":{"line":159,"column":null}},"56":{"start":{"line":152,"column":14},"end":{"line":152,"column":17}},"57":{"start":{"line":153,"column":17},"end":{"line":153,"column":null}},"58":{"start":{"line":154,"column":19},"end":{"line":154,"column":null}},"59":{"start":{"line":155,"column":4},"end":{"line":157,"column":null}},"60":{"start":{"line":156,"column":6},"end":{"line":156,"column":null}},"61":{"start":{"line":158,"column":4},"end":{"line":158,"column":null}},"62":{"start":{"line":161,"column":2},"end":{"line":161,"column":null}}},"fnMap":{"0":{"name":"computeAlignAdjustments","decl":{"start":{"line":34,"column":16},"end":{"line":34,"column":null}},"loc":{"start":{"line":38,"column":52},"end":{"line":101,"column":null}},"line":38},"1":{"name":"(anonymous_1)","decl":{"start":{"line":45,"column":24},"end":{"line":45,"column":29}},"loc":{"start":{"line":45,"column":37},"end":{"line":45,"column":56}},"line":45},"2":{"name":"(anonymous_2)","decl":{"start":{"line":50,"column":10},"end":{"line":50,"column":18}},"loc":{"start":{"line":50,"column":24},"end":{"line":98,"column":3}},"line":50},"3":{"name":"(anonymous_3)","decl":{"start":{"line":51,"column":24},"end":{"line":51,"column":29}},"loc":{"start":{"line":51,"column":38},"end":{"line":51,"column":52}},"line":51},"4":{"name":"computeDistributeAdjustments","decl":{"start":{"line":119,"column":16},"end":{"line":119,"column":null}},"loc":{"start":{"line":123,"column":52},"end":{"line":162,"column":null}},"line":123},"5":{"name":"(anonymous_5)","decl":{"start":{"line":127,"column":5},"end":{"line":127,"column":9}},"loc":{"start":{"line":127,"column":15},"end":{"line":127,"column":51}},"line":127},"6":{"name":"(anonymous_6)","decl":{"start":{"line":127,"column":22},"end":{"line":127,"column":27}},"loc":{"start":{"line":127,"column":36},"end":{"line":127,"column":50}},"line":127},"7":{"name":"(anonymous_7)","decl":{"start":{"line":128,"column":5},"end":{"line":128,"column":13}},"loc":{"start":{"line":128,"column":43},"end":{"line":128,"column":61}},"line":128},"8":{"name":"(anonymous_8)","decl":{"start":{"line":136,"column":28},"end":{"line":136,"column":34}},"loc":{"start":{"line":136,"column":43},"end":{"line":136,"column":64}},"line":136},"9":{"name":"(anonymous_9)","decl":{"start":{"line":141,"column":27},"end":{"line":141,"column":35}},"loc":{"start":{"line":141,"column":49},"end":{"line":141,"column":70}},"line":141}},"branchMap":{"0":{"loc":{"start":{"line":40,"column":2},"end":{"line":42,"column":null}},"type":"if","locations":[{"start":{"line":40,"column":2},"end":{"line":42,"column":null}},{"start":{},"end":{}}],"line":40},"1":{"loc":{"start":{"line":46,"column":2},"end":{"line":48,"column":null}},"type":"if","locations":[{"start":{"line":46,"column":2},"end":{"line":48,"column":null}},{"start":{},"end":{}}],"line":46},"2":{"loc":{"start":{"line":52,"column":4},"end":{"line":54,"column":null}},"type":"if","locations":[{"start":{"line":52,"column":4},"end":{"line":54,"column":null}},{"start":{},"end":{}}],"line":52},"3":{"loc":{"start":{"line":56,"column":4},"end":{"line":97,"column":null}},"type":"switch","locations":[{"start":{"line":57,"column":6},"end":{"line":62,"column":null}},{"start":{"line":63,"column":6},"end":{"line":69,"column":null}},{"start":{"line":70,"column":6},"end":{"line":75,"column":null}},{"start":{"line":76,"column":6},"end":{"line":82,"column":null}},{"start":{"line":83,"column":6},"end":{"line":89,"column":null}},{"start":{"line":90,"column":6},"end":{"line":96,"column":null}}],"line":56},"4":{"loc":{"start":{"line":58,"column":8},"end":{"line":60,"column":null}},"type":"if","locations":[{"start":{"line":58,"column":8},"end":{"line":60,"column":null}},{"start":{},"end":{}}],"line":58},"5":{"loc":{"start":{"line":65,"column":8},"end":{"line":67,"column":null}},"type":"if","locations":[{"start":{"line":65,"column":8},"end":{"line":67,"column":null}},{"start":{},"end":{}}],"line":65},"6":{"loc":{"start":{"line":71,"column":8},"end":{"line":73,"column":null}},"type":"if","locations":[{"start":{"line":71,"column":8},"end":{"line":73,"column":null}},{"start":{},"end":{}}],"line":71},"7":{"loc":{"start":{"line":78,"column":8},"end":{"line":80,"column":null}},"type":"if","locations":[{"start":{"line":78,"column":8},"end":{"line":80,"column":null}},{"start":{},"end":{}}],"line":78},"8":{"loc":{"start":{"line":85,"column":8},"end":{"line":87,"column":null}},"type":"if","locations":[{"start":{"line":85,"column":8},"end":{"line":87,"column":null}},{"start":{},"end":{}}],"line":85},"9":{"loc":{"start":{"line":92,"column":8},"end":{"line":94,"column":null}},"type":"if","locations":[{"start":{"line":92,"column":8},"end":{"line":94,"column":null}},{"start":{},"end":{}}],"line":92},"10":{"loc":{"start":{"line":130,"column":2},"end":{"line":132,"column":null}},"type":"if","locations":[{"start":{"line":130,"column":2},"end":{"line":132,"column":null}},{"start":{},"end":{}}],"line":130},"11":{"loc":{"start":{"line":134,"column":17},"end":{"line":134,"column":null}},"type":"cond-expr","locations":[{"start":{"line":134,"column":41},"end":{"line":134,"column":47}},{"start":{"line":134,"column":47},"end":{"line":134,"column":null}}],"line":134},"12":{"loc":{"start":{"line":135,"column":18},"end":{"line":135,"column":null}},"type":"cond-expr","locations":[{"start":{"line":135,"column":42},"end":{"line":135,"column":48}},{"start":{"line":135,"column":48},"end":{"line":135,"column":null}}],"line":135},"13":{"loc":{"start":{"line":155,"column":4},"end":{"line":157,"column":null}},"type":"if","locations":[{"start":{"line":155,"column":4},"end":{"line":157,"column":null}},{"start":{},"end":{}}],"line":155},"14":{"loc":{"start":{"line":156,"column":25},"end":{"line":156,"column":78}},"type":"cond-expr","locations":[{"start":{"line":156,"column":49},"end":{"line":156,"column":65}},{"start":{"line":156,"column":65},"end":{"line":156,"column":78}}],"line":156}},"s":{"0":18,"1":18,"2":2,"3":16,"4":16,"5":16,"6":16,"7":1,"8":15,"9":18,"10":37,"11":18,"12":2,"13":16,"14":6,"15":5,"16":6,"17":2,"18":2,"19":1,"20":2,"21":2,"22":1,"23":2,"24":2,"25":2,"26":1,"27":2,"28":2,"29":2,"30":1,"31":2,"32":2,"33":2,"34":1,"35":2,"36":15,"37":10,"38":10,"39":26,"40":53,"41":26,"42":10,"43":3,"44":7,"45":10,"46":10,"47":15,"48":10,"49":10,"50":10,"51":10,"52":22,"53":10,"54":10,"55":10,"56":10,"57":8,"58":8,"59":8,"60":6,"61":8,"62":7},"f":{"0":18,"1":16,"2":18,"3":37,"4":10,"5":26,"6":53,"7":26,"8":15,"9":22},"b":{"0":[2,16],"1":[1,15],"2":[2,16],"3":[6,2,2,2,2,2],"4":[5,1],"5":[1,1],"6":[1,1],"7":[1,1],"8":[1,1],"9":[1,1],"10":[3,7],"11":[6,1],"12":[6,1],"13":[6,2],"14":[5,1]},"meta":{"lastBranch":15,"lastFunction":10,"lastStatement":63,"seen":{"f:34:16:34:Infinity":0,"s:39:17:39:Infinity":0,"b:40:2:42:Infinity:undefined:undefined:undefined:undefined":0,"s:40:2:42:Infinity":1,"s:41:4:41:Infinity":2,"s:44:33:44:Infinity":3,"s:45:17:45:Infinity":4,"f:45:24:45:29":1,"s:45:37:45:56":5,"b:46:2:48:Infinity:undefined:undefined:undefined:undefined":1,"s:46:2:48:Infinity":6,"s:47:4:47:Infinity":7,"s:50:2:98:Infinity":8,"f:50:10:50:18":2,"s:51:17:51:Infinity":9,"f:51:24:51:29":3,"s:51:38:51:52":10,"b:52:4:54:Infinity:undefined:undefined:undefined:undefined":2,"s:52:4:54:Infinity":11,"s:53:6:53:Infinity":12,"b:57:6:62:Infinity:63:6:69:Infinity:70:6:75:Infinity:76:6:82:Infinity:83:6:89:Infinity:90:6:96:Infinity":3,"s:56:4:97:Infinity":13,"b:58:8:60:Infinity:undefined:undefined:undefined:undefined":4,"s:58:8:60:Infinity":14,"s:59:10:59:Infinity":15,"s:61:8:61:Infinity":16,"s:64:24:64:Infinity":17,"b:65:8:67:Infinity:undefined:undefined:undefined:undefined":5,"s:65:8:67:Infinity":18,"s:66:10:66:Infinity":19,"s:68:8:68:Infinity":20,"b:71:8:73:Infinity:undefined:undefined:undefined:undefined":6,"s:71:8:73:Infinity":21,"s:72:10:72:Infinity":22,"s:74:8:74:Infinity":23,"s:77:24:77:Infinity":24,"b:78:8:80:Infinity:undefined:undefined:undefined:undefined":7,"s:78:8:80:Infinity":25,"s:79:10:79:Infinity":26,"s:81:8:81:Infinity":27,"s:84:24:84:Infinity":28,"b:85:8:87:Infinity:undefined:undefined:undefined:undefined":8,"s:85:8:87:Infinity":29,"s:86:10:86:Infinity":30,"s:88:8:88:Infinity":31,"s:91:24:91:Infinity":32,"b:92:8:94:Infinity:undefined:undefined:undefined:undefined":9,"s:92:8:94:Infinity":33,"s:93:10:93:Infinity":34,"s:95:8:95:Infinity":35,"s:100:2:100:Infinity":36,"f:119:16:119:Infinity":4,"s:124:17:124:Infinity":37,"s:126:16:128:Infinity":38,"f:127:5:127:9":5,"s:127:15:127:51":39,"f:127:22:127:27":6,"s:127:36:127:50":40,"f:128:5:128:13":7,"s:128:43:128:61":41,"b:130:2:132:Infinity:undefined:undefined:undefined:undefined":10,"s:130:2:132:Infinity":42,"s:131:4:131:Infinity":43,"s:134:17:134:Infinity":44,"b:134:41:134:47:134:47:134:Infinity":11,"s:135:18:135:Infinity":45,"b:135:42:135:48:135:48:135:Infinity":12,"s:136:17:136:Infinity":46,"f:136:28:136:34":8,"s:136:43:136:64":47,"s:138:16:138:Infinity":48,"s:139:15:139:Infinity":49,"s:140:16:140:Infinity":50,"s:141:20:141:Infinity":51,"f:141:27:141:35":9,"s:141:49:141:70":52,"s:149:8:149:Infinity":53,"s:151:15:151:Infinity":54,"s:152:2:159:Infinity":55,"s:152:14:152:17":56,"s:153:17:153:Infinity":57,"s:154:19:154:Infinity":58,"b:155:4:157:Infinity:undefined:undefined:undefined:undefined":13,"s:155:4:157:Infinity":59,"s:156:6:156:Infinity":60,"b:156:49:156:65:156:65:156:78":14,"s:158:4:158:Infinity":61,"s:161:2:161:Infinity":62},"fnNames":{}}}
,"C:\\gwinnem\\keystone-dashboard-layout\\packages\\core\\src\\gridlayout\\helpers\\alignment-helper.ts": {"path":"C:\\gwinnem\\keystone-dashboard-layout\\packages\\core\\src\\gridlayout\\helpers\\alignment-helper.ts","statementMap":{"0":{"start":{"line":39,"column":21},"end":{"line":39,"column":null}},"1":{"start":{"line":40,"column":22},"end":{"line":40,"column":null}},"2":{"start":{"line":41,"column":20},"end":{"line":41,"column":null}},"3":{"start":{"line":42,"column":23},"end":{"line":42,"column":null}},"4":{"start":{"line":44,"column":21},"end":{"line":44,"column":null}},"5":{"start":{"line":45,"column":21},"end":{"line":45,"column":null}},"6":{"start":{"line":47,"column":2},"end":{"line":67,"column":null}},"7":{"start":{"line":48,"column":20},"end":{"line":48,"column":43}},"8":{"start":{"line":50,"column":24},"end":{"line":50,"column":null}},"9":{"start":{"line":51,"column":25},"end":{"line":51,"column":null}},"10":{"start":{"line":52,"column":23},"end":{"line":52,"column":null}},"11":{"start":{"line":53,"column":26},"end":{"line":53,"column":null}},"12":{"start":{"line":55,"column":6},"end":{"line":57,"column":null}},"13":{"start":{"line":56,"column":8},"end":{"line":56,"column":null}},"14":{"start":{"line":58,"column":6},"end":{"line":60,"column":null}},"15":{"start":{"line":59,"column":8},"end":{"line":59,"column":null}},"16":{"start":{"line":61,"column":6},"end":{"line":63,"column":null}},"17":{"start":{"line":62,"column":8},"end":{"line":62,"column":null}},"18":{"start":{"line":64,"column":6},"end":{"line":66,"column":null}},"19":{"start":{"line":65,"column":8},"end":{"line":65,"column":null}},"20":{"start":{"line":69,"column":36},"end":{"line":69,"column":null}},"21":{"start":{"line":70,"column":2},"end":{"line":70,"column":null}},"22":{"start":{"line":70,"column":33},"end":{"line":70,"column":69}},"23":{"start":{"line":71,"column":2},"end":{"line":71,"column":null}},"24":{"start":{"line":71,"column":33},"end":{"line":71,"column":69}},"25":{"start":{"line":72,"column":2},"end":{"line":72,"column":null}},"26":{"start":{"line":115,"column":21},"end":{"line":115,"column":null}},"27":{"start":{"line":116,"column":22},"end":{"line":116,"column":null}},"28":{"start":{"line":117,"column":20},"end":{"line":117,"column":null}},"29":{"start":{"line":118,"column":23},"end":{"line":118,"column":null}},"30":{"start":{"line":120,"column":17},"end":{"line":120,"column":null}},"31":{"start":{"line":120,"column":39},"end":{"line":120,"column":62}},"32":{"start":{"line":121,"column":42},"end":{"line":121,"column":null}},"33":{"start":{"line":124,"column":2},"end":{"line":132,"column":null}},"34":{"start":{"line":125,"column":23},"end":{"line":125,"column":null}},"35":{"start":{"line":126,"column":21},"end":{"line":126,"column":null}},"36":{"start":{"line":127,"column":24},"end":{"line":127,"column":null}},"37":{"start":{"line":128,"column":22},"end":{"line":128,"column":null}},"38":{"start":{"line":129,"column":4},"end":{"line":131,"column":null}},"39":{"start":{"line":130,"column":6},"end":{"line":130,"column":null}},"40":{"start":{"line":133,"column":2},"end":{"line":135,"column":null}},"41":{"start":{"line":134,"column":4},"end":{"line":134,"column":null}},"42":{"start":{"line":138,"column":2},"end":{"line":146,"column":null}},"43":{"start":{"line":139,"column":22},"end":{"line":139,"column":null}},"44":{"start":{"line":140,"column":21},"end":{"line":140,"column":null}},"45":{"start":{"line":141,"column":24},"end":{"line":141,"column":null}},"46":{"start":{"line":142,"column":22},"end":{"line":142,"column":null}},"47":{"start":{"line":143,"column":4},"end":{"line":145,"column":null}},"48":{"start":{"line":144,"column":6},"end":{"line":144,"column":null}},"49":{"start":{"line":147,"column":2},"end":{"line":149,"column":null}},"50":{"start":{"line":148,"column":4},"end":{"line":148,"column":null}},"51":{"start":{"line":152,"column":2},"end":{"line":160,"column":null}},"52":{"start":{"line":153,"column":24},"end":{"line":153,"column":null}},"53":{"start":{"line":154,"column":22},"end":{"line":154,"column":null}},"54":{"start":{"line":155,"column":23},"end":{"line":155,"column":null}},"55":{"start":{"line":156,"column":22},"end":{"line":156,"column":null}},"56":{"start":{"line":157,"column":4},"end":{"line":159,"column":null}},"57":{"start":{"line":158,"column":6},"end":{"line":158,"column":null}},"58":{"start":{"line":161,"column":2},"end":{"line":163,"column":null}},"59":{"start":{"line":162,"column":4},"end":{"line":162,"column":null}},"60":{"start":{"line":166,"column":2},"end":{"line":174,"column":null}},"61":{"start":{"line":167,"column":21},"end":{"line":167,"column":null}},"62":{"start":{"line":168,"column":22},"end":{"line":168,"column":null}},"63":{"start":{"line":169,"column":23},"end":{"line":169,"column":null}},"64":{"start":{"line":170,"column":22},"end":{"line":170,"column":null}},"65":{"start":{"line":171,"column":4},"end":{"line":173,"column":null}},"66":{"start":{"line":172,"column":6},"end":{"line":172,"column":null}},"67":{"start":{"line":175,"column":2},"end":{"line":177,"column":null}},"68":{"start":{"line":176,"column":4},"end":{"line":176,"column":null}},"69":{"start":{"line":179,"column":2},"end":{"line":179,"column":null}},"70":{"start":{"line":209,"column":2},"end":{"line":211,"column":null}},"71":{"start":{"line":210,"column":4},"end":{"line":210,"column":null}},"72":{"start":{"line":213,"column":21},"end":{"line":213,"column":null}},"73":{"start":{"line":214,"column":22},"end":{"line":214,"column":null}},"74":{"start":{"line":215,"column":20},"end":{"line":215,"column":null}},"75":{"start":{"line":216,"column":23},"end":{"line":216,"column":null}},"76":{"start":{"line":218,"column":22},"end":{"line":218,"column":null}},"77":{"start":{"line":220,"column":22},"end":{"line":220,"column":null}},"78":{"start":{"line":223,"column":2},"end":{"line":261,"column":null}},"79":{"start":{"line":224,"column":20},"end":{"line":224,"column":43}},"80":{"start":{"line":226,"column":24},"end":{"line":226,"column":null}},"81":{"start":{"line":227,"column":25},"end":{"line":227,"column":null}},"82":{"start":{"line":228,"column":23},"end":{"line":228,"column":null}},"83":{"start":{"line":229,"column":26},"end":{"line":229,"column":null}},"84":{"start":{"line":236,"column":6},"end":{"line":247,"column":null}},"85":{"start":{"line":237,"column":89},"end":{"line":237,"column":96}},"86":{"start":{"line":238,"column":90},"end":{"line":238,"column":97}},"87":{"start":{"line":239,"column":90},"end":{"line":239,"column":112}},"88":{"start":{"line":240,"column":91},"end":{"line":240,"column":113}},"89":{"start":{"line":242,"column":25},"end":{"line":242,"column":null}},"90":{"start":{"line":243,"column":8},"end":{"line":246,"column":null}},"91":{"start":{"line":244,"column":10},"end":{"line":244,"column":null}},"92":{"start":{"line":245,"column":10},"end":{"line":245,"column":null}},"93":{"start":{"line":249,"column":6},"end":{"line":260,"column":null}},"94":{"start":{"line":250,"column":87},"end":{"line":250,"column":94}},"95":{"start":{"line":251,"column":90},"end":{"line":251,"column":97}},"96":{"start":{"line":252,"column":90},"end":{"line":252,"column":112}},"97":{"start":{"line":253,"column":93},"end":{"line":253,"column":115}},"98":{"start":{"line":255,"column":25},"end":{"line":255,"column":null}},"99":{"start":{"line":256,"column":8},"end":{"line":259,"column":null}},"100":{"start":{"line":257,"column":10},"end":{"line":257,"column":null}},"101":{"start":{"line":258,"column":10},"end":{"line":258,"column":null}},"102":{"start":{"line":263,"column":45},"end":{"line":263,"column":null}},"103":{"start":{"line":264,"column":2},"end":{"line":266,"column":null}},"104":{"start":{"line":265,"column":4},"end":{"line":265,"column":null}},"105":{"start":{"line":267,"column":2},"end":{"line":269,"column":null}},"106":{"start":{"line":268,"column":4},"end":{"line":268,"column":null}},"107":{"start":{"line":270,"column":2},"end":{"line":270,"column":null}}},"fnMap":{"0":{"name":"findAlignmentGuides","decl":{"start":{"line":38,"column":16},"end":{"line":38,"column":36}},"loc":{"start":{"line":38,"column":97},"end":{"line":73,"column":null}},"line":38},"1":{"name":"(anonymous_1)","decl":{"start":{"line":48,"column":5},"end":{"line":48,"column":12}},"loc":{"start":{"line":48,"column":20},"end":{"line":48,"column":43}},"line":48},"2":{"name":"(anonymous_2)","decl":{"start":{"line":49,"column":5},"end":{"line":49,"column":13}},"loc":{"start":{"line":49,"column":21},"end":{"line":67,"column":5}},"line":49},"3":{"name":"(anonymous_3)","decl":{"start":{"line":70,"column":13},"end":{"line":70,"column":21}},"loc":{"start":{"line":70,"column":33},"end":{"line":70,"column":69}},"line":70},"4":{"name":"(anonymous_4)","decl":{"start":{"line":71,"column":13},"end":{"line":71,"column":21}},"loc":{"start":{"line":71,"column":33},"end":{"line":71,"column":69}},"line":71},"5":{"name":"findSpacingIndicators","decl":{"start":{"line":114,"column":16},"end":{"line":114,"column":38}},"loc":{"start":{"line":114,"column":101},"end":{"line":180,"column":null}},"line":114},"6":{"name":"(anonymous_6)","decl":{"start":{"line":120,"column":24},"end":{"line":120,"column":31}},"loc":{"start":{"line":120,"column":39},"end":{"line":120,"column":62}},"line":120},"7":{"name":"(anonymous_7)","decl":{"start":{"line":124,"column":9},"end":{"line":124,"column":17}},"loc":{"start":{"line":124,"column":25},"end":{"line":132,"column":3}},"line":124},"8":{"name":"(anonymous_8)","decl":{"start":{"line":138,"column":9},"end":{"line":138,"column":17}},"loc":{"start":{"line":138,"column":25},"end":{"line":146,"column":3}},"line":138},"9":{"name":"(anonymous_9)","decl":{"start":{"line":152,"column":9},"end":{"line":152,"column":17}},"loc":{"start":{"line":152,"column":25},"end":{"line":160,"column":3}},"line":152},"10":{"name":"(anonymous_10)","decl":{"start":{"line":166,"column":9},"end":{"line":166,"column":17}},"loc":{"start":{"line":166,"column":25},"end":{"line":174,"column":3}},"line":166},"11":{"name":"findSnapAdjustment","decl":{"start":{"line":204,"column":16},"end":{"line":204,"column":null}},"loc":{"start":{"line":208,"column":30},"end":{"line":271,"column":null}},"line":208},"12":{"name":"(anonymous_12)","decl":{"start":{"line":224,"column":5},"end":{"line":224,"column":12}},"loc":{"start":{"line":224,"column":20},"end":{"line":224,"column":43}},"line":224},"13":{"name":"(anonymous_13)","decl":{"start":{"line":225,"column":5},"end":{"line":225,"column":13}},"loc":{"start":{"line":225,"column":21},"end":{"line":261,"column":5}},"line":225},"14":{"name":"(anonymous_14)","decl":{"start":{"line":237,"column":56},"end":{"line":237,"column":62}},"loc":{"start":{"line":237,"column":89},"end":{"line":237,"column":96}},"line":237},"15":{"name":"(anonymous_15)","decl":{"start":{"line":238,"column":57},"end":{"line":238,"column":63}},"loc":{"start":{"line":238,"column":90},"end":{"line":238,"column":97}},"line":238},"16":{"name":"(anonymous_16)","decl":{"start":{"line":239,"column":57},"end":{"line":239,"column":63}},"loc":{"start":{"line":239,"column":90},"end":{"line":239,"column":112}},"line":239},"17":{"name":"(anonymous_17)","decl":{"start":{"line":240,"column":58},"end":{"line":240,"column":64}},"loc":{"start":{"line":240,"column":91},"end":{"line":240,"column":113}},"line":240},"18":{"name":"(anonymous_18)","decl":{"start":{"line":241,"column":8},"end":{"line":241,"column":17}},"loc":{"start":{"line":241,"column":52},"end":{"line":247,"column":7}},"line":241},"19":{"name":"(anonymous_19)","decl":{"start":{"line":250,"column":54},"end":{"line":250,"column":60}},"loc":{"start":{"line":250,"column":87},"end":{"line":250,"column":94}},"line":250},"20":{"name":"(anonymous_20)","decl":{"start":{"line":251,"column":57},"end":{"line":251,"column":63}},"loc":{"start":{"line":251,"column":90},"end":{"line":251,"column":97}},"line":251},"21":{"name":"(anonymous_21)","decl":{"start":{"line":252,"column":57},"end":{"line":252,"column":63}},"loc":{"start":{"line":252,"column":90},"end":{"line":252,"column":112}},"line":252},"22":{"name":"(anonymous_22)","decl":{"start":{"line":253,"column":60},"end":{"line":253,"column":66}},"loc":{"start":{"line":253,"column":93},"end":{"line":253,"column":115}},"line":253},"23":{"name":"(anonymous_23)","decl":{"start":{"line":254,"column":8},"end":{"line":254,"column":17}},"loc":{"start":{"line":254,"column":52},"end":{"line":260,"column":7}},"line":254}},"branchMap":{"0":{"loc":{"start":{"line":55,"column":6},"end":{"line":57,"column":null}},"type":"if","locations":[{"start":{"line":55,"column":6},"end":{"line":57,"column":null}},{"start":{},"end":{}}],"line":55},"1":{"loc":{"start":{"line":55,"column":9},"end":{"line":55,"column":64}},"type":"binary-expr","locations":[{"start":{"line":55,"column":9},"end":{"line":55,"column":37}},{"start":{"line":55,"column":37},"end":{"line":55,"column":64}}],"line":55},"2":{"loc":{"start":{"line":58,"column":6},"end":{"line":60,"column":null}},"type":"if","locations":[{"start":{"line":58,"column":6},"end":{"line":60,"column":null}},{"start":{},"end":{}}],"line":58},"3":{"loc":{"start":{"line":58,"column":9},"end":{"line":58,"column":66}},"type":"binary-expr","locations":[{"start":{"line":58,"column":9},"end":{"line":58,"column":38}},{"start":{"line":58,"column":38},"end":{"line":58,"column":66}}],"line":58},"4":{"loc":{"start":{"line":61,"column":6},"end":{"line":63,"column":null}},"type":"if","locations":[{"start":{"line":61,"column":6},"end":{"line":63,"column":null}},{"start":{},"end":{}}],"line":61},"5":{"loc":{"start":{"line":61,"column":9},"end":{"line":61,"column":62}},"type":"binary-expr","locations":[{"start":{"line":61,"column":9},"end":{"line":61,"column":35}},{"start":{"line":61,"column":35},"end":{"line":61,"column":62}}],"line":61},"6":{"loc":{"start":{"line":64,"column":6},"end":{"line":66,"column":null}},"type":"if","locations":[{"start":{"line":64,"column":6},"end":{"line":66,"column":null}},{"start":{},"end":{}}],"line":64},"7":{"loc":{"start":{"line":64,"column":9},"end":{"line":64,"column":68}},"type":"binary-expr","locations":[{"start":{"line":64,"column":9},"end":{"line":64,"column":38}},{"start":{"line":64,"column":38},"end":{"line":64,"column":68}}],"line":64},"8":{"loc":{"start":{"line":128,"column":22},"end":{"line":128,"column":null}},"type":"binary-expr","locations":[{"start":{"line":128,"column":22},"end":{"line":128,"column":49}},{"start":{"line":128,"column":49},"end":{"line":128,"column":null}}],"line":128},"9":{"loc":{"start":{"line":129,"column":4},"end":{"line":131,"column":null}},"type":"if","locations":[{"start":{"line":129,"column":4},"end":{"line":131,"column":null}},{"start":{},"end":{}}],"line":129},"10":{"loc":{"start":{"line":129,"column":7},"end":{"line":129,"column":99}},"type":"binary-expr","locations":[{"start":{"line":129,"column":7},"end":{"line":129,"column":20}},{"start":{"line":129,"column":20},"end":{"line":129,"column":49}},{"start":{"line":129,"column":49},"end":{"line":129,"column":75}},{"start":{"line":129,"column":75},"end":{"line":129,"column":99}}],"line":129},"11":{"loc":{"start":{"line":133,"column":2},"end":{"line":135,"column":null}},"type":"if","locations":[{"start":{"line":133,"column":2},"end":{"line":135,"column":null}},{"start":{},"end":{}}],"line":133},"12":{"loc":{"start":{"line":133,"column":5},"end":{"line":133,"column":54}},"type":"binary-expr","locations":[{"start":{"line":133,"column":5},"end":{"line":133,"column":31}},{"start":{"line":133,"column":31},"end":{"line":133,"column":54}}],"line":133},"13":{"loc":{"start":{"line":142,"column":22},"end":{"line":142,"column":null}},"type":"binary-expr","locations":[{"start":{"line":142,"column":22},"end":{"line":142,"column":49}},{"start":{"line":142,"column":49},"end":{"line":142,"column":null}}],"line":142},"14":{"loc":{"start":{"line":143,"column":4},"end":{"line":145,"column":null}},"type":"if","locations":[{"start":{"line":143,"column":4},"end":{"line":145,"column":null}},{"start":{},"end":{}}],"line":143},"15":{"loc":{"start":{"line":143,"column":7},"end":{"line":143,"column":100}},"type":"binary-expr","locations":[{"start":{"line":143,"column":7},"end":{"line":143,"column":20}},{"start":{"line":143,"column":20},"end":{"line":143,"column":49}},{"start":{"line":143,"column":49},"end":{"line":143,"column":76}},{"start":{"line":143,"column":76},"end":{"line":143,"column":100}}],"line":143},"16":{"loc":{"start":{"line":147,"column":2},"end":{"line":149,"column":null}},"type":"if","locations":[{"start":{"line":147,"column":2},"end":{"line":149,"column":null}},{"start":{},"end":{}}],"line":147},"17":{"loc":{"start":{"line":147,"column":5},"end":{"line":147,"column":57}},"type":"binary-expr","locations":[{"start":{"line":147,"column":5},"end":{"line":147,"column":32}},{"start":{"line":147,"column":32},"end":{"line":147,"column":57}}],"line":147},"18":{"loc":{"start":{"line":156,"column":22},"end":{"line":156,"column":null}},"type":"binary-expr","locations":[{"start":{"line":156,"column":22},"end":{"line":156,"column":49}},{"start":{"line":156,"column":49},"end":{"line":156,"column":null}}],"line":156},"19":{"loc":{"start":{"line":157,"column":4},"end":{"line":159,"column":null}},"type":"if","locations":[{"start":{"line":157,"column":4},"end":{"line":159,"column":null}},{"start":{},"end":{}}],"line":157},"20":{"loc":{"start":{"line":157,"column":7},"end":{"line":157,"column":98}},"type":"binary-expr","locations":[{"start":{"line":157,"column":7},"end":{"line":157,"column":20}},{"start":{"line":157,"column":20},"end":{"line":157,"column":49}},{"start":{"line":157,"column":49},"end":{"line":157,"column":74}},{"start":{"line":157,"column":74},"end":{"line":157,"column":98}}],"line":157},"21":{"loc":{"start":{"line":161,"column":2},"end":{"line":163,"column":null}},"type":"if","locations":[{"start":{"line":161,"column":2},"end":{"line":163,"column":null}},{"start":{},"end":{}}],"line":161},"22":{"loc":{"start":{"line":161,"column":5},"end":{"line":161,"column":51}},"type":"binary-expr","locations":[{"start":{"line":161,"column":5},"end":{"line":161,"column":30}},{"start":{"line":161,"column":30},"end":{"line":161,"column":51}}],"line":161},"23":{"loc":{"start":{"line":170,"column":22},"end":{"line":170,"column":null}},"type":"binary-expr","locations":[{"start":{"line":170,"column":22},"end":{"line":170,"column":49}},{"start":{"line":170,"column":49},"end":{"line":170,"column":null}}],"line":170},"24":{"loc":{"start":{"line":171,"column":4},"end":{"line":173,"column":null}},"type":"if","locations":[{"start":{"line":171,"column":4},"end":{"line":173,"column":null}},{"start":{},"end":{}}],"line":171},"25":{"loc":{"start":{"line":171,"column":7},"end":{"line":171,"column":101}},"type":"binary-expr","locations":[{"start":{"line":171,"column":7},"end":{"line":171,"column":20}},{"start":{"line":171,"column":20},"end":{"line":171,"column":49}},{"start":{"line":171,"column":49},"end":{"line":171,"column":77}},{"start":{"line":171,"column":77},"end":{"line":171,"column":101}}],"line":171},"26":{"loc":{"start":{"line":175,"column":2},"end":{"line":177,"column":null}},"type":"if","locations":[{"start":{"line":175,"column":2},"end":{"line":177,"column":null}},{"start":{},"end":{}}],"line":175},"27":{"loc":{"start":{"line":175,"column":5},"end":{"line":175,"column":60}},"type":"binary-expr","locations":[{"start":{"line":175,"column":5},"end":{"line":175,"column":33}},{"start":{"line":175,"column":33},"end":{"line":175,"column":60}}],"line":175},"28":{"loc":{"start":{"line":209,"column":2},"end":{"line":211,"column":null}},"type":"if","locations":[{"start":{"line":209,"column":2},"end":{"line":211,"column":null}},{"start":{},"end":{}}],"line":209},"29":{"loc":{"start":{"line":243,"column":8},"end":{"line":246,"column":null}},"type":"if","locations":[{"start":{"line":243,"column":8},"end":{"line":246,"column":null}},{"start":{},"end":{}}],"line":243},"30":{"loc":{"start":{"line":243,"column":11},"end":{"line":243,"column":62}},"type":"binary-expr","locations":[{"start":{"line":243,"column":11},"end":{"line":243,"column":36}},{"start":{"line":243,"column":36},"end":{"line":243,"column":62}}],"line":243},"31":{"loc":{"start":{"line":256,"column":8},"end":{"line":259,"column":null}},"type":"if","locations":[{"start":{"line":256,"column":8},"end":{"line":259,"column":null}},{"start":{},"end":{}}],"line":256},"32":{"loc":{"start":{"line":256,"column":11},"end":{"line":256,"column":62}},"type":"binary-expr","locations":[{"start":{"line":256,"column":11},"end":{"line":256,"column":36}},{"start":{"line":256,"column":36},"end":{"line":256,"column":62}}],"line":256},"33":{"loc":{"start":{"line":264,"column":2},"end":{"line":266,"column":null}},"type":"if","locations":[{"start":{"line":264,"column":2},"end":{"line":266,"column":null}},{"start":{},"end":{}}],"line":264},"34":{"loc":{"start":{"line":267,"column":2},"end":{"line":269,"column":null}},"type":"if","locations":[{"start":{"line":267,"column":2},"end":{"line":269,"column":null}},{"start":{},"end":{}}],"line":267}},"s":{"0":10,"1":10,"2":10,"3":10,"4":10,"5":10,"6":10,"7":18,"8":9,"9":9,"10":9,"11":9,"12":9,"13":5,"14":9,"15":4,"16":9,"17":1,"18":9,"19":2,"20":10,"21":10,"22":8,"23":10,"24":3,"25":10,"26":25,"27":25,"28":25,"29":25,"30":25,"31":54,"32":25,"33":25,"34":30,"35":30,"36":30,"37":30,"38":30,"39":5,"40":25,"41":3,"42":25,"43":30,"44":30,"45":30,"46":30,"47":30,"48":4,"49":25,"50":3,"51":25,"52":30,"53":30,"54":30,"55":30,"56":30,"57":4,"58":25,"59":3,"60":25,"61":30,"62":30,"63":30,"64":30,"65":30,"66":4,"67":25,"68":3,"69":25,"70":15,"71":1,"72":14,"73":14,"74":14,"75":14,"76":14,"77":14,"78":14,"79":29,"80":15,"81":15,"82":15,"83":15,"84":15,"85":4,"86":7,"87":1,"88":1,"89":60,"90":60,"91":13,"92":13,"93":15,"94":1,"95":10,"96":1,"97":1,"98":60,"99":60,"100":13,"101":13,"102":14,"103":14,"104":11,"105":14,"106":13,"107":14},"f":{"0":10,"1":18,"2":9,"3":8,"4":3,"5":25,"6":54,"7":30,"8":30,"9":30,"10":30,"11":15,"12":29,"13":15,"14":4,"15":7,"16":1,"17":1,"18":60,"19":1,"20":10,"21":1,"22":1,"23":60},"b":{"0":[5,4],"1":[9,5],"2":[4,5],"3":[9,9],"4":[1,8],"5":[9,8],"6":[2,7],"7":[9,9],"8":[30,20],"9":[5,25],"10":[30,9,5,1],"11":[3,22],"12":[25,4],"13":[30,20],"14":[4,26],"15":[30,9,4,1],"16":[3,22],"17":[25,3],"18":[30,21],"19":[4,26],"20":[30,8,4,1],"21":[3,22],"22":[25,3],"23":[30,21],"24":[4,26],"25":[30,8,4,1],"26":[3,22],"27":[25,3],"28":[1,14],"29":[13,47],"30":[60,22],"31":[13,47],"32":[60,14],"33":[11,3],"34":[13,1]},"meta":{"lastBranch":35,"lastFunction":24,"lastStatement":108,"seen":{"f:38:16:38:36":0,"s:39:21:39:Infinity":0,"s:40:22:40:Infinity":1,"s:41:20:41:Infinity":2,"s:42:23:42:Infinity":3,"s:44:21:44:Infinity":4,"s:45:21:45:Infinity":5,"s:47:2:67:Infinity":6,"f:48:5:48:12":1,"s:48:20:48:43":7,"f:49:5:49:13":2,"s:50:24:50:Infinity":8,"s:51:25:51:Infinity":9,"s:52:23:52:Infinity":10,"s:53:26:53:Infinity":11,"b:55:6:57:Infinity:undefined:undefined:undefined:undefined":0,"s:55:6:57:Infinity":12,"b:55:9:55:37:55:37:55:64":1,"s:56:8:56:Infinity":13,"b:58:6:60:Infinity:undefined:undefined:undefined:undefined":2,"s:58:6:60:Infinity":14,"b:58:9:58:38:58:38:58:66":3,"s:59:8:59:Infinity":15,"b:61:6:63:Infinity:undefined:undefined:undefined:undefined":4,"s:61:6:63:Infinity":16,"b:61:9:61:35:61:35:61:62":5,"s:62:8:62:Infinity":17,"b:64:6:66:Infinity:undefined:undefined:undefined:undefined":6,"s:64:6:66:Infinity":18,"b:64:9:64:38:64:38:64:68":7,"s:65:8:65:Infinity":19,"s:69:36:69:Infinity":20,"s:70:2:70:Infinity":21,"f:70:13:70:21":3,"s:70:33:70:69":22,"s:71:2:71:Infinity":23,"f:71:13:71:21":4,"s:71:33:71:69":24,"s:72:2:72:Infinity":25,"f:114:16:114:38":5,"s:115:21:115:Infinity":26,"s:116:22:116:Infinity":27,"s:117:20:117:Infinity":28,"s:118:23:118:Infinity":29,"s:120:17:120:Infinity":30,"f:120:24:120:31":6,"s:120:39:120:62":31,"s:121:42:121:Infinity":32,"s:124:2:132:Infinity":33,"f:124:9:124:17":7,"s:125:23:125:Infinity":34,"s:126:21:126:Infinity":35,"s:127:24:127:Infinity":36,"s:128:22:128:Infinity":37,"b:128:22:128:49:128:49:128:Infinity":8,"b:129:4:131:Infinity:undefined:undefined:undefined:undefined":9,"s:129:4:131:Infinity":38,"b:129:7:129:20:129:20:129:49:129:49:129:75:129:75:129:99":10,"s:130:6:130:Infinity":39,"b:133:2:135:Infinity:undefined:undefined:undefined:undefined":11,"s:133:2:135:Infinity":40,"b:133:5:133:31:133:31:133:54":12,"s:134:4:134:Infinity":41,"s:138:2:146:Infinity":42,"f:138:9:138:17":8,"s:139:22:139:Infinity":43,"s:140:21:140:Infinity":44,"s:141:24:141:Infinity":45,"s:142:22:142:Infinity":46,"b:142:22:142:49:142:49:142:Infinity":13,"b:143:4:145:Infinity:undefined:undefined:undefined:undefined":14,"s:143:4:145:Infinity":47,"b:143:7:143:20:143:20:143:49:143:49:143:76:143:76:143:100":15,"s:144:6:144:Infinity":48,"b:147:2:149:Infinity:undefined:undefined:undefined:undefined":16,"s:147:2:149:Infinity":49,"b:147:5:147:32:147:32:147:57":17,"s:148:4:148:Infinity":50,"s:152:2:160:Infinity":51,"f:152:9:152:17":9,"s:153:24:153:Infinity":52,"s:154:22:154:Infinity":53,"s:155:23:155:Infinity":54,"s:156:22:156:Infinity":55,"b:156:22:156:49:156:49:156:Infinity":18,"b:157:4:159:Infinity:undefined:undefined:undefined:undefined":19,"s:157:4:159:Infinity":56,"b:157:7:157:20:157:20:157:49:157:49:157:74:157:74:157:98":20,"s:158:6:158:Infinity":57,"b:161:2:163:Infinity:undefined:undefined:undefined:undefined":21,"s:161:2:163:Infinity":58,"b:161:5:161:30:161:30:161:51":22,"s:162:4:162:Infinity":59,"s:166:2:174:Infinity":60,"f:166:9:166:17":10,"s:167:21:167:Infinity":61,"s:168:22:168:Infinity":62,"s:169:23:169:Infinity":63,"s:170:22:170:Infinity":64,"b:170:22:170:49:170:49:170:Infinity":23,"b:171:4:173:Infinity:undefined:undefined:undefined:undefined":24,"s:171:4:173:Infinity":65,"b:171:7:171:20:171:20:171:49:171:49:171:77:171:77:171:101":25,"s:172:6:172:Infinity":66,"b:175:2:177:Infinity:undefined:undefined:undefined:undefined":26,"s:175:2:177:Infinity":67,"b:175:5:175:33:175:33:175:60":27,"s:176:4:176:Infinity":68,"s:179:2:179:Infinity":69,"f:204:16:204:Infinity":11,"b:209:2:211:Infinity:undefined:undefined:undefined:undefined":28,"s:209:2:211:Infinity":70,"s:210:4:210:Infinity":71,"s:213:21:213:Infinity":72,"s:214:22:214:Infinity":73,"s:215:20:215:Infinity":74,"s:216:23:216:Infinity":75,"s:218:22:218:Infinity":76,"s:220:22:220:Infinity":77,"s:223:2:261:Infinity":78,"f:224:5:224:12":12,"s:224:20:224:43":79,"f:225:5:225:13":13,"s:226:24:226:Infinity":80,"s:227:25:227:Infinity":81,"s:228:23:228:Infinity":82,"s:229:26:229:Infinity":83,"s:236:6:247:Infinity":84,"f:237:56:237:62":14,"s:237:89:237:96":85,"f:238:57:238:63":15,"s:238:90:238:97":86,"f:239:57:239:63":16,"s:239:90:239:112":87,"f:240:58:240:64":17,"s:240:91:240:113":88,"f:241:8:241:17":18,"s:242:25:242:Infinity":89,"b:243:8:246:Infinity:undefined:undefined:undefined:undefined":29,"s:243:8:246:Infinity":90,"b:243:11:243:36:243:36:243:62":30,"s:244:10:244:Infinity":91,"s:245:10:245:Infinity":92,"s:249:6:260:Infinity":93,"f:250:54:250:60":19,"s:250:87:250:94":94,"f:251:57:251:63":20,"s:251:90:251:97":95,"f:252:57:252:63":21,"s:252:90:252:112":96,"f:253:60:253:66":22,"s:253:93:253:115":97,"f:254:8:254:17":23,"s:255:25:255:Infinity":98,"b:256:8:259:Infinity:undefined:undefined:undefined:undefined":31,"s:256:8:259:Infinity":99,"b:256:11:256:36:256:36:256:62":32,"s:257:10:257:Infinity":100,"s:258:10:258:Infinity":101,"s:263:45:263:Infinity":102,"b:264:2:266:Infinity:undefined:undefined:undefined:undefined":33,"s:264:2:266:Infinity":103,"s:265:4:265:Infinity":104,"b:267:2:269:Infinity:undefined:undefined:undefined:undefined":34,"s:267:2:269:Infinity":105,"s:268:4:268:Infinity":106,"s:270:2:270:Infinity":107},"fnNames":{}}}
,"C:\\gwinnem\\keystone-dashboard-layout\\packages\\core\\src\\gridlayout\\helpers\\bin-pack-helper.ts": {"path":"C:\\gwinnem\\keystone-dashboard-layout\\packages\\core\\src\\gridlayout\\helpers\\bin-pack-helper.ts","statementMap":{"0":{"start":{"line":44,"column":15},"end":{"line":44,"column":null}},"1":{"start":{"line":44,"column":44},"end":{"line":44,"column":76}},"2":{"start":{"line":45,"column":2},"end":{"line":52,"column":null}},"3":{"start":{"line":45,"column":14},"end":{"line":45,"column":17}},"4":{"start":{"line":46,"column":4},"end":{"line":51,"column":null}},"5":{"start":{"line":46,"column":16},"end":{"line":46,"column":19}},"6":{"start":{"line":47,"column":24},"end":{"line":47,"column":null}},"7":{"start":{"line":48,"column":6},"end":{"line":50,"column":null}},"8":{"start":{"line":48,"column":30},"end":{"line":48,"column":55}},"9":{"start":{"line":49,"column":8},"end":{"line":49,"column":null}},"10":{"start":{"line":53,"column":2},"end":{"line":53,"column":null}}},"fnMap":{"0":{"name":"findFirstFitSlot","decl":{"start":{"line":43,"column":16},"end":{"line":43,"column":33}},"loc":{"start":{"line":43,"column":114},"end":{"line":54,"column":null}},"line":43},"1":{"name":"(anonymous_1)","decl":{"start":{"line":44,"column":22},"end":{"line":44,"column":30}},"loc":{"start":{"line":44,"column":44},"end":{"line":44,"column":76}},"line":44},"2":{"name":"(anonymous_2)","decl":{"start":{"line":48,"column":17},"end":{"line":48,"column":22}},"loc":{"start":{"line":48,"column":30},"end":{"line":48,"column":55}},"line":48}},"branchMap":{"0":{"loc":{"start":{"line":48,"column":6},"end":{"line":50,"column":null}},"type":"if","locations":[{"start":{"line":48,"column":6},"end":{"line":50,"column":null}},{"start":{},"end":{}}],"line":48}},"s":{"0":7,"1":9,"2":7,"3":7,"4":13,"5":13,"6":75,"7":75,"8":81,"9":7,"10":6},"f":{"0":7,"1":9,"2":81},"b":{"0":[7,68]},"meta":{"lastBranch":1,"lastFunction":3,"lastStatement":11,"seen":{"f:43:16:43:33":0,"s:44:15:44:Infinity":0,"f:44:22:44:30":1,"s:44:44:44:76":1,"s:45:2:52:Infinity":2,"s:45:14:45:17":3,"s:46:4:51:Infinity":4,"s:46:16:46:19":5,"s:47:24:47:Infinity":6,"b:48:6:50:Infinity:undefined:undefined:undefined:undefined":0,"s:48:6:50:Infinity":7,"f:48:17:48:22":2,"s:48:30:48:55":8,"s:49:8:49:Infinity":9,"s:53:2:53:Infinity":10},"fnNames":{}}}
,"C:\\gwinnem\\keystone-dashboard-layout\\packages\\core\\src\\gridlayout\\helpers\\collision-helper.ts": {"path":"C:\\gwinnem\\keystone-dashboard-layout\\packages\\core\\src\\gridlayout\\helpers\\collision-helper.ts","statementMap":{"0":{"start":{"line":10,"column":2},"end":{"line":12,"column":null}},"1":{"start":{"line":11,"column":4},"end":{"line":11,"column":null}},"2":{"start":{"line":14,"column":2},"end":{"line":14,"column":null}},"3":{"start":{"line":14,"column":16},"end":{"line":14,"column":null}},"4":{"start":{"line":15,"column":2},"end":{"line":15,"column":null}},"5":{"start":{"line":15,"column":26},"end":{"line":15,"column":null}},"6":{"start":{"line":16,"column":2},"end":{"line":16,"column":null}},"7":{"start":{"line":16,"column":26},"end":{"line":16,"column":null}},"8":{"start":{"line":17,"column":2},"end":{"line":17,"column":null}},"9":{"start":{"line":17,"column":26},"end":{"line":17,"column":null}},"10":{"start":{"line":18,"column":2},"end":{"line":18,"column":null}},"11":{"start":{"line":18,"column":26},"end":{"line":18,"column":null}},"12":{"start":{"line":19,"column":2},"end":{"line":19,"column":null}},"13":{"start":{"line":33,"column":2},"end":{"line":35,"column":null}},"14":{"start":{"line":34,"column":4},"end":{"line":34,"column":null}},"15":{"start":{"line":36,"column":2},"end":{"line":36,"column":null}},"16":{"start":{"line":36,"column":28},"end":{"line":36,"column":51}},"17":{"start":{"line":50,"column":2},"end":{"line":52,"column":null}},"18":{"start":{"line":51,"column":4},"end":{"line":51,"column":null}},"19":{"start":{"line":57,"column":2},"end":{"line":61,"column":null}},"20":{"start":{"line":57,"column":14},"end":{"line":57,"column":17}},"21":{"start":{"line":57,"column":23},"end":{"line":57,"column":38}},"22":{"start":{"line":58,"column":4},"end":{"line":60,"column":null}},"23":{"start":{"line":59,"column":6},"end":{"line":59,"column":null}},"24":{"start":{"line":62,"column":2},"end":{"line":62,"column":null}}},"fnMap":{"0":{"name":"collides","decl":{"start":{"line":9,"column":16},"end":{"line":9,"column":25}},"loc":{"start":{"line":9,"column":68},"end":{"line":20,"column":null}},"line":9},"1":{"name":"getAllCollisions","decl":{"start":{"line":32,"column":16},"end":{"line":32,"column":33}},"loc":{"start":{"line":32,"column":90},"end":{"line":37,"column":null}},"line":32},"2":{"name":"(anonymous_2)","decl":{"start":{"line":36,"column":16},"end":{"line":36,"column":23}},"loc":{"start":{"line":36,"column":28},"end":{"line":36,"column":51}},"line":36},"3":{"name":"getFirstCollision","decl":{"start":{"line":49,"column":16},"end":{"line":49,"column":34}},"loc":{"start":{"line":49,"column":101},"end":{"line":63,"column":null}},"line":49}},"branchMap":{"0":{"loc":{"start":{"line":10,"column":2},"end":{"line":12,"column":null}},"type":"if","locations":[{"start":{"line":10,"column":2},"end":{"line":12,"column":null}},{"start":{},"end":{}}],"line":10},"1":{"loc":{"start":{"line":10,"column":5},"end":{"line":10,"column":73}},"type":"binary-expr","locations":[{"start":{"line":10,"column":5},"end":{"line":10,"column":20}},{"start":{"line":10,"column":20},"end":{"line":10,"column":35}},{"start":{"line":10,"column":35},"end":{"line":10,"column":55}},{"start":{"line":10,"column":55},"end":{"line":10,"column":73}}],"line":10},"2":{"loc":{"start":{"line":14,"column":2},"end":{"line":14,"column":null}},"type":"if","locations":[{"start":{"line":14,"column":2},"end":{"line":14,"column":null}},{"start":{},"end":{}}],"line":14},"3":{"loc":{"start":{"line":15,"column":2},"end":{"line":15,"column":null}},"type":"if","locations":[{"start":{"line":15,"column":2},"end":{"line":15,"column":null}},{"start":{},"end":{}}],"line":15},"4":{"loc":{"start":{"line":16,"column":2},"end":{"line":16,"column":null}},"type":"if","locations":[{"start":{"line":16,"column":2},"end":{"line":16,"column":null}},{"start":{},"end":{}}],"line":16},"5":{"loc":{"start":{"line":17,"column":2},"end":{"line":17,"column":null}},"type":"if","locations":[{"start":{"line":17,"column":2},"end":{"line":17,"column":null}},{"start":{},"end":{}}],"line":17},"6":{"loc":{"start":{"line":18,"column":2},"end":{"line":18,"column":null}},"type":"if","locations":[{"start":{"line":18,"column":2},"end":{"line":18,"column":null}},{"start":{},"end":{}}],"line":18},"7":{"loc":{"start":{"line":33,"column":2},"end":{"line":35,"column":null}},"type":"if","locations":[{"start":{"line":33,"column":2},"end":{"line":35,"column":null}},{"start":{},"end":{}}],"line":33},"8":{"loc":{"start":{"line":33,"column":5},"end":{"line":33,"column":55}},"type":"binary-expr","locations":[{"start":{"line":33,"column":5},"end":{"line":33,"column":29}},{"start":{"line":33,"column":29},"end":{"line":33,"column":55}}],"line":33},"9":{"loc":{"start":{"line":50,"column":2},"end":{"line":52,"column":null}},"type":"if","locations":[{"start":{"line":50,"column":2},"end":{"line":52,"column":null}},{"start":{},"end":{}}],"line":50},"10":{"loc":{"start":{"line":50,"column":5},"end":{"line":50,"column":78}},"type":"binary-expr","locations":[{"start":{"line":50,"column":5},"end":{"line":50,"column":29}},{"start":{"line":50,"column":29},"end":{"line":50,"column":52}},{"start":{"line":50,"column":52},"end":{"line":50,"column":78}}],"line":50},"11":{"loc":{"start":{"line":58,"column":4},"end":{"line":60,"column":null}},"type":"if","locations":[{"start":{"line":58,"column":4},"end":{"line":60,"column":null}},{"start":{},"end":{}}],"line":58}},"s":{"0":283,"1":5,"2":278,"3":25,"4":253,"5":73,"6":180,"7":17,"8":163,"9":32,"10":131,"11":21,"12":110,"13":27,"14":2,"15":25,"16":63,"17":203,"18":85,"19":118,"20":118,"21":118,"22":128,"23":24,"24":94},"f":{"0":283,"1":27,"2":63,"3":203},"b":{"0":[5,278],"1":[283,282,281,279],"2":[25,253],"3":[73,180],"4":[17,163],"5":[32,131],"6":[21,110],"7":[2,25],"8":[27,26],"9":[85,118],"10":[203,202,118],"11":[24,104]},"meta":{"lastBranch":12,"lastFunction":4,"lastStatement":25,"seen":{"f:9:16:9:25":0,"b:10:2:12:Infinity:undefined:undefined:undefined:undefined":0,"s:10:2:12:Infinity":0,"b:10:5:10:20:10:20:10:35:10:35:10:55:10:55:10:73":1,"s:11:4:11:Infinity":1,"b:14:2:14:Infinity:undefined:undefined:undefined:undefined":2,"s:14:2:14:Infinity":2,"s:14:16:14:Infinity":3,"b:15:2:15:Infinity:undefined:undefined:undefined:undefined":3,"s:15:2:15:Infinity":4,"s:15:26:15:Infinity":5,"b:16:2:16:Infinity:undefined:undefined:undefined:undefined":4,"s:16:2:16:Infinity":6,"s:16:26:16:Infinity":7,"b:17:2:17:Infinity:undefined:undefined:undefined:undefined":5,"s:17:2:17:Infinity":8,"s:17:26:17:Infinity":9,"b:18:2:18:Infinity:undefined:undefined:undefined:undefined":6,"s:18:2:18:Infinity":10,"s:18:26:18:Infinity":11,"s:19:2:19:Infinity":12,"f:32:16:32:33":1,"b:33:2:35:Infinity:undefined:undefined:undefined:undefined":7,"s:33:2:35:Infinity":13,"b:33:5:33:29:33:29:33:55":8,"s:34:4:34:Infinity":14,"s:36:2:36:Infinity":15,"f:36:16:36:23":2,"s:36:28:36:51":16,"f:49:16:49:34":3,"b:50:2:52:Infinity:undefined:undefined:undefined:undefined":9,"s:50:2:52:Infinity":17,"b:50:5:50:29:50:29:50:52:50:52:50:78":10,"s:51:4:51:Infinity":18,"s:57:2:61:Infinity":19,"s:57:14:57:17":20,"s:57:23:57:38":21,"b:58:4:60:Infinity:undefined:undefined:undefined:undefined":11,"s:58:4:60:Infinity":22,"s:59:6:59:Infinity":23,"s:62:2:62:Infinity":24},"fnNames":{}}}
,"C:\\gwinnem\\keystone-dashboard-layout\\packages\\core\\src\\gridlayout\\helpers\\compactor.ts": {"path":"C:\\gwinnem\\keystone-dashboard-layout\\packages\\core\\src\\gridlayout\\helpers\\compactor.ts","statementMap":{"0":{"start":{"line":88,"column":45},"end":{"line":92,"column":null}},"1":{"start":{"line":90,"column":4},"end":{"line":90,"column":null}},"2":{"start":{"line":100,"column":39},"end":{"line":104,"column":null}},"3":{"start":{"line":102,"column":4},"end":{"line":102,"column":null}},"4":{"start":{"line":115,"column":47},"end":{"line":119,"column":null}},"5":{"start":{"line":117,"column":4},"end":{"line":117,"column":null}},"6":{"start":{"line":128,"column":52},"end":{"line":131,"column":null}},"7":{"start":{"line":129,"column":41},"end":{"line":129,"column":null}},"8":{"start":{"line":137,"column":54},"end":{"line":140,"column":null}},"9":{"start":{"line":138,"column":41},"end":{"line":138,"column":null}},"10":{"start":{"line":153,"column":2},"end":{"line":165,"column":null}},"11":{"start":{"line":155,"column":6},"end":{"line":155,"column":null}},"12":{"start":{"line":157,"column":6},"end":{"line":157,"column":null}},"13":{"start":{"line":159,"column":6},"end":{"line":159,"column":null}},"14":{"start":{"line":161,"column":6},"end":{"line":161,"column":null}},"15":{"start":{"line":164,"column":6},"end":{"line":164,"column":null}}},"fnMap":{"0":{"name":"(anonymous_0)","decl":{"start":{"line":89,"column":2},"end":{"line":89,"column":12}},"loc":{"start":{"line":90,"column":4},"end":{"line":90,"column":null}},"line":90},"1":{"name":"(anonymous_1)","decl":{"start":{"line":101,"column":2},"end":{"line":101,"column":12}},"loc":{"start":{"line":102,"column":4},"end":{"line":102,"column":null}},"line":102},"2":{"name":"(anonymous_2)","decl":{"start":{"line":116,"column":2},"end":{"line":116,"column":12}},"loc":{"start":{"line":117,"column":4},"end":{"line":117,"column":null}},"line":117},"3":{"name":"(anonymous_3)","decl":{"start":{"line":129,"column":2},"end":{"line":129,"column":12}},"loc":{"start":{"line":129,"column":41},"end":{"line":129,"column":null}},"line":129},"4":{"name":"(anonymous_4)","decl":{"start":{"line":138,"column":2},"end":{"line":138,"column":12}},"loc":{"start":{"line":138,"column":41},"end":{"line":138,"column":null}},"line":138},"5":{"name":"getCompactor","decl":{"start":{"line":152,"column":16},"end":{"line":152,"column":29}},"loc":{"start":{"line":152,"column":68},"end":{"line":166,"column":null}},"line":152}},"branchMap":{"0":{"loc":{"start":{"line":153,"column":2},"end":{"line":165,"column":null}},"type":"switch","locations":[{"start":{"line":154,"column":4},"end":{"line":155,"column":null}},{"start":{"line":156,"column":4},"end":{"line":157,"column":null}},{"start":{"line":158,"column":4},"end":{"line":159,"column":null}},{"start":{"line":160,"column":4},"end":{"line":161,"column":null}},{"start":{"line":162,"column":4},"end":{"line":162,"column":null}},{"start":{"line":163,"column":4},"end":{"line":164,"column":null}}],"line":153}},"s":{"0":2,"1":6,"2":2,"3":3,"4":2,"5":3,"6":2,"7":1,"8":2,"9":1,"10":10,"11":2,"12":1,"13":1,"14":1,"15":5},"f":{"0":6,"1":3,"2":3,"3":1,"4":1,"5":10},"b":{"0":[2,1,1,1,5,5]},"meta":{"lastBranch":1,"lastFunction":6,"lastStatement":16,"seen":{"s:88:45:92:Infinity":0,"f:89:2:89:12":0,"s:90:4:90:Infinity":1,"s:100:39:104:Infinity":2,"f:101:2:101:12":1,"s:102:4:102:Infinity":3,"s:115:47:119:Infinity":4,"f:116:2:116:12":2,"s:117:4:117:Infinity":5,"s:128:52:131:Infinity":6,"f:129:2:129:12":3,"s:129:41:129:Infinity":7,"s:137:54:140:Infinity":8,"f:138:2:138:12":4,"s:138:41:138:Infinity":9,"f:152:16:152:29":5,"b:154:4:155:Infinity:156:4:157:Infinity:158:4:159:Infinity:160:4:161:Infinity:162:4:162:Infinity:163:4:164:Infinity":0,"s:153:2:165:Infinity":10,"s:155:6:155:Infinity":11,"s:157:6:157:Infinity":12,"s:159:6:159:Infinity":13,"s:161:6:161:Infinity":14,"s:164:6:164:Infinity":15},"fnNames":{}}}
[...]
,"C:\\gwinnem\\keystone-dashboard-layout\\packages\\core\\src\\validators\\breakpoint-validator.ts": {"path":"C:\\gwinnem\\keystone-dashboard-layout\\packages\\core\\src\\validators\\breakpoint-validator.ts","statementMap":{"0":{"start":{"line":9,"column":36},"end":{"line":13,"column":null}},"1":{"start":{"line":23,"column":13},"end":{"line":28,"column":null}},"2":{"start":{"line":24,"column":23},"end":{"line":24,"column":null}},"3":{"start":{"line":25,"column":21},"end":{"line":25,"column":null}},"4":{"start":{"line":25,"column":43},"end":{"line":25,"column":70}},"5":{"start":{"line":27,"column":2},"end":{"line":27,"column":null}}},"fnMap":{"0":{"name":"(anonymous_0)","decl":{"start":{"line":23,"column":13},"end":{"line":23,"column":37}},"loc":{"start":{"line":23,"column":69},"end":{"line":28,"column":null}},"line":23},"1":{"name":"(anonymous_1)","decl":{"start":{"line":25,"column":34},"end":{"line":25,"column":38}},"loc":{"start":{"line":25,"column":43},"end":{"line":25,"column":70}},"line":25}},"branchMap":{"0":{"loc":{"start":{"line":27,"column":9},"end":{"line":27,"column":null}},"type":"binary-expr","locations":[{"start":{"line":27,"column":9},"end":{"line":27,"column":72}},{"start":{"line":27,"column":72},"end":{"line":27,"column":null}}],"line":27}},"s":{"0":1,"1":1,"2":5,"3":5,"4":28,"5":5},"f":{"0":5,"1":28},"b":{"0":[5,2]},"meta":{"lastBranch":1,"lastFunction":2,"lastStatement":6,"seen":{"s:9:36:13:Infinity":0,"s:23:13:28:Infinity":1,"f:23:13:23:37":0,"s:24:23:24:Infinity":2,"s:25:21:25:Infinity":3,"f:25:34:25:38":1,"s:25:43:25:70":4,"s:27:2:27:Infinity":5,"b:27:9:27:72:27:72:27:Infinity":0},"fnNames":{}}}
,"C:\\gwinnem\\keystone-dashboard-layout\\packages\\core\\src\\validators\\keys-validator.ts": {"path":"C:\\gwinnem\\keystone-dashboard-layout\\packages\\core\\src\\validators\\keys-validator.ts","statementMap":{"0":{"start":{"line":12,"column":13},"end":{"line":16,"column":null}},"1":{"start":{"line":13,"column":26},"end":{"line":13,"column":null}},"2":{"start":{"line":13,"column":48},"end":{"line":13,"column":76}},"3":{"start":{"line":15,"column":2},"end":{"line":15,"column":null}},"4":{"start":{"line":24,"column":6},"end":{"line":31,"column":null}},"5":{"start":{"line":25,"column":17},"end":{"line":25,"column":null}},"6":{"start":{"line":26,"column":2},"end":{"line":28,"column":null}},"7":{"start":{"line":27,"column":4},"end":{"line":27,"column":null}},"8":{"start":{"line":30,"column":2},"end":{"line":30,"column":null}},"9":{"start":{"line":34,"column":6},"end":{"line":45,"column":null}},"10":{"start":{"line":35,"column":2},"end":{"line":42,"column":null}},"11":{"start":{"line":42,"column":4},"end":{"line":42,"column":null}},"12":{"start":{"line":44,"column":2},"end":{"line":44,"column":null}},"13":{"start":{"line":48,"column":6},"end":{"line":50,"column":null}},"14":{"start":{"line":49,"column":2},"end":{"line":49,"column":null}},"15":{"start":{"line":53,"column":6},"end":{"line":56,"column":null}},"16":{"start":{"line":54,"column":17},"end":{"line":54,"column":null}},"17":{"start":{"line":55,"column":2},"end":{"line":55,"column":null}},"18":{"start":{"line":64,"column":6},"end":{"line":69,"column":null}},"19":{"start":{"line":65,"column":23},"end":{"line":65,"column":null}},"20":{"start":{"line":66,"column":22},"end":{"line":66,"column":null}},"21":{"start":{"line":67,"column":2},"end":{"line":67,"column":null}},"22":{"start":{"line":67,"column":71},"end":{"line":67,"column":null}},"23":{"start":{"line":68,"column":2},"end":{"line":68,"column":null}},"24":{"start":{"line":79,"column":13},"end":{"line":88,"column":null}},"25":{"start":{"line":80,"column":2},"end":{"line":80,"column":null}},"26":{"start":{"line":80,"column":39},"end":{"line":80,"column":null}},"27":{"start":{"line":81,"column":2},"end":{"line":81,"column":null}},"28":{"start":{"line":81,"column":28},"end":{"line":81,"column":null}},"29":{"start":{"line":82,"column":2},"end":{"line":82,"column":null}},"30":{"start":{"line":82,"column":56},"end":{"line":82,"column":null}},"31":{"start":{"line":83,"column":2},"end":{"line":83,"column":null}},"32":{"start":{"line":83,"column":56},"end":{"line":83,"column":null}},"33":{"start":{"line":84,"column":2},"end":{"line":84,"column":null}},"34":{"start":{"line":84,"column":56},"end":{"line":84,"column":null}},"35":{"start":{"line":85,"column":2},"end":{"line":85,"column":null}},"36":{"start":{"line":85,"column":56},"end":{"line":85,"column":null}},"37":{"start":{"line":87,"column":2},"end":{"line":87,"column":null}}},"fnMap":{"0":{"name":"(anonymous_0)","decl":{"start":{"line":12,"column":13},"end":{"line":12,"column":30}},"loc":{"start":{"line":12,"column":87},"end":{"line":16,"column":null}},"line":12},"1":{"name":"(anonymous_1)","decl":{"start":{"line":13,"column":36},"end":{"line":13,"column":43}},"loc":{"start":{"line":13,"column":48},"end":{"line":13,"column":76}},"line":13},"2":{"name":"(anonymous_2)","decl":{"start":{"line":24,"column":6},"end":{"line":24,"column":38}},"loc":{"start":{"line":24,"column":113},"end":{"line":31,"column":null}},"line":24},"3":{"name":"(anonymous_3)","decl":{"start":{"line":34,"column":6},"end":{"line":34,"column":29}},"loc":{"start":{"line":34,"column":78},"end":{"line":45,"column":null}},"line":34},"4":{"name":"(anonymous_4)","decl":{"start":{"line":48,"column":6},"end":{"line":48,"column":22}},"loc":{"start":{"line":48,"column":79},"end":{"line":50,"column":null}},"line":48},"5":{"name":"(anonymous_5)","decl":{"start":{"line":53,"column":6},"end":{"line":53,"column":27}},"loc":{"start":{"line":53,"column":71},"end":{"line":56,"column":null}},"line":53},"6":{"name":"(anonymous_6)","decl":{"start":{"line":64,"column":6},"end":{"line":64,"column":18}},"loc":{"start":{"line":64,"column":67},"end":{"line":69,"column":null}},"line":64},"7":{"name":"(anonymous_7)","decl":{"start":{"line":79,"column":13},"end":{"line":79,"column":47}},"loc":{"start":{"line":79,"column":96},"end":{"line":88,"column":null}},"line":79}},"branchMap":{"0":{"loc":{"start":{"line":15,"column":9},"end":{"line":15,"column":null}},"type":"binary-expr","locations":[{"start":{"line":15,"column":9},"end":{"line":15,"column":52}},{"start":{"line":15,"column":52},"end":{"line":15,"column":null}}],"line":15},"1":{"loc":{"start":{"line":26,"column":2},"end":{"line":28,"column":null}},"type":"if","locations":[{"start":{"line":26,"column":2},"end":{"line":28,"column":null}},{"start":{},"end":{}}],"line":26},"2":{"loc":{"start":{"line":30,"column":10},"end":{"line":30,"column":null}},"type":"binary-expr","locations":[{"start":{"line":30,"column":10},"end":{"line":30,"column":37}},{"start":{"line":30,"column":37},"end":{"line":30,"column":59}},{"start":{"line":30,"column":59},"end":{"line":30,"column":null}}],"line":30},"3":{"loc":{"start":{"line":35,"column":2},"end":{"line":42,"column":null}},"type":"if","locations":[{"start":{"line":35,"column":2},"end":{"line":42,"column":null}},{"start":{},"end":{}}],"line":35},"4":{"loc":{"start":{"line":36,"column":4},"end":{"line":40,"column":null}},"type":"binary-expr","locations":[{"start":{"line":36,"column":4},"end":{"line":36,"column":null}},{"start":{"line":37,"column":4},"end":{"line":37,"column":null}},{"start":{"line":38,"column":4},"end":{"line":38,"column":null}},{"start":{"line":39,"column":4},"end":{"line":39,"column":null}},{"start":{"line":40,"column":4},"end":{"line":40,"column":null}}],"line":36},"5":{"loc":{"start":{"line":55,"column":9},"end":{"line":55,"column":null}},"type":"binary-expr","locations":[{"start":{"line":55,"column":9},"end":{"line":55,"column":39}},{"start":{"line":55,"column":39},"end":{"line":55,"column":null}}],"line":55},"6":{"loc":{"start":{"line":67,"column":2},"end":{"line":67,"column":null}},"type":"if","locations":[{"start":{"line":67,"column":2},"end":{"line":67,"column":null}},{"start":{},"end":{}}],"line":67},"7":{"loc":{"start":{"line":67,"column":6},"end":{"line":67,"column":71}},"type":"binary-expr","locations":[{"start":{"line":67,"column":6},"end":{"line":67,"column":23}},{"start":{"line":67,"column":23},"end":{"line":67,"column":41}},{"start":{"line":67,"column":41},"end":{"line":67,"column":57}},{"start":{"line":67,"column":57},"end":{"line":67,"column":71}}],"line":67},"8":{"loc":{"start":{"line":80,"column":2},"end":{"line":80,"column":null}},"type":"if","locations":[{"start":{"line":80,"column":2},"end":{"line":80,"column":null}},{"start":{},"end":{}}],"line":80},"9":{"loc":{"start":{"line":81,"column":2},"end":{"line":81,"column":null}},"type":"if","locations":[{"start":{"line":81,"column":2},"end":{"line":81,"column":null}},{"start":{},"end":{}}],"line":81},"10":{"loc":{"start":{"line":82,"column":2},"end":{"line":82,"column":null}},"type":"if","locations":[{"start":{"line":82,"column":2},"end":{"line":82,"column":null}},{"start":{},"end":{}}],"line":82},"11":{"loc":{"start":{"line":83,"column":2},"end":{"line":83,"column":null}},"type":"if","locations":[{"start":{"line":83,"column":2},"end":{"line":83,"column":null}},{"start":{},"end":{}}],"line":83},"12":{"loc":{"start":{"line":84,"column":2},"end":{"line":84,"column":null}},"type":"if","locations":[{"start":{"line":84,"column":2},"end":{"line":84,"column":null}},{"start":{},"end":{}}],"line":84},"13":{"loc":{"start":{"line":85,"column":2},"end":{"line":85,"column":null}},"type":"if","locations":[{"start":{"line":85,"column":2},"end":{"line":85,"column":null}},{"start":{},"end":{}}],"line":85}},"s":{"0":5,"1":41,"2":206,"3":41,"4":5,"5":32,"6":32,"7":4,"8":28,"9":5,"10":18,"11":13,"12":5,"13":5,"14":13,"15":5,"16":13,"17":13,"18":5,"19":13,"20":13,"21":13,"22":2,"23":11,"24":5,"25":18,"26":5,"27":13,"28":2,"29":11,"30":2,"31":9,"32":2,"33":7,"34":2,"35":5,"36":2,"37":3},"f":{"0":41,"1":206,"2":32,"3":18,"4":13,"5":13,"6":13,"7":18},"b":{"0":[41,31],"1":[4,28],"2":[28,28,22],"3":[13,5],"4":[18,17,16,15,14],"5":[13,2],"6":[2,11],"7":[13,3,11,10],"8":[5,13],"9":[2,11],"10":[2,9],"11":[2,7],"12":[2,5],"13":[2,3]},"meta":{"lastBranch":14,"lastFunction":8,"lastStatement":38,"seen":{"s:12:13:16:Infinity":0,"f:12:13:12:30":0,"s:13:26:13:Infinity":1,"f:13:36:13:43":1,"s:13:48:13:76":2,"s:15:2:15:Infinity":3,"b:15:9:15:52:15:52:15:Infinity":0,"s:24:6:31:Infinity":4,"f:24:6:24:38":2,"s:25:17:25:Infinity":5,"b:26:2:28:Infinity:undefined:undefined:undefined:undefined":1,"s:26:2:28:Infinity":6,"s:27:4:27:Infinity":7,"s:30:2:30:Infinity":8,"b:30:10:30:37:30:37:30:59:30:59:30:Infinity":2,"s:34:6:45:Infinity":9,"f:34:6:34:29":3,"b:35:2:42:Infinity:undefined:undefined:undefined:undefined":3,"s:35:2:42:Infinity":10,"b:36:4:36:Infinity:37:4:37:Infinity:38:4:38:Infinity:39:4:39:Infinity:40:4:40:Infinity":4,"s:42:4:42:Infinity":11,"s:44:2:44:Infinity":12,"s:48:6:50:Infinity":13,"f:48:6:48:22":4,"s:49:2:49:Infinity":14,"s:53:6:56:Infinity":15,"f:53:6:53:27":5,"s:54:17:54:Infinity":16,"s:55:2:55:Infinity":17,"b:55:9:55:39:55:39:55:Infinity":5,"s:64:6:69:Infinity":18,"f:64:6:64:18":6,"s:65:23:65:Infinity":19,"s:66:22:66:Infinity":20,"b:67:2:67:Infinity:undefined:undefined:undefined:undefined":6,"s:67:2:67:Infinity":21,"b:67:6:67:23:67:23:67:41:67:41:67:57:67:57:67:71":7,"s:67:71:67:Infinity":22,"s:68:2:68:Infinity":23,"s:79:13:88:Infinity":24,"f:79:13:79:47":7,"b:80:2:80:Infinity:undefined:undefined:undefined:undefined":8,"s:80:2:80:Infinity":25,"s:80:39:80:Infinity":26,"b:81:2:81:Infinity:undefined:undefined:undefined:undefined":9,"s:81:2:81:Infinity":27,"s:81:28:81:Infinity":28,"b:82:2:82:Infinity:undefined:undefined:undefined:undefined":10,"s:82:2:82:Infinity":29,"s:82:56:82:Infinity":30,"b:83:2:83:Infinity:undefined:undefined:undefined:undefined":11,"s:83:2:83:Infinity":31,"s:83:56:83:Infinity":32,"b:84:2:84:Infinity:undefined:undefined:undefined:undefined":12,"s:84:2:84:Infinity":33,"s:84:56:84:Infinity":34,"b:85:2:85:Infinity:undefined:undefined:undefined:undefined":13,"s:85:2:85:Infinity":35,"s:85:56:85:Infinity":36,"s:87:2:87:Infinity":37},"fnNames":{}}}
,"C:\\gwinnem\\keystone-dashboard-layout\\packages\\core\\src\\validators\\layout-validator.ts": {"path":"C:\\gwinnem\\keystone-dashboard-layout\\packages\\core\\src\\validators\\layout-validator.ts","statementMap":{"0":{"start":{"line":12,"column":38},"end":{"line":63,"column":null}},"1":{"start":{"line":76,"column":13},"end":{"line":140,"column":null}},"2":{"start":{"line":77,"column":2},"end":{"line":79,"column":null}},"3":{"start":{"line":78,"column":4},"end":{"line":78,"column":null}},"4":{"start":{"line":81,"column":55},"end":{"line":81,"column":null}},"5":{"start":{"line":82,"column":22},"end":{"line":82,"column":null}},"6":{"start":{"line":83,"column":23},"end":{"line":83,"column":null}},"7":{"start":{"line":84,"column":28},"end":{"line":84,"column":null}},"8":{"start":{"line":84,"column":44},"end":{"line":84,"column":87}},"9":{"start":{"line":86,"column":2},"end":{"line":88,"column":null}},"10":{"start":{"line":87,"column":4},"end":{"line":87,"column":null}},"11":{"start":{"line":90,"column":21},"end":{"line":138,"column":null}},"12":{"start":{"line":91,"column":27},"end":{"line":91,"column":null}},"13":{"start":{"line":102,"column":33},"end":{"line":102,"column":null}},"14":{"start":{"line":103,"column":4},"end":{"line":137,"column":null}},"15":{"start":{"line":132,"column":8},"end":{"line":134,"column":null}},"16":{"start":{"line":133,"column":10},"end":{"line":133,"column":null}},"17":{"start":{"line":135,"column":8},"end":{"line":135,"column":null}},"18":{"start":{"line":139,"column":2},"end":{"line":139,"column":null}}},"fnMap":{"0":{"name":"(anonymous_0)","decl":{"start":{"line":76,"column":13},"end":{"line":76,"column":32}},"loc":{"start":{"line":76,"column":61},"end":{"line":140,"column":null}},"line":76},"1":{"name":"(anonymous_1)","decl":{"start":{"line":84,"column":35},"end":{"line":84,"column":39}},"loc":{"start":{"line":84,"column":44},"end":{"line":84,"column":87}},"line":84},"2":{"name":"(anonymous_2)","decl":{"start":{"line":90,"column":28},"end":{"line":90,"column":32}},"loc":{"start":{"line":90,"column":37},"end":{"line":138,"column":3}},"line":90},"3":{"name":"(anonymous_3)","decl":{"start":{"line":104,"column":7},"end":{"line":104,"column":11}},"loc":{"start":{"line":104,"column":16},"end":{"line":136,"column":7}},"line":104}},"branchMap":{"0":{"loc":{"start":{"line":77,"column":2},"end":{"line":79,"column":null}},"type":"if","locations":[{"start":{"line":77,"column":2},"end":{"line":79,"column":null}},{"start":{},"end":{}}],"line":77},"1":{"loc":{"start":{"line":86,"column":2},"end":{"line":88,"column":null}},"type":"if","locations":[{"start":{"line":86,"column":2},"end":{"line":88,"column":null}},{"start":{},"end":{}}],"line":86},"2":{"loc":{"start":{"line":132,"column":8},"end":{"line":134,"column":null}},"type":"if","locations":[{"start":{"line":132,"column":8},"end":{"line":134,"column":null}},{"start":{},"end":{}}],"line":132},"3":{"loc":{"start":{"line":133,"column":17},"end":{"line":133,"column":null}},"type":"binary-expr","locations":[{"start":{"line":133,"column":17},"end":{"line":133,"column":46}},{"start":{"line":133,"column":46},"end":{"line":133,"column":75}},{"start":{"line":133,"column":75},"end":{"line":133,"column":null}}],"line":133},"4":{"loc":{"start":{"line":135,"column":15},"end":{"line":135,"column":null}},"type":"cond-expr","locations":[{"start":{"line":135,"column":56},"end":{"line":135,"column":105}},{"start":{"line":135,"column":105},"end":{"line":135,"column":null}}],"line":135}},"s":{"0":2,"1":2,"2":19,"3":2,"4":17,"5":17,"6":17,"7":17,"8":31,"9":17,"10":2,"11":15,"12":25,"13":25,"14":25,"15":148,"16":25,"17":123,"18":15},"f":{"0":19,"1":31,"2":25,"3":148},"b":{"0":[2,17],"1":[2,15],"2":[25,123],"3":[25,5,5],"4":[118,5]},"meta":{"lastBranch":5,"lastFunction":4,"lastStatement":19,"seen":{"s:12:38:63:Infinity":0,"s:76:13:140:Infinity":1,"f:76:13:76:32":0,"b:77:2:79:Infinity:undefined:undefined:undefined:undefined":0,"s:77:2:79:Infinity":2,"s:78:4:78:Infinity":3,"s:81:55:81:Infinity":4,"s:82:22:82:Infinity":5,"s:83:23:83:Infinity":6,"s:84:28:84:Infinity":7,"f:84:35:84:39":1,"s:84:44:84:87":8,"b:86:2:88:Infinity:undefined:undefined:undefined:undefined":1,"s:86:2:88:Infinity":9,"s:87:4:87:Infinity":10,"s:90:21:138:Infinity":11,"f:90:28:90:32":2,"s:91:27:91:Infinity":12,"s:102:33:102:Infinity":13,"s:103:4:137:Infinity":14,"f:104:7:104:11":3,"b:132:8:134:Infinity:undefined:undefined:undefined:undefined":2,"s:132:8:134:Infinity":15,"s:133:10:133:Infinity":16,"b:133:17:133:46:133:46:133:75:133:75:133:Infinity":3,"s:135:8:135:Infinity":17,"b:135:56:135:105:135:105:135:Infinity":4,"s:139:2:139:Infinity":18},"fnNames":{}}}
,"C:\\gwinnem\\keystone-dashboard-layout\\packages\\core\\src\\validators\\margin-validator.ts": {"path":"C:\\gwinnem\\keystone-dashboard-layout\\packages\\core\\src\\validators\\margin-validator.ts","statementMap":{"0":{"start":{"line":12,"column":13},"end":{"line":17,"column":null}},"1":{"start":{"line":13,"column":17},"end":{"line":13,"column":null}},"2":{"start":{"line":13,"column":32},"end":{"line":13,"column":53}},"3":{"start":{"line":14,"column":19},"end":{"line":14,"column":null}},"4":{"start":{"line":16,"column":2},"end":{"line":16,"column":null}}},"fnMap":{"0":{"name":"(anonymous_0)","decl":{"start":{"line":12,"column":13},"end":{"line":12,"column":32}},"loc":{"start":{"line":12,"column":69},"end":{"line":17,"column":null}},"line":12},"1":{"name":"(anonymous_1)","decl":{"start":{"line":13,"column":23},"end":{"line":13,"column":27}},"loc":{"start":{"line":13,"column":32},"end":{"line":13,"column":53}},"line":13}},"branchMap":{"0":{"loc":{"start":{"line":16,"column":9},"end":{"line":16,"column":null}},"type":"binary-expr","locations":[{"start":{"line":16,"column":9},"end":{"line":16,"column":41}},{"start":{"line":16,"column":41},"end":{"line":16,"column":53}},{"start":{"line":16,"column":53},"end":{"line":16,"column":69}},{"start":{"line":16,"column":69},"end":{"line":16,"column":null}}],"line":16}},"s":{"0":1,"1":8,"2":18,"3":8,"4":8},"f":{"0":8,"1":18},"b":{"0":[8,6,4,2]},"meta":{"lastBranch":1,"lastFunction":2,"lastStatement":5,"seen":{"s:12:13:17:Infinity":0,"f:12:13:12:32":0,"s:13:17:13:Infinity":1,"f:13:23:13:27":1,"s:13:32:13:53":2,"s:14:19:14:Infinity":3,"s:16:2:16:Infinity":4,"b:16:9:16:41:16:41:16:53:16:53:16:69:16:69:16:Infinity":0},"fnNames":{}}}
}
