{"C:\\gwinnem\\keystone-dashboard-layout\\packages\\vue\\src\\components\\Grid\\GridItem.vue": {"path":"C:\\gwinnem\\keystone-dashboard-layout\\packages\\vue\\src\\components\\Grid\\GridItem.vue","statementMap":{"0":{"start":{"line":133,"column":17},"end":{"line":135,"column":null}},"1":{"start":{"line":153,"column":20},"end":{"line":153,"column":39}},"2":{"start":{"line":159,"column":21},"end":{"line":159,"column":null}},"3":{"start":{"line":163,"column":19},"end":{"line":163,"column":null}},"4":{"start":{"line":167,"column":15},"end":{"line":167,"column":null}},"5":{"start":{"line":187,"column":16},"end":{"line":187,"column":null}},"6":{"start":{"line":218,"column":19},"end":{"line":218,"column":null}},"7":{"start":{"line":220,"column":28},"end":{"line":220,"column":null}},"8":{"start":{"line":223,"column":24},"end":{"line":223,"column":null}},"9":{"start":{"line":224,"column":24},"end":{"line":224,"column":null}},"10":{"start":{"line":225,"column":24},"end":{"line":225,"column":null}},"11":{"start":{"line":226,"column":24},"end":{"line":226,"column":null}},"12":{"start":{"line":227,"column":25},"end":{"line":227,"column":null}},"13":{"start":{"line":228,"column":25},"end":{"line":228,"column":null}},"14":{"start":{"line":229,"column":25},"end":{"line":229,"column":null}},"15":{"start":{"line":230,"column":25},"end":{"line":230,"column":null}},"16":{"start":{"line":231,"column":27},"end":{"line":240,"column":null}},"17":{"start":{"line":248,"column":14},"end":{"line":248,"column":null}},"18":{"start":{"line":253,"column":15},"end":{"line":253,"column":null}},"19":{"start":{"line":255,"column":25},"end":{"line":255,"column":null}},"20":{"start":{"line":257,"column":20},"end":{"line":257,"column":null}},"21":{"start":{"line":259,"column":17},"end":{"line":259,"column":null}},"22":{"start":{"line":261,"column":18},"end":{"line":261,"column":null}},"23":{"start":{"line":263,"column":25},"end":{"line":263,"column":null}},"24":{"start":{"line":265,"column":27},"end":{"line":265,"column":null}},"25":{"start":{"line":267,"column":19},"end":{"line":267,"column":null}},"26":{"start":{"line":269,"column":14},"end":{"line":269,"column":null}},"27":{"start":{"line":271,"column":18},"end":{"line":271,"column":null}},"28":{"start":{"line":273,"column":29},"end":{"line":273,"column":null}},"29":{"start":{"line":275,"column":26},"end":{"line":275,"column":null}},"30":{"start":{"line":277,"column":34},"end":{"line":277,"column":null}},"31":{"start":{"line":279,"column":33},"end":{"line":279,"column":null}},"32":{"start":{"line":281,"column":32},"end":{"line":281,"column":null}},"33":{"start":{"line":286,"column":17},"end":{"line":286,"column":null}},"34":{"start":{"line":291,"column":17},"end":{"line":291,"column":null}},"35":{"start":{"line":296,"column":17},"end":{"line":296,"column":null}},"36":{"start":{"line":301,"column":17},"end":{"line":301,"column":null}},"37":{"start":{"line":328,"column":20},"end":{"line":330,"column":null}},"38":{"start":{"line":329,"column":4},"end":{"line":329,"column":null}},"39":{"start":{"line":336,"column":24},"end":{"line":357,"column":null}},"40":{"start":{"line":369,"column":6},"end":{"line":369,"column":null}},"41":{"start":{"line":381,"column":6},"end":{"line":381,"column":null}},"42":{"start":{"line":385,"column":28},"end":{"line":385,"column":null}},"43":{"start":{"line":399,"column":26},"end":{"line":399,"column":null}},"44":{"start":{"line":400,"column":8},"end":{"line":407,"column":null}},"45":{"start":{"line":401,"column":4},"end":{"line":406,"column":null}},"46":{"start":{"line":402,"column":6},"end":{"line":402,"column":null}},"47":{"start":{"line":403,"column":6},"end":{"line":405,"column":null}},"48":{"start":{"line":404,"column":8},"end":{"line":404,"column":null}},"49":{"start":{"line":408,"column":2},"end":{"line":408,"column":null}},"50":{"start":{"line":408,"column":37},"end":{"line":408,"column":69}},"51":{"start":{"line":409,"column":2},"end":{"line":409,"column":null}},"52":{"start":{"line":409,"column":37},"end":{"line":409,"column":69}},"53":{"start":{"line":411,"column":8},"end":{"line":422,"column":null}},"54":{"start":{"line":412,"column":4},"end":{"line":414,"column":null}},"55":{"start":{"line":413,"column":6},"end":{"line":413,"column":null}},"56":{"start":{"line":415,"column":4},"end":{"line":415,"column":null}},"57":{"start":{"line":416,"column":4},"end":{"line":421,"column":null}},"58":{"start":{"line":428,"column":8},"end":{"line":443,"column":null}},"59":{"start":{"line":447,"column":32},"end":{"line":449,"column":null}},"60":{"start":{"line":448,"column":4},"end":{"line":448,"column":null}},"61":{"start":{"line":452,"column":32},"end":{"line":454,"column":null}},"62":{"start":{"line":453,"column":4},"end":{"line":453,"column":null}},"63":{"start":{"line":457,"column":43},"end":{"line":459,"column":null}},"64":{"start":{"line":458,"column":4},"end":{"line":458,"column":null}},"65":{"start":{"line":462,"column":20},"end":{"line":467,"column":null}},"66":{"start":{"line":463,"column":4},"end":{"line":465,"column":null}},"67":{"start":{"line":464,"column":6},"end":{"line":464,"column":null}},"68":{"start":{"line":466,"column":4},"end":{"line":466,"column":null}},"69":{"start":{"line":505,"column":29},"end":{"line":505,"column":null}},"70":{"start":{"line":505,"column":44},"end":{"line":505,"column":103}},"71":{"start":{"line":507,"column":28},"end":{"line":518,"column":null}},"72":{"start":{"line":508,"column":42},"end":{"line":510,"column":null}},"73":{"start":{"line":512,"column":18},"end":{"line":514,"column":null}},"74":{"start":{"line":515,"column":4},"end":{"line":515,"column":null}},"75":{"start":{"line":517,"column":4},"end":{"line":517,"column":null}},"76":{"start":{"line":534,"column":36},"end":{"line":542,"column":null}},"77":{"start":{"line":535,"column":4},"end":{"line":537,"column":null}},"78":{"start":{"line":536,"column":6},"end":{"line":536,"column":null}},"79":{"start":{"line":538,"column":4},"end":{"line":540,"column":null}},"80":{"start":{"line":539,"column":6},"end":{"line":539,"column":null}},"81":{"start":{"line":541,"column":4},"end":{"line":541,"column":null}},"82":{"start":{"line":553,"column":22},"end":{"line":553,"column":null}},"83":{"start":{"line":553,"column":38},"end":{"line":553,"column":92}},"84":{"start":{"line":566,"column":21},"end":{"line":568,"column":null}},"85":{"start":{"line":567,"column":4},"end":{"line":567,"column":null}},"86":{"start":{"line":570,"column":19},"end":{"line":584,"column":null}},"87":{"start":{"line":571,"column":4},"end":{"line":583,"column":null}},"88":{"start":{"line":594,"column":8},"end":{"line":675,"column":null}},"89":{"start":{"line":595,"column":4},"end":{"line":601,"column":null}},"90":{"start":{"line":596,"column":6},"end":{"line":596,"column":null}},"91":{"start":{"line":597,"column":6},"end":{"line":597,"column":null}},"92":{"start":{"line":599,"column":6},"end":{"line":599,"column":null}},"93":{"start":{"line":600,"column":6},"end":{"line":600,"column":null}},"94":{"start":{"line":602,"column":16},"end":{"line":602,"column":null}},"95":{"start":{"line":604,"column":4},"end":{"line":612,"column":null}},"96":{"start":{"line":605,"column":6},"end":{"line":605,"column":null}},"97":{"start":{"line":607,"column":6},"end":{"line":611,"column":null}},"98":{"start":{"line":608,"column":8},"end":{"line":608,"column":null}},"99":{"start":{"line":610,"column":8},"end":{"line":610,"column":null}},"100":{"start":{"line":613,"column":4},"end":{"line":652,"column":null}},"101":{"start":{"line":614,"column":6},"end":{"line":614,"column":null}},"102":{"start":{"line":615,"column":6},"end":{"line":615,"column":null}},"103":{"start":{"line":636,"column":6},"end":{"line":641,"column":null}},"104":{"start":{"line":642,"column":6},"end":{"line":647,"column":null}},"105":{"start":{"line":656,"column":4},"end":{"line":663,"column":null}},"106":{"start":{"line":658,"column":6},"end":{"line":662,"column":null}},"107":{"start":{"line":659,"column":8},"end":{"line":659,"column":null}},"108":{"start":{"line":661,"column":8},"end":{"line":661,"column":null}},"109":{"start":{"line":665,"column":4},"end":{"line":673,"column":null}},"110":{"start":{"line":668,"column":6},"end":{"line":672,"column":null}},"111":{"start":{"line":669,"column":8},"end":{"line":669,"column":null}},"112":{"start":{"line":671,"column":8},"end":{"line":671,"column":null}},"113":{"start":{"line":674,"column":4},"end":{"line":674,"column":null}},"114":{"start":{"line":683,"column":8},"end":{"line":700,"column":null}},"115":{"start":{"line":686,"column":43},"end":{"line":689,"column":null}},"116":{"start":{"line":690,"column":4},"end":{"line":698,"column":null}},"117":{"start":{"line":691,"column":18},"end":{"line":691,"column":null}},"118":{"start":{"line":692,"column":22},"end":{"line":692,"column":null}},"119":{"start":{"line":693,"column":6},"end":{"line":695,"column":null}},"120":{"start":{"line":694,"column":8},"end":{"line":694,"column":null}},"121":{"start":{"line":697,"column":6},"end":{"line":697,"column":null}},"122":{"start":{"line":699,"column":4},"end":{"line":699,"column":null}},"123":{"start":{"line":710,"column":8},"end":{"line":722,"column":null}},"124":{"start":{"line":719,"column":4},"end":{"line":721,"column":null}},"125":{"start":{"line":720,"column":6},"end":{"line":720,"column":null}},"126":{"start":{"line":725,"column":8},"end":{"line":727,"column":null}},"127":{"start":{"line":726,"column":4},"end":{"line":726,"column":null}},"128":{"start":{"line":737,"column":2},"end":{"line":742,"column":null}},"129":{"start":{"line":738,"column":10},"end":{"line":738,"column":null}},"130":{"start":{"line":740,"column":6},"end":{"line":740,"column":null}},"131":{"start":{"line":744,"column":2},"end":{"line":750,"column":null}},"132":{"start":{"line":745,"column":10},"end":{"line":745,"column":null}},"133":{"start":{"line":747,"column":6},"end":{"line":747,"column":null}},"134":{"start":{"line":748,"column":6},"end":{"line":748,"column":null}},"135":{"start":{"line":752,"column":2},"end":{"line":754,"column":null}},"136":{"start":{"line":753,"column":4},"end":{"line":753,"column":null}},"137":{"start":{"line":756,"column":2},"end":{"line":761,"column":null}},"138":{"start":{"line":757,"column":10},"end":{"line":757,"column":null}},"139":{"start":{"line":759,"column":6},"end":{"line":759,"column":null}},"140":{"start":{"line":763,"column":2},"end":{"line":768,"column":null}},"141":{"start":{"line":764,"column":10},"end":{"line":764,"column":null}},"142":{"start":{"line":766,"column":6},"end":{"line":766,"column":null}},"143":{"start":{"line":770,"column":2},"end":{"line":775,"column":null}},"144":{"start":{"line":771,"column":10},"end":{"line":771,"column":null}},"145":{"start":{"line":773,"column":6},"end":{"line":773,"column":null}},"146":{"start":{"line":777,"column":2},"end":{"line":782,"column":null}},"147":{"start":{"line":778,"column":10},"end":{"line":778,"column":null}},"148":{"start":{"line":780,"column":6},"end":{"line":780,"column":null}},"149":{"start":{"line":784,"column":2},"end":{"line":789,"column":null}},"150":{"start":{"line":785,"column":10},"end":{"line":785,"column":null}},"151":{"start":{"line":787,"column":6},"end":{"line":787,"column":null}},"152":{"start":{"line":791,"column":2},"end":{"line":796,"column":null}},"153":{"start":{"line":792,"column":10},"end":{"line":792,"column":null}},"154":{"start":{"line":794,"column":6},"end":{"line":794,"column":null}},"155":{"start":{"line":811,"column":2},"end":{"line":818,"column":null}},"156":{"start":{"line":812,"column":10},"end":{"line":812,"column":null}},"157":{"start":{"line":814,"column":6},"end":{"line":816,"column":null}},"158":{"start":{"line":815,"column":8},"end":{"line":815,"column":null}},"159":{"start":{"line":827,"column":2},"end":{"line":829,"column":null}},"160":{"start":{"line":828,"column":4},"end":{"line":828,"column":null}},"161":{"start":{"line":842,"column":2},"end":{"line":845,"column":null}},"162":{"start":{"line":843,"column":4},"end":{"line":843,"column":null}},"163":{"start":{"line":844,"column":4},"end":{"line":844,"column":null}},"164":{"start":{"line":847,"column":2},"end":{"line":850,"column":null}},"165":{"start":{"line":848,"column":4},"end":{"line":848,"column":null}},"166":{"start":{"line":849,"column":4},"end":{"line":849,"column":null}},"167":{"start":{"line":852,"column":2},"end":{"line":856,"column":null}},"168":{"start":{"line":853,"column":4},"end":{"line":853,"column":null}},"169":{"start":{"line":854,"column":4},"end":{"line":854,"column":null}},"170":{"start":{"line":855,"column":4},"end":{"line":855,"column":null}},"171":{"start":{"line":858,"column":2},"end":{"line":862,"column":null}},"172":{"start":{"line":859,"column":4},"end":{"line":859,"column":null}},"173":{"start":{"line":860,"column":4},"end":{"line":860,"column":null}},"174":{"start":{"line":861,"column":4},"end":{"line":861,"column":null}},"175":{"start":{"line":864,"column":2},"end":{"line":870,"column":null}},"176":{"start":{"line":865,"column":10},"end":{"line":865,"column":null}},"177":{"start":{"line":867,"column":6},"end":{"line":867,"column":null}},"178":{"start":{"line":868,"column":6},"end":{"line":868,"column":null}},"179":{"start":{"line":872,"column":2},"end":{"line":878,"column":null}},"180":{"start":{"line":873,"column":10},"end":{"line":873,"column":null}},"181":{"start":{"line":875,"column":6},"end":{"line":875,"column":null}},"182":{"start":{"line":876,"column":6},"end":{"line":876,"column":null}},"183":{"start":{"line":880,"column":2},"end":{"line":886,"column":null}},"184":{"start":{"line":881,"column":10},"end":{"line":881,"column":null}},"185":{"start":{"line":883,"column":6},"end":{"line":883,"column":null}},"186":{"start":{"line":884,"column":6},"end":{"line":884,"column":null}},"187":{"start":{"line":888,"column":2},"end":{"line":894,"column":null}},"188":{"start":{"line":889,"column":10},"end":{"line":889,"column":null}},"189":{"start":{"line":891,"column":6},"end":{"line":891,"column":null}},"190":{"start":{"line":892,"column":6},"end":{"line":892,"column":null}},"191":{"start":{"line":896,"column":2},"end":{"line":899,"column":null}},"192":{"start":{"line":897,"column":4},"end":{"line":897,"column":null}},"193":{"start":{"line":898,"column":4},"end":{"line":898,"column":null}},"194":{"start":{"line":901,"column":2},"end":{"line":906,"column":null}},"195":{"start":{"line":902,"column":10},"end":{"line":902,"column":null}},"196":{"start":{"line":904,"column":6},"end":{"line":904,"column":null}},"197":{"start":{"line":908,"column":2},"end":{"line":913,"column":null}},"198":{"start":{"line":909,"column":10},"end":{"line":909,"column":null}},"199":{"start":{"line":911,"column":6},"end":{"line":911,"column":null}},"200":{"start":{"line":915,"column":2},"end":{"line":920,"column":null}},"201":{"start":{"line":916,"column":10},"end":{"line":916,"column":null}},"202":{"start":{"line":918,"column":6},"end":{"line":918,"column":null}},"203":{"start":{"line":922,"column":2},"end":{"line":927,"column":null}},"204":{"start":{"line":923,"column":10},"end":{"line":923,"column":null}},"205":{"start":{"line":925,"column":6},"end":{"line":925,"column":null}},"206":{"start":{"line":934,"column":8},"end":{"line":936,"column":null}},"207":{"start":{"line":935,"column":4},"end":{"line":935,"column":null}},"208":{"start":{"line":938,"column":8},"end":{"line":940,"column":null}},"209":{"start":{"line":939,"column":4},"end":{"line":939,"column":null}},"210":{"start":{"line":942,"column":8},"end":{"line":946,"column":null}},"211":{"start":{"line":943,"column":4},"end":{"line":945,"column":null}},"212":{"start":{"line":944,"column":6},"end":{"line":944,"column":null}},"213":{"start":{"line":948,"column":8},"end":{"line":952,"column":null}},"214":{"start":{"line":949,"column":4},"end":{"line":951,"column":null}},"215":{"start":{"line":950,"column":6},"end":{"line":950,"column":null}},"216":{"start":{"line":954,"column":8},"end":{"line":958,"column":null}},"217":{"start":{"line":955,"column":4},"end":{"line":957,"column":null}},"218":{"start":{"line":956,"column":6},"end":{"line":956,"column":null}},"219":{"start":{"line":960,"column":8},"end":{"line":964,"column":null}},"220":{"start":{"line":961,"column":4},"end":{"line":963,"column":null}},"221":{"start":{"line":962,"column":6},"end":{"line":962,"column":null}},"222":{"start":{"line":966,"column":8},"end":{"line":970,"column":null}},"223":{"start":{"line":967,"column":4},"end":{"line":969,"column":null}},"224":{"start":{"line":968,"column":6},"end":{"line":968,"column":null}},"225":{"start":{"line":972,"column":8},"end":{"line":976,"column":null}},"226":{"start":{"line":973,"column":4},"end":{"line":975,"column":null}},"227":{"start":{"line":974,"column":6},"end":{"line":974,"column":null}},"228":{"start":{"line":978,"column":8},"end":{"line":982,"column":null}},"229":{"start":{"line":979,"column":4},"end":{"line":981,"column":null}},"230":{"start":{"line":980,"column":6},"end":{"line":980,"column":null}},"231":{"start":{"line":984,"column":8},"end":{"line":988,"column":null}},"232":{"start":{"line":985,"column":4},"end":{"line":987,"column":null}},"233":{"start":{"line":986,"column":6},"end":{"line":986,"column":null}},"234":{"start":{"line":990,"column":8},"end":{"line":992,"column":null}},"235":{"start":{"line":991,"column":4},"end":{"line":991,"column":null}},"236":{"start":{"line":1004,"column":8},"end":{"line":1007,"column":null}},"237":{"start":{"line":1005,"column":4},"end":{"line":1005,"column":null}},"238":{"start":{"line":1006,"column":4},"end":{"line":1006,"column":null}},"239":{"start":{"line":1009,"column":8},"end":{"line":1011,"column":null}},"240":{"start":{"line":1010,"column":4},"end":{"line":1010,"column":null}},"241":{"start":{"line":1014,"column":8},"end":{"line":1021,"column":null}},"242":{"start":{"line":1015,"column":4},"end":{"line":1017,"column":null}},"243":{"start":{"line":1016,"column":6},"end":{"line":1016,"column":null}},"244":{"start":{"line":1018,"column":4},"end":{"line":1018,"column":null}},"245":{"start":{"line":1018,"column":38},"end":{"line":1018,"column":47}},"246":{"start":{"line":1019,"column":4},"end":{"line":1019,"column":null}},"247":{"start":{"line":1020,"column":4},"end":{"line":1020,"column":null}},"248":{"start":{"line":1023,"column":8},"end":{"line":1025,"column":null}},"249":{"start":{"line":1024,"column":4},"end":{"line":1024,"column":null}},"250":{"start":{"line":1028,"column":8},"end":{"line":1031,"column":null}},"251":{"start":{"line":1029,"column":4},"end":{"line":1029,"column":null}},"252":{"start":{"line":1030,"column":4},"end":{"line":1030,"column":null}},"253":{"start":{"line":1033,"column":8},"end":{"line":1035,"column":null}},"254":{"start":{"line":1034,"column":4},"end":{"line":1034,"column":null}},"255":{"start":{"line":1038,"column":2},"end":{"line":1038,"column":null}},"256":{"start":{"line":1039,"column":2},"end":{"line":1039,"column":null}},"257":{"start":{"line":1040,"column":2},"end":{"line":1040,"column":null}},"258":{"start":{"line":1041,"column":2},"end":{"line":1041,"column":null}},"259":{"start":{"line":1042,"column":2},"end":{"line":1042,"column":null}},"260":{"start":{"line":1043,"column":2},"end":{"line":1043,"column":null}},"261":{"start":{"line":1044,"column":2},"end":{"line":1044,"column":null}},"262":{"start":{"line":1045,"column":2},"end":{"line":1045,"column":null}},"263":{"start":{"line":1046,"column":2},"end":{"line":1046,"column":null}},"264":{"start":{"line":1047,"column":2},"end":{"line":1047,"column":null}},"265":{"start":{"line":1048,"column":2},"end":{"line":1048,"column":null}},"266":{"start":{"line":1049,"column":2},"end":{"line":1049,"column":null}},"267":{"start":{"line":1050,"column":2},"end":{"line":1050,"column":null}},"268":{"start":{"line":1051,"column":2},"end":{"line":1051,"column":null}},"269":{"start":{"line":1052,"column":2},"end":{"line":1052,"column":null}},"270":{"start":{"line":1053,"column":2},"end":{"line":1053,"column":null}},"271":{"start":{"line":1054,"column":2},"end":{"line":1054,"column":null}},"272":{"start":{"line":1056,"column":2},"end":{"line":1078,"column":null}},"273":{"start":{"line":1057,"column":4},"end":{"line":1057,"column":null}},"274":{"start":{"line":1059,"column":4},"end":{"line":1059,"column":null}},"275":{"start":{"line":1060,"column":4},"end":{"line":1060,"column":null}},"276":{"start":{"line":1061,"column":4},"end":{"line":1061,"column":null}},"277":{"start":{"line":1062,"column":4},"end":{"line":1062,"column":null}},"278":{"start":{"line":1063,"column":4},"end":{"line":1063,"column":null}},"279":{"start":{"line":1064,"column":4},"end":{"line":1064,"column":null}},"280":{"start":{"line":1065,"column":4},"end":{"line":1065,"column":null}},"281":{"start":{"line":1066,"column":4},"end":{"line":1066,"column":null}},"282":{"start":{"line":1067,"column":4},"end":{"line":1067,"column":null}},"283":{"start":{"line":1068,"column":4},"end":{"line":1068,"column":null}},"284":{"start":{"line":1069,"column":4},"end":{"line":1069,"column":null}},"285":{"start":{"line":1070,"column":4},"end":{"line":1070,"column":null}},"286":{"start":{"line":1071,"column":4},"end":{"line":1071,"column":null}},"287":{"start":{"line":1072,"column":4},"end":{"line":1072,"column":null}},"288":{"start":{"line":1073,"column":4},"end":{"line":1073,"column":null}},"289":{"start":{"line":1074,"column":4},"end":{"line":1074,"column":null}},"290":{"start":{"line":1075,"column":4},"end":{"line":1075,"column":null}},"291":{"start":{"line":1076,"column":4},"end":{"line":1076,"column":null}},"292":{"start":{"line":1077,"column":4},"end":{"line":1077,"column":null}},"293":{"start":{"line":1090,"column":2},"end":{"line":1187,"column":null}},"294":{"start":{"line":1091,"column":4},"end":{"line":1095,"column":null}},"295":{"start":{"line":1092,"column":6},"end":{"line":1092,"column":null}},"296":{"start":{"line":1094,"column":6},"end":{"line":1094,"column":null}},"297":{"start":{"line":1096,"column":4},"end":{"line":1096,"column":null}},"298":{"start":{"line":1103,"column":4},"end":{"line":1103,"column":null}},"299":{"start":{"line":1104,"column":4},"end":{"line":1104,"column":null}},"300":{"start":{"line":1105,"column":4},"end":{"line":1105,"column":null}},"301":{"start":{"line":1117,"column":4},"end":{"line":1117,"column":null}},"302":{"start":{"line":1119,"column":4},"end":{"line":1123,"column":null}},"303":{"start":{"line":1120,"column":6},"end":{"line":1120,"column":null}},"304":{"start":{"line":1122,"column":6},"end":{"line":1122,"column":null}},"305":{"start":{"line":1125,"column":4},"end":{"line":1129,"column":null}},"306":{"start":{"line":1126,"column":6},"end":{"line":1126,"column":null}},"307":{"start":{"line":1128,"column":6},"end":{"line":1128,"column":null}},"308":{"start":{"line":1131,"column":4},"end":{"line":1135,"column":null}},"309":{"start":{"line":1132,"column":6},"end":{"line":1132,"column":null}},"310":{"start":{"line":1134,"column":6},"end":{"line":1134,"column":null}},"311":{"start":{"line":1137,"column":4},"end":{"line":1141,"column":null}},"312":{"start":{"line":1138,"column":6},"end":{"line":1138,"column":null}},"313":{"start":{"line":1140,"column":6},"end":{"line":1140,"column":null}},"314":{"start":{"line":1143,"column":4},"end":{"line":1147,"column":null}},"315":{"start":{"line":1144,"column":6},"end":{"line":1144,"column":null}},"316":{"start":{"line":1146,"column":6},"end":{"line":1146,"column":null}},"317":{"start":{"line":1149,"column":4},"end":{"line":1153,"column":null}},"318":{"start":{"line":1150,"column":6},"end":{"line":1150,"column":null}},"319":{"start":{"line":1152,"column":6},"end":{"line":1152,"column":null}},"320":{"start":{"line":1155,"column":4},"end":{"line":1159,"column":null}},"321":{"start":{"line":1156,"column":6},"end":{"line":1156,"column":null}},"322":{"start":{"line":1158,"column":6},"end":{"line":1158,"column":null}},"323":{"start":{"line":1161,"column":4},"end":{"line":1165,"column":null}},"324":{"start":{"line":1162,"column":6},"end":{"line":1162,"column":null}},"325":{"start":{"line":1164,"column":6},"end":{"line":1164,"column":null}},"326":{"start":{"line":1167,"column":4},"end":{"line":1167,"column":null}},"327":{"start":{"line":1168,"column":4},"end":{"line":1168,"column":null}},"328":{"start":{"line":1169,"column":4},"end":{"line":1169,"column":null}},"329":{"start":{"line":1184,"column":4},"end":{"line":1184,"column":null}},"330":{"start":{"line":1185,"column":4},"end":{"line":1185,"column":null}},"331":{"start":{"line":1186,"column":4},"end":{"line":1186,"column":null}},"332":{"start":{"line":1196,"column":2},"end":{"line":1201,"column":null}},"333":{"start":{"line":32,"column":12},"end":{"line":32,"column":39}},"334":{"start":{"line":12,"column":2},"end":{"line":125,"column":null}},"335":{"start":{"line":23,"column":14},"end":{"line":23,"column":null}},"336":{"start":{"line":28,"column":14},"end":{"line":28,"column":null}}},"fnMap":{"0":{"name":"(anonymous_0)","decl":{"start":{"line":328,"column":20},"end":{"line":328,"column":35}},"loc":{"start":{"line":328,"column":35},"end":{"line":330,"column":3}},"line":328},"1":{"name":"(anonymous_1)","decl":{"start":{"line":400,"column":8},"end":{"line":400,"column":31}},"loc":{"start":{"line":400,"column":67},"end":{"line":407,"column":null}},"line":400},"2":{"name":"(anonymous_2)","decl":{"start":{"line":403,"column":6},"end":{"line":403,"column":23}},"loc":{"start":{"line":403,"column":23},"end":{"line":405,"column":9}},"line":403},"3":{"name":"(anonymous_3)","decl":{"start":{"line":408,"column":8},"end":{"line":408,"column":21}},"loc":{"start":{"line":408,"column":37},"end":{"line":408,"column":69}},"line":408},"4":{"name":"(anonymous_4)","decl":{"start":{"line":409,"column":8},"end":{"line":409,"column":21}},"loc":{"start":{"line":409,"column":37},"end":{"line":409,"column":69}},"line":409},"5":{"name":"(anonymous_5)","decl":{"start":{"line":411,"column":8},"end":{"line":411,"column":27}},"loc":{"start":{"line":411,"column":55},"end":{"line":422,"column":null}},"line":411},"6":{"name":"(anonymous_6)","decl":{"start":{"line":428,"column":8},"end":{"line":428,"column":24}},"loc":{"start":{"line":428,"column":54},"end":{"line":443,"column":null}},"line":428},"7":{"name":"(anonymous_7)","decl":{"start":{"line":447,"column":32},"end":{"line":447,"column":47}},"loc":{"start":{"line":447,"column":47},"end":{"line":449,"column":3}},"line":447},"8":{"name":"(anonymous_8)","decl":{"start":{"line":452,"column":32},"end":{"line":452,"column":47}},"loc":{"start":{"line":452,"column":47},"end":{"line":454,"column":3}},"line":452},"9":{"name":"(anonymous_9)","decl":{"start":{"line":457,"column":43},"end":{"line":457,"column":58}},"loc":{"start":{"line":457,"column":58},"end":{"line":459,"column":3}},"line":457},"10":{"name":"(anonymous_10)","decl":{"start":{"line":462,"column":20},"end":{"line":462,"column":35}},"loc":{"start":{"line":462,"column":35},"end":{"line":467,"column":3}},"line":462},"11":{"name":"(anonymous_11)","decl":{"start":{"line":505,"column":29},"end":{"line":505,"column":44}},"loc":{"start":{"line":505,"column":44},"end":{"line":505,"column":103}},"line":505},"12":{"name":"(anonymous_12)","decl":{"start":{"line":507,"column":28},"end":{"line":507,"column":43}},"loc":{"start":{"line":507,"column":43},"end":{"line":518,"column":3}},"line":507},"13":{"name":"(anonymous_13)","decl":{"start":{"line":534,"column":36},"end":{"line":534,"column":51}},"loc":{"start":{"line":534,"column":51},"end":{"line":542,"column":3}},"line":534},"14":{"name":"(anonymous_14)","decl":{"start":{"line":553,"column":22},"end":{"line":553,"column":38}},"loc":{"start":{"line":553,"column":38},"end":{"line":553,"column":92}},"line":553},"15":{"name":"(anonymous_15)","decl":{"start":{"line":566,"column":21},"end":{"line":566,"column":36}},"loc":{"start":{"line":566,"column":36},"end":{"line":568,"column":3}},"line":566},"16":{"name":"(anonymous_16)","decl":{"start":{"line":570,"column":19},"end":{"line":570,"column":34}},"loc":{"start":{"line":570,"column":34},"end":{"line":584,"column":3}},"line":570},"17":{"name":"(anonymous_17)","decl":{"start":{"line":594,"column":8},"end":{"line":594,"column":34}},"loc":{"start":{"line":594,"column":34},"end":{"line":675,"column":null}},"line":594},"18":{"name":"(anonymous_18)","decl":{"start":{"line":683,"column":8},"end":{"line":683,"column":43}},"loc":{"start":{"line":683,"column":43},"end":{"line":700,"column":null}},"line":683},"19":{"name":"(anonymous_19)","decl":{"start":{"line":710,"column":8},"end":{"line":710,"column":23}},"loc":{"start":{"line":710,"column":47},"end":{"line":722,"column":null}},"line":710},"20":{"name":"(anonymous_20)","decl":{"start":{"line":725,"column":8},"end":{"line":725,"column":34}},"loc":{"start":{"line":725,"column":34},"end":{"line":727,"column":null}},"line":725},"21":{"name":"(anonymous_21)","decl":{"start":{"line":737,"column":2},"end":{"line":737,"column":null}},"loc":{"start":{"line":738,"column":10},"end":{"line":738,"column":null}},"line":738},"22":{"name":"(anonymous_22)","decl":{"start":{"line":738,"column":16},"end":{"line":738,"column":null}},"loc":{"start":{"line":739,"column":11},"end":{"line":741,"column":null}},"line":739},"23":{"name":"(anonymous_23)","decl":{"start":{"line":744,"column":2},"end":{"line":744,"column":null}},"loc":{"start":{"line":745,"column":10},"end":{"line":745,"column":null}},"line":745},"24":{"name":"(anonymous_24)","decl":{"start":{"line":745,"column":16},"end":{"line":745,"column":null}},"loc":{"start":{"line":746,"column":10},"end":{"line":749,"column":null}},"line":746},"25":{"name":"(anonymous_25)","decl":{"start":{"line":752,"column":8},"end":{"line":752,"column":25}},"loc":{"start":{"line":752,"column":25},"end":{"line":754,"column":3}},"line":752},"26":{"name":"(anonymous_26)","decl":{"start":{"line":756,"column":2},"end":{"line":756,"column":null}},"loc":{"start":{"line":757,"column":10},"end":{"line":757,"column":null}},"line":757},"27":{"name":"(anonymous_27)","decl":{"start":{"line":757,"column":16},"end":{"line":757,"column":null}},"loc":{"start":{"line":758,"column":11},"end":{"line":760,"column":null}},"line":758},"28":{"name":"(anonymous_28)","decl":{"start":{"line":763,"column":2},"end":{"line":763,"column":null}},"loc":{"start":{"line":764,"column":10},"end":{"line":764,"column":null}},"line":764},"29":{"name":"(anonymous_29)","decl":{"start":{"line":764,"column":16},"end":{"line":764,"column":null}},"loc":{"start":{"line":765,"column":11},"end":{"line":767,"column":null}},"line":765},"30":{"name":"(anonymous_30)","decl":{"start":{"line":770,"column":2},"end":{"line":770,"column":null}},"loc":{"start":{"line":771,"column":10},"end":{"line":771,"column":null}},"line":771},"31":{"name":"(anonymous_31)","decl":{"start":{"line":771,"column":16},"end":{"line":771,"column":null}},"loc":{"start":{"line":772,"column":11},"end":{"line":774,"column":null}},"line":772},"32":{"name":"(anonymous_32)","decl":{"start":{"line":777,"column":2},"end":{"line":777,"column":null}},"loc":{"start":{"line":778,"column":10},"end":{"line":778,"column":null}},"line":778},"33":{"name":"(anonymous_33)","decl":{"start":{"line":778,"column":16},"end":{"line":778,"column":null}},"loc":{"start":{"line":779,"column":11},"end":{"line":781,"column":null}},"line":779},"34":{"name":"(anonymous_34)","decl":{"start":{"line":784,"column":2},"end":{"line":784,"column":null}},"loc":{"start":{"line":785,"column":10},"end":{"line":785,"column":null}},"line":785},"35":{"name":"(anonymous_35)","decl":{"start":{"line":785,"column":16},"end":{"line":785,"column":null}},"loc":{"start":{"line":786,"column":11},"end":{"line":788,"column":null}},"line":786},"36":{"name":"(anonymous_36)","decl":{"start":{"line":791,"column":2},"end":{"line":791,"column":null}},"loc":{"start":{"line":792,"column":10},"end":{"line":792,"column":null}},"line":792},"37":{"name":"(anonymous_37)","decl":{"start":{"line":792,"column":16},"end":{"line":792,"column":null}},"loc":{"start":{"line":793,"column":11},"end":{"line":795,"column":null}},"line":793},"38":{"name":"(anonymous_38)","decl":{"start":{"line":811,"column":2},"end":{"line":811,"column":null}},"loc":{"start":{"line":812,"column":10},"end":{"line":812,"column":null}},"line":812},"39":{"name":"(anonymous_39)","decl":{"start":{"line":812,"column":16},"end":{"line":812,"column":null}},"loc":{"start":{"line":813,"column":11},"end":{"line":817,"column":null}},"line":813},"40":{"name":"(anonymous_40)","decl":{"start":{"line":827,"column":8},"end":{"line":827,"column":25}},"loc":{"start":{"line":827,"column":25},"end":{"line":829,"column":5}},"line":827},"41":{"name":"(anonymous_41)","decl":{"start":{"line":842,"column":8},"end":{"line":842,"column":37}},"loc":{"start":{"line":842,"column":37},"end":{"line":845,"column":5}},"line":842},"42":{"name":"(anonymous_42)","decl":{"start":{"line":847,"column":8},"end":{"line":847,"column":25}},"loc":{"start":{"line":847,"column":25},"end":{"line":850,"column":3}},"line":847},"43":{"name":"(anonymous_43)","decl":{"start":{"line":852,"column":8},"end":{"line":852,"column":20}},"loc":{"start":{"line":852,"column":20},"end":{"line":856,"column":3}},"line":852},"44":{"name":"(anonymous_44)","decl":{"start":{"line":858,"column":8},"end":{"line":858,"column":30}},"loc":{"start":{"line":858,"column":30},"end":{"line":862,"column":3}},"line":858},"45":{"name":"(anonymous_45)","decl":{"start":{"line":864,"column":2},"end":{"line":864,"column":null}},"loc":{"start":{"line":865,"column":10},"end":{"line":865,"column":null}},"line":865},"46":{"name":"(anonymous_46)","decl":{"start":{"line":865,"column":16},"end":{"line":865,"column":null}},"loc":{"start":{"line":866,"column":14},"end":{"line":869,"column":null}},"line":866},"47":{"name":"(anonymous_47)","decl":{"start":{"line":872,"column":2},"end":{"line":872,"column":null}},"loc":{"start":{"line":873,"column":10},"end":{"line":873,"column":null}},"line":873},"48":{"name":"(anonymous_48)","decl":{"start":{"line":873,"column":16},"end":{"line":873,"column":null}},"loc":{"start":{"line":874,"column":14},"end":{"line":877,"column":null}},"line":874},"49":{"name":"(anonymous_49)","decl":{"start":{"line":880,"column":2},"end":{"line":880,"column":null}},"loc":{"start":{"line":881,"column":10},"end":{"line":881,"column":null}},"line":881},"50":{"name":"(anonymous_50)","decl":{"start":{"line":881,"column":16},"end":{"line":881,"column":null}},"loc":{"start":{"line":882,"column":14},"end":{"line":885,"column":null}},"line":882},"51":{"name":"(anonymous_51)","decl":{"start":{"line":888,"column":2},"end":{"line":888,"column":null}},"loc":{"start":{"line":889,"column":10},"end":{"line":889,"column":null}},"line":889},"52":{"name":"(anonymous_52)","decl":{"start":{"line":889,"column":16},"end":{"line":889,"column":null}},"loc":{"start":{"line":890,"column":14},"end":{"line":893,"column":null}},"line":890},"53":{"name":"(anonymous_53)","decl":{"start":{"line":896,"column":8},"end":{"line":896,"column":25}},"loc":{"start":{"line":896,"column":25},"end":{"line":899,"column":3}},"line":896},"54":{"name":"(anonymous_54)","decl":{"start":{"line":901,"column":2},"end":{"line":901,"column":null}},"loc":{"start":{"line":902,"column":10},"end":{"line":902,"column":null}},"line":902},"55":{"name":"(anonymous_55)","decl":{"start":{"line":902,"column":16},"end":{"line":902,"column":null}},"loc":{"start":{"line":903,"column":10},"end":{"line":905,"column":null}},"line":903},"56":{"name":"(anonymous_56)","decl":{"start":{"line":908,"column":2},"end":{"line":908,"column":null}},"loc":{"start":{"line":909,"column":10},"end":{"line":909,"column":null}},"line":909},"57":{"name":"(anonymous_57)","decl":{"start":{"line":909,"column":16},"end":{"line":909,"column":null}},"loc":{"start":{"line":910,"column":10},"end":{"line":912,"column":null}},"line":910},"58":{"name":"(anonymous_58)","decl":{"start":{"line":915,"column":2},"end":{"line":915,"column":null}},"loc":{"start":{"line":916,"column":10},"end":{"line":916,"column":null}},"line":916},"59":{"name":"(anonymous_59)","decl":{"start":{"line":916,"column":16},"end":{"line":916,"column":null}},"loc":{"start":{"line":917,"column":10},"end":{"line":919,"column":null}},"line":917},"60":{"name":"(anonymous_60)","decl":{"start":{"line":922,"column":2},"end":{"line":922,"column":null}},"loc":{"start":{"line":923,"column":10},"end":{"line":923,"column":null}},"line":923},"61":{"name":"(anonymous_61)","decl":{"start":{"line":923,"column":16},"end":{"line":923,"column":null}},"loc":{"start":{"line":924,"column":10},"end":{"line":926,"column":null}},"line":924},"62":{"name":"(anonymous_62)","decl":{"start":{"line":934,"column":8},"end":{"line":934,"column":30}},"loc":{"start":{"line":934,"column":54},"end":{"line":936,"column":null}},"line":934},"63":{"name":"(anonymous_63)","decl":{"start":{"line":938,"column":8},"end":{"line":938,"column":37}},"loc":{"start":{"line":938,"column":37},"end":{"line":940,"column":null}},"line":938},"64":{"name":"(anonymous_64)","decl":{"start":{"line":942,"column":8},"end":{"line":942,"column":31}},"loc":{"start":{"line":942,"column":62},"end":{"line":946,"column":null}},"line":942},"65":{"name":"(anonymous_65)","decl":{"start":{"line":948,"column":8},"end":{"line":948,"column":31}},"loc":{"start":{"line":948,"column":62},"end":{"line":952,"column":null}},"line":948},"66":{"name":"(anonymous_66)","decl":{"start":{"line":954,"column":8},"end":{"line":954,"column":29}},"loc":{"start":{"line":954,"column":58},"end":{"line":958,"column":null}},"line":954},"67":{"name":"(anonymous_67)","decl":{"start":{"line":960,"column":8},"end":{"line":960,"column":37}},"loc":{"start":{"line":960,"column":60},"end":{"line":964,"column":null}},"line":960},"68":{"name":"(anonymous_68)","decl":{"start":{"line":966,"column":8},"end":{"line":966,"column":36}},"loc":{"start":{"line":966,"column":59},"end":{"line":970,"column":null}},"line":966},"69":{"name":"(anonymous_69)","decl":{"start":{"line":972,"column":8},"end":{"line":972,"column":37}},"loc":{"start":{"line":972,"column":60},"end":{"line":976,"column":null}},"line":972},"70":{"name":"(anonymous_70)","decl":{"start":{"line":978,"column":8},"end":{"line":978,"column":36}},"loc":{"start":{"line":978,"column":58},"end":{"line":982,"column":null}},"line":978},"71":{"name":"(anonymous_71)","decl":{"start":{"line":984,"column":8},"end":{"line":984,"column":35}},"loc":{"start":{"line":984,"column":66},"end":{"line":988,"column":null}},"line":984},"72":{"name":"(anonymous_72)","decl":{"start":{"line":990,"column":8},"end":{"line":990,"column":36}},"loc":{"start":{"line":990,"column":61},"end":{"line":992,"column":null}},"line":990},"73":{"name":"(anonymous_73)","decl":{"start":{"line":1004,"column":8},"end":{"line":1004,"column":38}},"loc":{"start":{"line":1004,"column":61},"end":{"line":1007,"column":null}},"line":1004},"74":{"name":"(anonymous_74)","decl":{"start":{"line":1009,"column":8},"end":{"line":1009,"column":31}},"loc":{"start":{"line":1009,"column":57},"end":{"line":1011,"column":null}},"line":1009},"75":{"name":"(anonymous_75)","decl":{"start":{"line":1014,"column":8},"end":{"line":1014,"column":28}},"loc":{"start":{"line":1014,"column":58},"end":{"line":1021,"column":null}},"line":1014},"76":{"name":"(anonymous_76)","decl":{"start":{"line":1018,"column":29},"end":{"line":1018,"column":33}},"loc":{"start":{"line":1018,"column":38},"end":{"line":1018,"column":47}},"line":1018},"77":{"name":"(anonymous_77)","decl":{"start":{"line":1023,"column":8},"end":{"line":1023,"column":29}},"loc":{"start":{"line":1023,"column":53},"end":{"line":1025,"column":null}},"line":1023},"78":{"name":"(anonymous_78)","decl":{"start":{"line":1028,"column":8},"end":{"line":1028,"column":34}},"loc":{"start":{"line":1028,"column":64},"end":{"line":1031,"column":null}},"line":1028},"79":{"name":"(anonymous_79)","decl":{"start":{"line":1033,"column":8},"end":{"line":1033,"column":21}},"loc":{"start":{"line":1033,"column":46},"end":{"line":1035,"column":null}},"line":1033},"80":{"name":"(anonymous_80)","decl":{"start":{"line":1056,"column":2},"end":{"line":1056,"column":24}},"loc":{"start":{"line":1056,"column":24},"end":{"line":1078,"column":3}},"line":1056},"81":{"name":"(anonymous_81)","decl":{"start":{"line":1090,"column":2},"end":{"line":1090,"column":18}},"loc":{"start":{"line":1090,"column":18},"end":{"line":1187,"column":3}},"line":1090},"82":{"name":"(anonymous_82)","decl":{"start":{"line":23,"column":12},"end":{"line":23,"column":14}},"loc":{"start":{"line":23,"column":14},"end":{"line":23,"column":null}},"line":23},"83":{"name":"(anonymous_83)","decl":{"start":{"line":28,"column":12},"end":{"line":28,"column":14}},"loc":{"start":{"line":28,"column":14},"end":{"line":28,"column":null}},"line":28}},"branchMap":{"0":{"loc":{"start":{"line":329,"column":11},"end":{"line":329,"column":null}},"type":"cond-expr","locations":[{"start":{"line":329,"column":30},"end":{"line":329,"column":42}},{"start":{"line":329,"column":42},"end":{"line":329,"column":null}}],"line":329},"1":{"loc":{"start":{"line":401,"column":4},"end":{"line":406,"column":null}},"type":"if","locations":[{"start":{"line":401,"column":4},"end":{"line":406,"column":null}},{"start":{},"end":{}}],"line":401},"2":{"loc":{"start":{"line":401,"column":7},"end":{"line":401,"column":19}},"type":"binary-expr","locations":[{"start":{"line":401,"column":7},"end":{"line":401,"column":14}},{"start":{"line":401,"column":14},"end":{"line":401,"column":19}}],"line":401},"3":{"loc":{"start":{"line":412,"column":4},"end":{"line":414,"column":null}},"type":"if","locations":[{"start":{"line":412,"column":4},"end":{"line":414,"column":null}},{"start":{},"end":{}}],"line":412},"4":{"loc":{"start":{"line":448,"column":11},"end":{"line":448,"column":null}},"type":"binary-expr","locations":[{"start":{"line":448,"column":11},"end":{"line":448,"column":30}},{"start":{"line":448,"column":30},"end":{"line":448,"column":49}},{"start":{"line":448,"column":49},"end":{"line":448,"column":null}}],"line":448},"5":{"loc":{"start":{"line":453,"column":11},"end":{"line":453,"column":null}},"type":"binary-expr","locations":[{"start":{"line":453,"column":11},"end":{"line":453,"column":30}},{"start":{"line":453,"column":30},"end":{"line":453,"column":49}},{"start":{"line":453,"column":49},"end":{"line":453,"column":null}}],"line":453},"6":{"loc":{"start":{"line":458,"column":4},"end":{"line":458,"column":null}},"type":"binary-expr","locations":[{"start":{"line":458,"column":12},"end":{"line":458,"column":31}},{"start":{"line":458,"column":31},"end":{"line":458,"column":51}},{"start":{"line":458,"column":51},"end":{"line":458,"column":70}},{"start":{"line":458,"column":70},"end":{"line":458,"column":null}}],"line":458},"7":{"loc":{"start":{"line":463,"column":4},"end":{"line":465,"column":null}},"type":"if","locations":[{"start":{"line":463,"column":4},"end":{"line":465,"column":null}},{"start":{},"end":{}}],"line":463},"8":{"loc":{"start":{"line":508,"column":42},"end":{"line":510,"column":null}},"type":"cond-expr","locations":[{"start":{"line":509,"column":8},"end":{"line":509,"column":null}},{"start":{"line":510,"column":8},"end":{"line":510,"column":null}}],"line":508},"9":{"loc":{"start":{"line":512,"column":18},"end":{"line":514,"column":null}},"type":"cond-expr","locations":[{"start":{"line":513,"column":8},"end":{"line":513,"column":null}},{"start":{"line":514,"column":8},"end":{"line":514,"column":null}}],"line":512},"10":{"loc":{"start":{"line":535,"column":4},"end":{"line":537,"column":null}},"type":"if","locations":[{"start":{"line":535,"column":4},"end":{"line":537,"column":null}},{"start":{},"end":{}}],"line":535},"11":{"loc":{"start":{"line":538,"column":4},"end":{"line":540,"column":null}},"type":"if","locations":[{"start":{"line":538,"column":4},"end":{"line":540,"column":null}},{"start":{},"end":{}}],"line":538},"12":{"loc":{"start":{"line":541,"column":38},"end":{"line":541,"column":87}},"type":"binary-expr","locations":[{"start":{"line":541,"column":38},"end":{"line":541,"column":65}},{"start":{"line":541,"column":65},"end":{"line":541,"column":87}}],"line":541},"13":{"loc":{"start":{"line":553,"column":38},"end":{"line":553,"column":92}},"type":"cond-expr","locations":[{"start":{"line":553,"column":62},"end":{"line":553,"column":67}},{"start":{"line":553,"column":67},"end":{"line":553,"column":92}}],"line":553},"14":{"loc":{"start":{"line":567,"column":11},"end":{"line":567,"column":null}},"type":"binary-expr","locations":[{"start":{"line":567,"column":11},"end":{"line":567,"column":56}},{"start":{"line":567,"column":56},"end":{"line":567,"column":null}}],"line":567},"15":{"loc":{"start":{"line":574,"column":18},"end":{"line":574,"column":null}},"type":"binary-expr","locations":[{"start":{"line":574,"column":18},"end":{"line":574,"column":37}},{"start":{"line":574,"column":37},"end":{"line":574,"column":null}}],"line":574},"16":{"loc":{"start":{"line":595,"column":4},"end":{"line":601,"column":null}},"type":"if","locations":[{"start":{"line":595,"column":4},"end":{"line":601,"column":null}},{"start":{"line":598,"column":11},"end":{"line":601,"column":null}}],"line":595},"17":{"loc":{"start":{"line":597,"column":21},"end":{"line":597,"column":null}},"type":"cond-expr","locations":[{"start":{"line":597,"column":44},"end":{"line":597,"column":57}},{"start":{"line":597,"column":57},"end":{"line":597,"column":null}}],"line":597},"18":{"loc":{"start":{"line":604,"column":4},"end":{"line":612,"column":null}},"type":"if","locations":[{"start":{"line":604,"column":4},"end":{"line":612,"column":null}},{"start":{},"end":{}}],"line":604},"19":{"loc":{"start":{"line":607,"column":6},"end":{"line":611,"column":null}},"type":"if","locations":[{"start":{"line":607,"column":6},"end":{"line":611,"column":null}},{"start":{"line":609,"column":13},"end":{"line":611,"column":null}}],"line":607},"20":{"loc":{"start":{"line":613,"column":4},"end":{"line":652,"column":null}},"type":"if","locations":[{"start":{"line":613,"column":4},"end":{"line":652,"column":null}},{"start":{},"end":{}}],"line":613},"21":{"loc":{"start":{"line":636,"column":6},"end":{"line":641,"column":null}},"type":"if","locations":[{"start":{"line":636,"column":6},"end":{"line":641,"column":null}},{"start":{},"end":{}}],"line":636},"22":{"loc":{"start":{"line":642,"column":6},"end":{"line":647,"column":null}},"type":"if","locations":[{"start":{"line":642,"column":6},"end":{"line":647,"column":null}},{"start":{},"end":{}}],"line":642},"23":{"loc":{"start":{"line":656,"column":4},"end":{"line":663,"column":null}},"type":"if","locations":[{"start":{"line":656,"column":4},"end":{"line":663,"column":null}},{"start":{},"end":{}}],"line":656},"24":{"loc":{"start":{"line":658,"column":6},"end":{"line":662,"column":null}},"type":"if","locations":[{"start":{"line":658,"column":6},"end":{"line":662,"column":null}},{"start":{"line":660,"column":13},"end":{"line":662,"column":null}}],"line":658},"25":{"loc":{"start":{"line":665,"column":4},"end":{"line":673,"column":null}},"type":"if","locations":[{"start":{"line":665,"column":4},"end":{"line":673,"column":null}},{"start":{},"end":{}}],"line":665},"26":{"loc":{"start":{"line":668,"column":6},"end":{"line":672,"column":null}},"type":"if","locations":[{"start":{"line":668,"column":6},"end":{"line":672,"column":null}},{"start":{"line":670,"column":13},"end":{"line":672,"column":null}}],"line":668},"27":{"loc":{"start":{"line":693,"column":6},"end":{"line":695,"column":null}},"type":"if","locations":[{"start":{"line":693,"column":6},"end":{"line":695,"column":null}},{"start":{},"end":{}}],"line":693},"28":{"loc":{"start":{"line":719,"column":4},"end":{"line":721,"column":null}},"type":"if","locations":[{"start":{"line":719,"column":4},"end":{"line":721,"column":null}},{"start":{},"end":{}}],"line":719},"29":{"loc":{"start":{"line":719,"column":7},"end":{"line":719,"column":44}},"type":"binary-expr","locations":[{"start":{"line":719,"column":7},"end":{"line":719,"column":33}},{"start":{"line":719,"column":33},"end":{"line":719,"column":44}}],"line":719},"30":{"loc":{"start":{"line":814,"column":6},"end":{"line":816,"column":null}},"type":"if","locations":[{"start":{"line":814,"column":6},"end":{"line":816,"column":null}},{"start":{},"end":{}}],"line":814},"31":{"loc":{"start":{"line":943,"column":4},"end":{"line":945,"column":null}},"type":"if","locations":[{"start":{"line":943,"column":4},"end":{"line":945,"column":null}},{"start":{},"end":{}}],"line":943},"32":{"loc":{"start":{"line":949,"column":4},"end":{"line":951,"column":null}},"type":"if","locations":[{"start":{"line":949,"column":4},"end":{"line":951,"column":null}},{"start":{},"end":{}}],"line":949},"33":{"loc":{"start":{"line":955,"column":4},"end":{"line":957,"column":null}},"type":"if","locations":[{"start":{"line":955,"column":4},"end":{"line":957,"column":null}},{"start":{},"end":{}}],"line":955},"34":{"loc":{"start":{"line":961,"column":4},"end":{"line":963,"column":null}},"type":"if","locations":[{"start":{"line":961,"column":4},"end":{"line":963,"column":null}},{"start":{},"end":{}}],"line":961},"35":{"loc":{"start":{"line":967,"column":4},"end":{"line":969,"column":null}},"type":"if","locations":[{"start":{"line":967,"column":4},"end":{"line":969,"column":null}},{"start":{},"end":{}}],"line":967},"36":{"loc":{"start":{"line":973,"column":4},"end":{"line":975,"column":null}},"type":"if","locations":[{"start":{"line":973,"column":4},"end":{"line":975,"column":null}},{"start":{},"end":{}}],"line":973},"37":{"loc":{"start":{"line":979,"column":4},"end":{"line":981,"column":null}},"type":"if","locations":[{"start":{"line":979,"column":4},"end":{"line":981,"column":null}},{"start":{},"end":{}}],"line":979},"38":{"loc":{"start":{"line":985,"column":4},"end":{"line":987,"column":null}},"type":"if","locations":[{"start":{"line":985,"column":4},"end":{"line":987,"column":null}},{"start":{},"end":{}}],"line":985},"39":{"loc":{"start":{"line":1015,"column":4},"end":{"line":1017,"column":null}},"type":"if","locations":[{"start":{"line":1015,"column":4},"end":{"line":1017,"column":null}},{"start":{},"end":{}}],"line":1015},"40":{"loc":{"start":{"line":1015,"column":7},"end":{"line":1015,"column":93}},"type":"binary-expr","locations":[{"start":{"line":1015,"column":7},"end":{"line":1015,"column":22}},{"start":{"line":1015,"column":22},"end":{"line":1015,"column":58}},{"start":{"line":1015,"column":58},"end":{"line":1015,"column":93}}],"line":1015},"41":{"loc":{"start":{"line":1091,"column":4},"end":{"line":1095,"column":null}},"type":"if","locations":[{"start":{"line":1091,"column":4},"end":{"line":1095,"column":null}},{"start":{"line":1093,"column":11},"end":{"line":1095,"column":null}}],"line":1091},"42":{"loc":{"start":{"line":1091,"column":7},"end":{"line":1091,"column":60}},"type":"binary-expr","locations":[{"start":{"line":1091,"column":7},"end":{"line":1091,"column":33}},{"start":{"line":1091,"column":33},"end":{"line":1091,"column":60}}],"line":1091},"43":{"loc":{"start":{"line":1103,"column":27},"end":{"line":1103,"column":null}},"type":"cond-expr","locations":[{"start":{"line":1103,"column":109},"end":{"line":1103,"column":137}},{"start":{"line":1103,"column":137},"end":{"line":1103,"column":null}}],"line":1103},"44":{"loc":{"start":{"line":1103,"column":27},"end":{"line":1103,"column":109}},"type":"binary-expr","locations":[{"start":{"line":1103,"column":27},"end":{"line":1103,"column":66}},{"start":{"line":1103,"column":66},"end":{"line":1103,"column":109}}],"line":1103},"45":{"loc":{"start":{"line":1104,"column":19},"end":{"line":1104,"column":null}},"type":"cond-expr","locations":[{"start":{"line":1104,"column":54},"end":{"line":1104,"column":74}},{"start":{"line":1104,"column":74},"end":{"line":1104,"column":null}}],"line":1104},"46":{"loc":{"start":{"line":1119,"column":4},"end":{"line":1123,"column":null}},"type":"if","locations":[{"start":{"line":1119,"column":4},"end":{"line":1123,"column":null}},{"start":{"line":1121,"column":11},"end":{"line":1123,"column":null}}],"line":1119},"47":{"loc":{"start":{"line":1125,"column":4},"end":{"line":1129,"column":null}},"type":"if","locations":[{"start":{"line":1125,"column":4},"end":{"line":1129,"column":null}},{"start":{"line":1127,"column":11},"end":{"line":1129,"column":null}}],"line":1125},"48":{"loc":{"start":{"line":1131,"column":4},"end":{"line":1135,"column":null}},"type":"if","locations":[{"start":{"line":1131,"column":4},"end":{"line":1135,"column":null}},{"start":{"line":1133,"column":11},"end":{"line":1135,"column":null}}],"line":1131},"49":{"loc":{"start":{"line":1137,"column":4},"end":{"line":1141,"column":null}},"type":"if","locations":[{"start":{"line":1137,"column":4},"end":{"line":1141,"column":null}},{"start":{"line":1139,"column":11},"end":{"line":1141,"column":null}}],"line":1137},"50":{"loc":{"start":{"line":1143,"column":4},"end":{"line":1147,"column":null}},"type":"if","locations":[{"start":{"line":1143,"column":4},"end":{"line":1147,"column":null}},{"start":{"line":1145,"column":11},"end":{"line":1147,"column":null}}],"line":1143},"51":{"loc":{"start":{"line":1149,"column":4},"end":{"line":1153,"column":null}},"type":"if","locations":[{"start":{"line":1149,"column":4},"end":{"line":1153,"column":null}},{"start":{"line":1151,"column":11},"end":{"line":1153,"column":null}}],"line":1149},"52":{"loc":{"start":{"line":1155,"column":4},"end":{"line":1159,"column":null}},"type":"if","locations":[{"start":{"line":1155,"column":4},"end":{"line":1159,"column":null}},{"start":{"line":1157,"column":11},"end":{"line":1159,"column":null}}],"line":1155},"53":{"loc":{"start":{"line":1161,"column":4},"end":{"line":1165,"column":null}},"type":"if","locations":[{"start":{"line":1161,"column":4},"end":{"line":1165,"column":null}},{"start":{"line":1163,"column":11},"end":{"line":1165,"column":null}}],"line":1161},"54":{"loc":{"start":{"line":1162,"column":37},"end":{"line":1162,"column":null}},"type":"binary-expr","locations":[{"start":{"line":1162,"column":37},"end":{"line":1162,"column":98}},{"start":{"line":1162,"column":98},"end":{"line":1162,"column":null}}],"line":1162},"55":{"loc":{"start":{"line":14,"column":23},"end":{"line":14,"column":null}},"type":"cond-expr","locations":[{"start":{"line":14,"column":55},"end":{"line":14,"column":82}},{"start":{"line":14,"column":82},"end":{"line":14,"column":null}}],"line":14},"56":{"loc":{"start":{"line":15,"column":27},"end":{"line":15,"column":null}},"type":"cond-expr","locations":[{"start":{"line":15,"column":62},"end":{"line":15,"column":103}},{"start":{"line":15,"column":103},"end":{"line":15,"column":null}}],"line":15},"57":{"loc":{"start":{"line":19,"column":11},"end":{"line":19,"column":null}},"type":"cond-expr","locations":[{"start":{"line":19,"column":43},"end":{"line":19,"column":56}},{"start":{"line":19,"column":56},"end":{"line":19,"column":null}}],"line":19},"58":{"loc":{"start":{"line":21,"column":15},"end":{"line":21,"column":null}},"type":"cond-expr","locations":[{"start":{"line":21,"column":47},"end":{"line":21,"column":54}},{"start":{"line":21,"column":54},"end":{"line":21,"column":null}}],"line":21},"59":{"loc":{"start":{"line":23,"column":12},"end":{"line":23,"column":null}},"type":"binary-expr","locations":[{"start":{"line":23,"column":12},"end":{"line":23,"column":14}},{"start":{"line":23,"column":12},"end":{"line":23,"column":null}}],"line":23},"60":{"loc":{"start":{"line":23,"column":14},"end":{"line":23,"column":null}},"type":"binary-expr","locations":[{"start":{"line":23,"column":14},"end":{"line":23,"column":null}},{"start":{"line":23,"column":14},"end":{"line":23,"column":null}}],"line":23},"61":{"loc":{"start":{"line":25,"column":12},"end":{"line":32,"column":79}},"type":"cond-expr","locations":[{"start":{"line":24,"column":4},"end":{"line":32,"column":79}},{"start":{"line":32,"column":69},"end":{"line":32,"column":79}}],"line":25},"62":{"loc":{"start":{"line":25,"column":12},"end":{"line":25,"column":null}},"type":"binary-expr","locations":[{"start":{"line":25,"column":12},"end":{"line":25,"column":34}},{"start":{"line":25,"column":34},"end":{"line":25,"column":49}},{"start":{"line":25,"column":49},"end":{"line":25,"column":null}}],"line":25},"63":{"loc":{"start":{"line":28,"column":12},"end":{"line":28,"column":null}},"type":"binary-expr","locations":[{"start":{"line":28,"column":12},"end":{"line":28,"column":14}},{"start":{"line":28,"column":12},"end":{"line":28,"column":null}}],"line":28},"64":{"loc":{"start":{"line":29,"column":6},"end":{"line":32,"column":12}},"type":"binary-expr","locations":[{"start":{"line":29,"column":6},"end":{"line":29,"column":null}},{"start":{"line":29,"column":6},"end":{"line":32,"column":12}}],"line":29},"65":{"loc":{"start":{"line":35,"column":12},"end":{"line":39,"column":null}},"type":"cond-expr","locations":[{"start":{"line":34,"column":4},"end":{"line":39,"column":null}},{"start":{"line":39,"column":69},"end":{"line":39,"column":null}}],"line":35},"66":{"loc":{"start":{"line":38,"column":9},"end":{"line":38,"column":75}},"type":"cond-expr","locations":[{"start":{"line":38,"column":33},"end":{"line":38,"column":67}},{"start":{"line":38,"column":67},"end":{"line":38,"column":75}}],"line":38},"67":{"loc":{"start":{"line":39,"column":9},"end":{"line":39,"column":null}},"type":"cond-expr","locations":[{"start":{"line":39,"column":33},"end":{"line":39,"column":69}},{"start":{"line":39,"column":69},"end":{"line":39,"column":null}}],"line":39},"68":{"loc":{"start":{"line":42,"column":12},"end":{"line":44,"column":null}},"type":"cond-expr","locations":[{"start":{"line":41,"column":4},"end":{"line":44,"column":null}},{"start":{"line":44,"column":33},"end":{"line":44,"column":null}}],"line":42},"69":{"loc":{"start":{"line":47,"column":12},"end":{"line":68,"column":33}},"type":"cond-expr","locations":[{"start":{"line":46,"column":4},"end":{"line":57,"column":33}},{"start":{"line":59,"column":4},"end":{"line":68,"column":33}}],"line":47},"70":{"loc":{"start":{"line":50,"column":14},"end":{"line":57,"column":33}},"type":"cond-expr","locations":[{"start":{"line":49,"column":6},"end":{"line":55,"column":null}},{"start":{"line":55,"column":6},"end":{"line":57,"column":33}}],"line":50},"71":{"loc":{"start":{"line":61,"column":14},"end":{"line":68,"column":33}},"type":"cond-expr","locations":[{"start":{"line":60,"column":6},"end":{"line":66,"column":null}},{"start":{"line":66,"column":6},"end":{"line":68,"column":33}}],"line":61},"72":{"loc":{"start":{"line":70,"column":20},"end":{"line":125,"column":null}},"type":"cond-expr","locations":[{"start":{"line":70,"column":4},"end":{"line":125,"column":null}}],"line":70},"73":{"loc":{"start":{"line":72,"column":14},"end":{"line":76,"column":null}},"type":"cond-expr","locations":[{"start":{"line":71,"column":6},"end":{"line":76,"column":null}}],"line":72},"74":{"loc":{"start":{"line":79,"column":14},"end":{"line":83,"column":null}},"type":"cond-expr","locations":[{"start":{"line":78,"column":6},"end":{"line":83,"column":null}}],"line":79},"75":{"loc":{"start":{"line":86,"column":14},"end":{"line":90,"column":null}},"type":"cond-expr","locations":[{"start":{"line":85,"column":6},"end":{"line":90,"column":null}}],"line":86},"76":{"loc":{"start":{"line":93,"column":14},"end":{"line":97,"column":null}},"type":"cond-expr","locations":[{"start":{"line":92,"column":6},"end":{"line":97,"column":null}}],"line":93},"77":{"loc":{"start":{"line":100,"column":14},"end":{"line":104,"column":null}},"type":"cond-expr","locations":[{"start":{"line":99,"column":6},"end":{"line":104,"column":null}}],"line":100},"78":{"loc":{"start":{"line":107,"column":14},"end":{"line":111,"column":null}},"type":"cond-expr","locations":[{"start":{"line":106,"column":6},"end":{"line":111,"column":null}}],"line":107},"79":{"loc":{"start":{"line":114,"column":14},"end":{"line":118,"column":null}},"type":"cond-expr","locations":[{"start":{"line":113,"column":6},"end":{"line":118,"column":null}}],"line":114},"80":{"loc":{"start":{"line":121,"column":14},"end":{"line":125,"column":null}},"type":"cond-expr","locations":[{"start":{"line":120,"column":6},"end":{"line":125,"column":null}}],"line":121}},"s":{"0":4,"1":941,"2":941,"3":941,"4":941,"5":941,"6":941,"7":941,"8":941,"9":941,"10":941,"11":941,"12":941,"13":941,"14":941,"15":941,"16":941,"17":941,"18":941,"19":941,"20":941,"21":941,"22":941,"23":941,"24":941,"25":941,"26":941,"27":941,"28":941,"29":941,"30":941,"31":941,"32":941,"33":941,"34":941,"35":941,"36":941,"37":941,"38":974,"39":941,"40":941,"41":941,"42":941,"43":941,"44":941,"45":59,"46":24,"47":24,"48":24,"49":941,"50":20,"51":941,"52":39,"53":941,"54":15,"55":2,"56":13,"57":13,"58":941,"59":941,"60":1895,"61":941,"62":1895,"63":941,"64":1895,"65":941,"66":941,"67":2,"68":939,"69":941,"70":922,"71":941,"72":1886,"73":1886,"74":1886,"75":1886,"76":941,"77":941,"78":938,"79":3,"80":1,"81":2,"82":941,"83":942,"84":941,"85":1212,"86":941,"87":2067,"88":941,"89":4505,"90":25,"91":25,"92":4480,"93":4480,"94":4505,"95":4505,"96":24,"97":24,"98":2,"99":22,"100":4505,"101":87,"102":87,"103":87,"104":87,"105":4505,"106":4477,"107":166,"108":4311,"109":4505,"110":28,"111":10,"112":18,"113":4505,"114":941,"115":2294,"116":2294,"117":4556,"118":4556,"119":4556,"120":34,"121":4522,"122":2260,"123":941,"124":841,"125":517,"126":941,"127":712,"128":941,"129":942,"130":1,"131":941,"132":944,"133":3,"134":3,"135":941,"136":948,"137":941,"138":942,"139":1,"140":941,"141":942,"142":1,"143":941,"144":943,"145":2,"146":941,"147":943,"148":2,"149":941,"150":942,"151":1,"152":941,"153":942,"154":1,"155":941,"156":943,"157":2,"158":1,"159":941,"160":948,"161":941,"162":945,"163":945,"164":941,"165":947,"166":947,"167":941,"168":987,"169":987,"170":987,"171":941,"172":355,"173":355,"174":355,"175":941,"176":1054,"177":113,"178":113,"179":941,"180":1003,"181":62,"182":62,"183":941,"184":1106,"185":165,"186":165,"187":941,"188":1122,"189":181,"190":181,"191":941,"192":33,"193":33,"194":941,"195":942,"196":1,"197":941,"198":942,"199":1,"200":941,"201":942,"202":1,"203":941,"204":942,"205":1,"206":941,"207":841,"208":941,"209":705,"210":941,"211":7,"212":6,"213":941,"214":7,"215":6,"216":941,"217":7,"218":6,"219":941,"220":2,"221":1,"222":941,"223":2,"224":1,"225":941,"226":2,"227":1,"228":941,"229":4,"230":3,"231":941,"232":4,"233":3,"234":941,"235":3,"236":941,"237":4,"238":4,"239":941,"240":6,"241":941,"242":7,"243":2,"244":5,"245":10,"246":5,"247":5,"248":941,"249":3,"250":941,"251":7,"252":7,"253":941,"254":58,"255":941,"256":941,"257":941,"258":941,"259":941,"260":941,"261":941,"262":941,"263":941,"264":941,"265":941,"266":941,"267":941,"268":941,"269":941,"270":941,"271":941,"272":941,"273":52,"274":52,"275":52,"276":52,"277":52,"278":52,"279":52,"280":52,"281":52,"282":52,"283":52,"284":52,"285":52,"286":52,"287":52,"288":52,"289":52,"290":52,"291":52,"292":52,"293":941,"294":941,"295":1,"296":940,"297":941,"298":941,"299":941,"300":941,"301":941,"302":941,"303":936,"304":5,"305":941,"306":934,"307":7,"308":941,"309":939,"310":2,"311":941,"312":551,"313":390,"314":941,"315":555,"316":386,"317":941,"318":555,"319":386,"320":941,"321":937,"322":4,"323":941,"324":935,"325":6,"326":941,"327":941,"328":941,"329":941,"330":941,"331":941,"332":941,"333":4,"334":4313,"335":21,"336":1},"f":{"0":974,"1":59,"2":24,"3":20,"4":39,"5":15,"6":1,"7":1895,"8":1895,"9":1895,"10":941,"11":922,"12":1886,"13":941,"14":942,"15":1212,"16":2067,"17":4505,"18":2294,"19":841,"20":712,"21":942,"22":1,"23":944,"24":3,"25":948,"26":942,"27":1,"28":942,"29":1,"30":943,"31":2,"32":943,"33":2,"34":942,"35":1,"36":942,"37":1,"38":943,"39":2,"40":948,"41":945,"42":947,"43":987,"44":355,"45":1054,"46":113,"47":1003,"48":62,"49":1106,"50":165,"51":1122,"52":181,"53":33,"54":942,"55":1,"56":942,"57":1,"58":942,"59":1,"60":942,"61":1,"62":841,"63":705,"64":7,"65":7,"66":7,"67":2,"68":2,"69":2,"70":4,"71":4,"72":3,"73":4,"74":6,"75":7,"76":10,"77":3,"78":7,"79":58,"80":52,"81":941,"82":21,"83":1},"b":{"0":[973,1],"1":[24,35],"2":[59,24],"3":[2,13],"4":[1895,941,928],"5":[1895,942,929],"6":[1895,953,952,939],"7":[2,939],"8":[12,1874],"9":[12,1874],"10":[938,3],"11":[1,2],"12":[2,1],"13":[938,4],"14":[1212,2],"15":[2067,4],"16":[25,4480],"17":[4,21],"18":[24,4481],"19":[2,22],"20":[87,4418],"21":[10,77],"22":[77,10],"23":[4477,28],"24":[166,4311],"25":[28,4477],"26":[10,18],"27":[34,4522],"28":[517,324],"29":[841,517],"30":[1,1],"31":[6,1],"32":[6,1],"33":[6,1],"34":[1,1],"35":[1,1],"36":[1,1],"37":[3,1],"38":[3,1],"39":[2,5],"40":[7,7,2],"41":[1,940],"42":[941,21],"43":[5,936],"44":[941,7],"45":[939,2],"46":[936,5],"47":[934,7],"48":[939,2],"49":[551,390],"50":[555,386],"51":[555,386],"52":[937,4],"53":[935,6],"54":[935,2],"55":[3315,998],"56":[3315,998],"57":[3315,998],"58":[3315,998],"59":[4313,941],"60":[21,21],"61":[21,4292],"62":[4313,23,23],"63":[21,12],"64":[21,12],"65":[3315,998],"66":[3299,16],"67":[3297,18],"68":[6,4307],"69":[6,4307],"70":[3,3],"71":[5,4302],"72":[3297],"73":[3269],"74":[3269],"75":[3271],"76":[3269],"77":[3269],"78":[3273],"79":[3289],"80":[3275]},"meta":{"lastBranch":81,"lastFunction":84,"lastStatement":337,"seen":{"s:133:17:135:Infinity":0,"s:153:20:153:39":1,"s:159:21:159:Infinity":2,"s:163:19:163:Infinity":3,"s:167:15:167:Infinity":4,"s:187:16:187:Infinity":5,"s:218:19:218:Infinity":6,"s:220:28:220:Infinity":7,"s:223:24:223:Infinity":8,"s:224:24:224:Infinity":9,"s:225:24:225:Infinity":10,"s:226:24:226:Infinity":11,"s:227:25:227:Infinity":12,"s:228:25:228:Infinity":13,"s:229:25:229:Infinity":14,"s:230:25:230:Infinity":15,"s:231:27:240:Infinity":16,"s:248:14:248:Infinity":17,"s:253:15:253:Infinity":18,"s:255:25:255:Infinity":19,"s:257:20:257:Infinity":20,"s:259:17:259:Infinity":21,"s:261:18:261:Infinity":22,"s:263:25:263:Infinity":23,"s:265:27:265:Infinity":24,"s:267:19:267:Infinity":25,"s:269:14:269:Infinity":26,"s:271:18:271:Infinity":27,"s:273:29:273:Infinity":28,"s:275:26:275:Infinity":29,"s:277:34:277:Infinity":30,"s:279:33:279:Infinity":31,"s:281:32:281:Infinity":32,"s:286:17:286:Infinity":33,"s:291:17:291:Infinity":34,"s:296:17:296:Infinity":35,"s:301:17:301:Infinity":36,"s:328:20:330:Infinity":37,"f:328:20:328:35":0,"s:329:4:329:Infinity":38,"b:329:30:329:42:329:42:329:Infinity":0,"s:336:24:357:Infinity":39,"s:369:6:369:Infinity":40,"s:381:6:381:Infinity":41,"s:385:28:385:Infinity":42,"s:399:26:399:Infinity":43,"s:400:8:407:Infinity":44,"f:400:8:400:31":1,"b:401:4:406:Infinity:undefined:undefined:undefined:undefined":1,"s:401:4:406:Infinity":45,"b:401:7:401:14:401:14:401:19":2,"s:402:6:402:Infinity":46,"s:403:6:405:Infinity":47,"f:403:6:403:23":2,"s:404:8:404:Infinity":48,"s:408:2:408:Infinity":49,"f:408:8:408:21":3,"s:408:37:408:69":50,"s:409:2:409:Infinity":51,"f:409:8:409:21":4,"s:409:37:409:69":52,"s:411:8:422:Infinity":53,"f:411:8:411:27":5,"b:412:4:414:Infinity:undefined:undefined:undefined:undefined":3,"s:412:4:414:Infinity":54,"s:413:6:413:Infinity":55,"s:415:4:415:Infinity":56,"s:416:4:421:Infinity":57,"s:428:8:443:Infinity":58,"f:428:8:428:24":6,"s:447:32:449:Infinity":59,"f:447:32:447:47":7,"s:448:4:448:Infinity":60,"b:448:11:448:30:448:30:448:49:448:49:448:Infinity":4,"s:452:32:454:Infinity":61,"f:452:32:452:47":8,"s:453:4:453:Infinity":62,"b:453:11:453:30:453:30:453:49:453:49:453:Infinity":5,"s:457:43:459:Infinity":63,"f:457:43:457:58":9,"s:458:4:458:Infinity":64,"b:458:12:458:31:458:31:458:51:458:51:458:70:458:70:458:Infinity":6,"s:462:20:467:Infinity":65,"f:462:20:462:35":10,"b:463:4:465:Infinity:undefined:undefined:undefined:undefined":7,"s:463:4:465:Infinity":66,"s:464:6:464:Infinity":67,"s:466:4:466:Infinity":68,"s:505:29:505:Infinity":69,"f:505:29:505:44":11,"s:505:44:505:103":70,"s:507:28:518:Infinity":71,"f:507:28:507:43":12,"s:508:42:510:Infinity":72,"b:509:8:509:Infinity:510:8:510:Infinity":8,"s:512:18:514:Infinity":73,"b:513:8:513:Infinity:514:8:514:Infinity":9,"s:515:4:515:Infinity":74,"s:517:4:517:Infinity":75,"s:534:36:542:Infinity":76,"f:534:36:534:51":13,"b:535:4:537:Infinity:undefined:undefined:undefined:undefined":10,"s:535:4:537:Infinity":77,"s:536:6:536:Infinity":78,"b:538:4:540:Infinity:undefined:undefined:undefined:undefined":11,"s:538:4:540:Infinity":79,"s:539:6:539:Infinity":80,"s:541:4:541:Infinity":81,"b:541:38:541:65:541:65:541:87":12,"s:553:22:553:Infinity":82,"f:553:22:553:38":14,"s:553:38:553:92":83,"b:553:62:553:67:553:67:553:92":13,"s:566:21:568:Infinity":84,"f:566:21:566:36":15,"s:567:4:567:Infinity":85,"b:567:11:567:56:567:56:567:Infinity":14,"s:570:19:584:Infinity":86,"f:570:19:570:34":16,"s:571:4:583:Infinity":87,"b:574:18:574:37:574:37:574:Infinity":15,"s:594:8:675:Infinity":88,"f:594:8:594:34":17,"b:595:4:601:Infinity:598:11:601:Infinity":16,"s:595:4:601:Infinity":89,"s:596:6:596:Infinity":90,"s:597:6:597:Infinity":91,"b:597:44:597:57:597:57:597:Infinity":17,"s:599:6:599:Infinity":92,"s:600:6:600:Infinity":93,"s:602:16:602:Infinity":94,"b:604:4:612:Infinity:undefined:undefined:undefined:undefined":18,"s:604:4:612:Infinity":95,"s:605:6:605:Infinity":96,"b:607:6:611:Infinity:609:13:611:Infinity":19,"s:607:6:611:Infinity":97,"s:608:8:608:Infinity":98,"s:610:8:610:Infinity":99,"b:613:4:652:Infinity:undefined:undefined:undefined:undefined":20,"s:613:4:652:Infinity":100,"s:614:6:614:Infinity":101,"s:615:6:615:Infinity":102,"b:636:6:641:Infinity:undefined:undefined:undefined:undefined":21,"s:636:6:641:Infinity":103,"b:642:6:647:Infinity:undefined:undefined:undefined:undefined":22,"s:642:6:647:Infinity":104,"b:656:4:663:Infinity:undefined:undefined:undefined:undefined":23,"s:656:4:663:Infinity":105,"b:658:6:662:Infinity:660:13:662:Infinity":24,"s:658:6:662:Infinity":106,"s:659:8:659:Infinity":107,"s:661:8:661:Infinity":108,"b:665:4:673:Infinity:undefined:undefined:undefined:undefined":25,"s:665:4:673:Infinity":109,"b:668:6:672:Infinity:670:13:672:Infinity":26,"s:668:6:672:Infinity":110,"s:669:8:669:Infinity":111,"s:671:8:671:Infinity":112,"s:674:4:674:Infinity":113,"s:683:8:700:Infinity":114,"f:683:8:683:43":18,"s:686:43:689:Infinity":115,"s:690:4:698:Infinity":116,"s:691:18:691:Infinity":117,"s:692:22:692:Infinity":118,"b:693:6:695:Infinity:undefined:undefined:undefined:undefined":27,"s:693:6:695:Infinity":119,"s:694:8:694:Infinity":120,"s:697:6:697:Infinity":121,"s:699:4:699:Infinity":122,"s:710:8:722:Infinity":123,"f:710:8:710:23":19,"b:719:4:721:Infinity:undefined:undefined:undefined:undefined":28,"s:719:4:721:Infinity":124,"b:719:7:719:33:719:33:719:44":29,"s:720:6:720:Infinity":125,"s:725:8:727:Infinity":126,"f:725:8:725:34":20,"s:726:4:726:Infinity":127,"s:737:2:742:Infinity":128,"f:737:2:737:Infinity":21,"s:738:10:738:Infinity":129,"f:738:16:738:Infinity":22,"s:740:6:740:Infinity":130,"s:744:2:750:Infinity":131,"f:744:2:744:Infinity":23,"s:745:10:745:Infinity":132,"f:745:16:745:Infinity":24,"s:747:6:747:Infinity":133,"s:748:6:748:Infinity":134,"s:752:2:754:Infinity":135,"f:752:8:752:25":25,"s:753:4:753:Infinity":136,"s:756:2:761:Infinity":137,"f:756:2:756:Infinity":26,"s:757:10:757:Infinity":138,"f:757:16:757:Infinity":27,"s:759:6:759:Infinity":139,"s:763:2:768:Infinity":140,"f:763:2:763:Infinity":28,"s:764:10:764:Infinity":141,"f:764:16:764:Infinity":29,"s:766:6:766:Infinity":142,"s:770:2:775:Infinity":143,"f:770:2:770:Infinity":30,"s:771:10:771:Infinity":144,"f:771:16:771:Infinity":31,"s:773:6:773:Infinity":145,"s:777:2:782:Infinity":146,"f:777:2:777:Infinity":32,"s:778:10:778:Infinity":147,"f:778:16:778:Infinity":33,"s:780:6:780:Infinity":148,"s:784:2:789:Infinity":149,"f:784:2:784:Infinity":34,"s:785:10:785:Infinity":150,"f:785:16:785:Infinity":35,"s:787:6:787:Infinity":151,"s:791:2:796:Infinity":152,"f:791:2:791:Infinity":36,"s:792:10:792:Infinity":153,"f:792:16:792:Infinity":37,"s:794:6:794:Infinity":154,"s:811:2:818:Infinity":155,"f:811:2:811:Infinity":38,"s:812:10:812:Infinity":156,"f:812:16:812:Infinity":39,"b:814:6:816:Infinity:undefined:undefined:undefined:undefined":30,"s:814:6:816:Infinity":157,"s:815:8:815:Infinity":158,"s:827:2:829:Infinity":159,"f:827:8:827:25":40,"s:828:4:828:Infinity":160,"s:842:2:845:Infinity":161,"f:842:8:842:37":41,"s:843:4:843:Infinity":162,"s:844:4:844:Infinity":163,"s:847:2:850:Infinity":164,"f:847:8:847:25":42,"s:848:4:848:Infinity":165,"s:849:4:849:Infinity":166,"s:852:2:856:Infinity":167,"f:852:8:852:20":43,"s:853:4:853:Infinity":168,"s:854:4:854:Infinity":169,"s:855:4:855:Infinity":170,"s:858:2:862:Infinity":171,"f:858:8:858:30":44,"s:859:4:859:Infinity":172,"s:860:4:860:Infinity":173,"s:861:4:861:Infinity":174,"s:864:2:870:Infinity":175,"f:864:2:864:Infinity":45,"s:865:10:865:Infinity":176,"f:865:16:865:Infinity":46,"s:867:6:867:Infinity":177,"s:868:6:868:Infinity":178,"s:872:2:878:Infinity":179,"f:872:2:872:Infinity":47,"s:873:10:873:Infinity":180,"f:873:16:873:Infinity":48,"s:875:6:875:Infinity":181,"s:876:6:876:Infinity":182,"s:880:2:886:Infinity":183,"f:880:2:880:Infinity":49,"s:881:10:881:Infinity":184,"f:881:16:881:Infinity":50,"s:883:6:883:Infinity":185,"s:884:6:884:Infinity":186,"s:888:2:894:Infinity":187,"f:888:2:888:Infinity":51,"s:889:10:889:Infinity":188,"f:889:16:889:Infinity":52,"s:891:6:891:Infinity":189,"s:892:6:892:Infinity":190,"s:896:2:899:Infinity":191,"f:896:8:896:25":53,"s:897:4:897:Infinity":192,"s:898:4:898:Infinity":193,"s:901:2:906:Infinity":194,"f:901:2:901:Infinity":54,"s:902:10:902:Infinity":195,"f:902:16:902:Infinity":55,"s:904:6:904:Infinity":196,"s:908:2:913:Infinity":197,"f:908:2:908:Infinity":56,"s:909:10:909:Infinity":198,"f:909:16:909:Infinity":57,"s:911:6:911:Infinity":199,"s:915:2:920:Infinity":200,"f:915:2:915:Infinity":58,"s:916:10:916:Infinity":201,"f:916:16:916:Infinity":59,"s:918:6:918:Infinity":202,"s:922:2:927:Infinity":203,"f:922:2:922:Infinity":60,"s:923:10:923:Infinity":204,"f:923:16:923:Infinity":61,"s:925:6:925:Infinity":205,"s:934:8:936:Infinity":206,"f:934:8:934:30":62,"s:935:4:935:Infinity":207,"s:938:8:940:Infinity":208,"f:938:8:938:37":63,"s:939:4:939:Infinity":209,"s:942:8:946:Infinity":210,"f:942:8:942:31":64,"b:943:4:945:Infinity:undefined:undefined:undefined:undefined":31,"s:943:4:945:Infinity":211,"s:944:6:944:Infinity":212,"s:948:8:952:Infinity":213,"f:948:8:948:31":65,"b:949:4:951:Infinity:undefined:undefined:undefined:undefined":32,"s:949:4:951:Infinity":214,"s:950:6:950:Infinity":215,"s:954:8:958:Infinity":216,"f:954:8:954:29":66,"b:955:4:957:Infinity:undefined:undefined:undefined:undefined":33,"s:955:4:957:Infinity":217,"s:956:6:956:Infinity":218,"s:960:8:964:Infinity":219,"f:960:8:960:37":67,"b:961:4:963:Infinity:undefined:undefined:undefined:undefined":34,"s:961:4:963:Infinity":220,"s:962:6:962:Infinity":221,"s:966:8:970:Infinity":222,"f:966:8:966:36":68,"b:967:4:969:Infinity:undefined:undefined:undefined:undefined":35,"s:967:4:969:Infinity":223,"s:968:6:968:Infinity":224,"s:972:8:976:Infinity":225,"f:972:8:972:37":69,"b:973:4:975:Infinity:undefined:undefined:undefined:undefined":36,"s:973:4:975:Infinity":226,"s:974:6:974:Infinity":227,"s:978:8:982:Infinity":228,"f:978:8:978:36":70,"b:979:4:981:Infinity:undefined:undefined:undefined:undefined":37,"s:979:4:981:Infinity":229,"s:980:6:980:Infinity":230,"s:984:8:988:Infinity":231,"f:984:8:984:35":71,"b:985:4:987:Infinity:undefined:undefined:undefined:undefined":38,"s:985:4:987:Infinity":232,"s:986:6:986:Infinity":233,"s:990:8:992:Infinity":234,"f:990:8:990:36":72,"s:991:4:991:Infinity":235,"s:1004:8:1007:Infinity":236,"f:1004:8:1004:38":73,"s:1005:4:1005:Infinity":237,"s:1006:4:1006:Infinity":238,"s:1009:8:1011:Infinity":239,"f:1009:8:1009:31":74,"s:1010:4:1010:Infinity":240,"s:1014:8:1021:Infinity":241,"f:1014:8:1014:28":75,"b:1015:4:1017:Infinity:undefined:undefined:undefined:undefined":39,"s:1015:4:1017:Infinity":242,"b:1015:7:1015:22:1015:22:1015:58:1015:58:1015:93":40,"s:1016:6:1016:Infinity":243,"s:1018:4:1018:Infinity":244,"f:1018:29:1018:33":76,"s:1018:38:1018:47":245,"s:1019:4:1019:Infinity":246,"s:1020:4:1020:Infinity":247,"s:1023:8:1025:Infinity":248,"f:1023:8:1023:29":77,"s:1024:4:1024:Infinity":249,"s:1028:8:1031:Infinity":250,"f:1028:8:1028:34":78,"s:1029:4:1029:Infinity":251,"s:1030:4:1030:Infinity":252,"s:1033:8:1035:Infinity":253,"f:1033:8:1033:21":79,"s:1034:4:1034:Infinity":254,"s:1038:2:1038:Infinity":255,"s:1039:2:1039:Infinity":256,"s:1040:2:1040:Infinity":257,"s:1041:2:1041:Infinity":258,"s:1042:2:1042:Infinity":259,"s:1043:2:1043:Infinity":260,"s:1044:2:1044:Infinity":261,"s:1045:2:1045:Infinity":262,"s:1046:2:1046:Infinity":263,"s:1047:2:1047:Infinity":264,"s:1048:2:1048:Infinity":265,"s:1049:2:1049:Infinity":266,"s:1050:2:1050:Infinity":267,"s:1051:2:1051:Infinity":268,"s:1052:2:1052:Infinity":269,"s:1053:2:1053:Infinity":270,"s:1054:2:1054:Infinity":271,"s:1056:2:1078:Infinity":272,"f:1056:2:1056:24":80,"s:1057:4:1057:Infinity":273,"s:1059:4:1059:Infinity":274,"s:1060:4:1060:Infinity":275,"s:1061:4:1061:Infinity":276,"s:1062:4:1062:Infinity":277,"s:1063:4:1063:Infinity":278,"s:1064:4:1064:Infinity":279,"s:1065:4:1065:Infinity":280,"s:1066:4:1066:Infinity":281,"s:1067:4:1067:Infinity":282,"s:1068:4:1068:Infinity":283,"s:1069:4:1069:Infinity":284,"s:1070:4:1070:Infinity":285,"s:1071:4:1071:Infinity":286,"s:1072:4:1072:Infinity":287,"s:1073:4:1073:Infinity":288,"s:1074:4:1074:Infinity":289,"s:1075:4:1075:Infinity":290,"s:1076:4:1076:Infinity":291,"s:1077:4:1077:Infinity":292,"s:1090:2:1187:Infinity":293,"f:1090:2:1090:18":81,"b:1091:4:1095:Infinity:1093:11:1095:Infinity":41,"s:1091:4:1095:Infinity":294,"b:1091:7:1091:33:1091:33:1091:60":42,"s:1092:6:1092:Infinity":295,"s:1094:6:1094:Infinity":296,"s:1096:4:1096:Infinity":297,"s:1103:4:1103:Infinity":298,"b:1103:109:1103:137:1103:137:1103:Infinity":43,"b:1103:27:1103:66:1103:66:1103:109":44,"s:1104:4:1104:Infinity":299,"b:1104:54:1104:74:1104:74:1104:Infinity":45,"s:1105:4:1105:Infinity":300,"s:1117:4:1117:Infinity":301,"b:1119:4:1123:Infinity:1121:11:1123:Infinity":46,"s:1119:4:1123:Infinity":302,"s:1120:6:1120:Infinity":303,"s:1122:6:1122:Infinity":304,"b:1125:4:1129:Infinity:1127:11:1129:Infinity":47,"s:1125:4:1129:Infinity":305,"s:1126:6:1126:Infinity":306,"s:1128:6:1128:Infinity":307,"b:1131:4:1135:Infinity:1133:11:1135:Infinity":48,"s:1131:4:1135:Infinity":308,"s:1132:6:1132:Infinity":309,"s:1134:6:1134:Infinity":310,"b:1137:4:1141:Infinity:1139:11:1141:Infinity":49,"s:1137:4:1141:Infinity":311,"s:1138:6:1138:Infinity":312,"s:1140:6:1140:Infinity":313,"b:1143:4:1147:Infinity:1145:11:1147:Infinity":50,"s:1143:4:1147:Infinity":314,"s:1144:6:1144:Infinity":315,"s:1146:6:1146:Infinity":316,"b:1149:4:1153:Infinity:1151:11:1153:Infinity":51,"s:1149:4:1153:Infinity":317,"s:1150:6:1150:Infinity":318,"s:1152:6:1152:Infinity":319,"b:1155:4:1159:Infinity:1157:11:1159:Infinity":52,"s:1155:4:1159:Infinity":320,"s:1156:6:1156:Infinity":321,"s:1158:6:1158:Infinity":322,"b:1161:4:1165:Infinity:1163:11:1165:Infinity":53,"s:1161:4:1165:Infinity":323,"s:1162:6:1162:Infinity":324,"b:1162:37:1162:98:1162:98:1162:Infinity":54,"s:1164:6:1164:Infinity":325,"s:1167:4:1167:Infinity":326,"s:1168:4:1168:Infinity":327,"s:1169:4:1169:Infinity":328,"s:1184:4:1184:Infinity":329,"s:1185:4:1185:Infinity":330,"s:1186:4:1186:Infinity":331,"s:1196:2:1201:Infinity":332,"s:32:12:32:39":333,"s:12:2:125:Infinity":334,"b:14:55:14:82:14:82:14:Infinity":55,"b:15:62:15:103:15:103:15:Infinity":56,"b:19:43:19:56:19:56:19:Infinity":57,"b:21:47:21:54:21:54:21:Infinity":58,"b:23:12:23:14:23:12:23:Infinity":59,"f:23:12:23:14":82,"s:23:14:23:Infinity":335,"b:23:14:23:Infinity:23:14:23:Infinity":60,"b:24:4:32:79:32:69:32:79":61,"b:25:12:25:34:25:34:25:49:25:49:25:Infinity":62,"b:28:12:28:14:28:12:28:Infinity":63,"f:28:12:28:14":83,"s:28:14:28:Infinity":336,"b:29:6:29:Infinity:29:6:32:12":64,"b:34:4:39:Infinity:39:69:39:Infinity":65,"b:38:33:38:67:38:67:38:75":66,"b:39:33:39:69:39:69:39:Infinity":67,"b:41:4:44:Infinity:44:33:44:Infinity":68,"b:46:4:57:33:59:4:68:33":69,"b:49:6:55:Infinity:55:6:57:33":70,"b:60:6:66:Infinity:66:6:68:33":71,"b:70:4:125:Infinity":72,"b:
[...]
":{"start":{"line":67,"column":8},"end":{"line":72,"column":null}},"4":{"start":{"line":68,"column":4},"end":{"line":70,"column":null}},"5":{"start":{"line":69,"column":6},"end":{"line":69,"column":null}},"6":{"start":{"line":71,"column":4},"end":{"line":71,"column":null}},"7":{"start":{"line":74,"column":8},"end":{"line":92,"column":null}},"8":{"start":{"line":75,"column":19},"end":{"line":75,"column":null}},"9":{"start":{"line":76,"column":4},"end":{"line":78,"column":null}},"10":{"start":{"line":77,"column":6},"end":{"line":77,"column":null}},"11":{"start":{"line":79,"column":16},"end":{"line":79,"column":null}},"12":{"start":{"line":80,"column":4},"end":{"line":82,"column":null}},"13":{"start":{"line":81,"column":6},"end":{"line":81,"column":null}},"14":{"start":{"line":83,"column":4},"end":{"line":91,"column":null}},"15":{"start":{"line":84,"column":30},"end":{"line":84,"column":null}},"16":{"start":{"line":85,"column":6},"end":{"line":87,"column":null}},"17":{"start":{"line":86,"column":8},"end":{"line":86,"column":null}},"18":{"start":{"line":88,"column":6},"end":{"line":88,"column":null}},"19":{"start":{"line":90,"column":6},"end":{"line":90,"column":null}},"20":{"start":{"line":94,"column":8},"end":{"line":96,"column":null}},"21":{"start":{"line":95,"column":4},"end":{"line":95,"column":null}},"22":{"start":{"line":98,"column":8},"end":{"line":105,"column":null}},"23":{"start":{"line":99,"column":4},"end":{"line":101,"column":null}},"24":{"start":{"line":100,"column":6},"end":{"line":100,"column":null}},"25":{"start":{"line":102,"column":20},"end":{"line":102,"column":null}},"26":{"start":{"line":103,"column":4},"end":{"line":103,"column":null}},"27":{"start":{"line":104,"column":4},"end":{"line":104,"column":null}},"28":{"start":{"line":107,"column":8},"end":{"line":119,"column":null}},"29":{"start":{"line":108,"column":20},"end":{"line":108,"column":null}},"30":{"start":{"line":109,"column":16},"end":{"line":109,"column":null}},"31":{"start":{"line":110,"column":4},"end":{"line":112,"column":null}},"32":{"start":{"line":111,"column":6},"end":{"line":111,"column":null}},"33":{"start":{"line":113,"column":19},"end":{"line":113,"column":null}},"34":{"start":{"line":114,"column":4},"end":{"line":116,"column":null}},"35":{"start":{"line":115,"column":6},"end":{"line":115,"column":null}},"36":{"start":{"line":117,"column":4},"end":{"line":117,"column":null}},"37":{"start":{"line":118,"column":4},"end":{"line":118,"column":null}},"38":{"start":{"line":121,"column":8},"end":{"line":128,"column":null}},"39":{"start":{"line":122,"column":4},"end":{"line":124,"column":null}},"40":{"start":{"line":123,"column":6},"end":{"line":123,"column":null}},"41":{"start":{"line":125,"column":20},"end":{"line":125,"column":null}},"42":{"start":{"line":126,"column":4},"end":{"line":126,"column":null}},"43":{"start":{"line":127,"column":4},"end":{"line":127,"column":null}},"44":{"start":{"line":130,"column":8},"end":{"line":130,"column":null}},"45":{"start":{"line":130,"column":38},"end":{"line":130,"column":null}},"46":{"start":{"line":132,"column":8},"end":{"line":132,"column":null}},"47":{"start":{"line":132,"column":47},"end":{"line":132,"column":null}},"48":{"start":{"line":134,"column":2},"end":{"line":134,"column":null}}},"fnMap":{"0":{"name":"(anonymous_0)","decl":{"start":{"line":34,"column":6},"end":{"line":34,"column":33}},"loc":{"start":{"line":34,"column":33},"end":{"line":34,"column":null}},"line":34},"1":{"name":"useLayoutPresets","decl":{"start":{"line":60,"column":16},"end":{"line":60,"column":null}},"loc":{"start":{"line":64,"column":21},"end":{"line":135,"column":null}},"line":64},"2":{"name":"(anonymous_2)","decl":{"start":{"line":67,"column":8},"end":{"line":67,"column":47}},"loc":{"start":{"line":67,"column":47},"end":{"line":72,"column":null}},"line":67},"3":{"name":"(anonymous_3)","decl":{"start":{"line":74,"column":8},"end":{"line":74,"column":55}},"loc":{"start":{"line":74,"column":55},"end":{"line":92,"column":null}},"line":74},"4":{"name":"(anonymous_4)","decl":{"start":{"line":94,"column":8},"end":{"line":94,"column":27}},"loc":{"start":{"line":94,"column":69},"end":{"line":96,"column":null}},"line":94},"5":{"name":"(anonymous_5)","decl":{"start":{"line":98,"column":8},"end":{"line":98,"column":22}},"loc":{"start":{"line":98,"column":45},"end":{"line":105,"column":null}},"line":98},"6":{"name":"(anonymous_6)","decl":{"start":{"line":107,"column":8},"end":{"line":107,"column":22}},"loc":{"start":{"line":107,"column":48},"end":{"line":119,"column":null}},"line":107},"7":{"name":"(anonymous_7)","decl":{"start":{"line":121,"column":8},"end":{"line":121,"column":24}},"loc":{"start":{"line":121,"column":47},"end":{"line":128,"column":null}},"line":121},"8":{"name":"(anonymous_8)","decl":{"start":{"line":130,"column":8},"end":{"line":130,"column":38}},"loc":{"start":{"line":130,"column":38},"end":{"line":130,"column":null}},"line":130},"9":{"name":"(anonymous_9)","decl":{"start":{"line":132,"column":8},"end":{"line":132,"column":21}},"loc":{"start":{"line":132,"column":47},"end":{"line":132,"column":null}},"line":132}},"branchMap":{"0":{"loc":{"start":{"line":63,"column":2},"end":{"line":63,"column":null}},"type":"default-arg","locations":[{"start":{"line":63,"column":38},"end":{"line":63,"column":null}}],"line":63},"1":{"loc":{"start":{"line":68,"column":4},"end":{"line":70,"column":null}},"type":"if","locations":[{"start":{"line":68,"column":4},"end":{"line":70,"column":null}},{"start":{},"end":{}}],"line":68},"2":{"loc":{"start":{"line":71,"column":11},"end":{"line":71,"column":null}},"type":"cond-expr","locations":[{"start":{"line":71,"column":25},"end":{"line":71,"column":47}},{"start":{"line":71,"column":47},"end":{"line":71,"column":null}}],"line":71},"3":{"loc":{"start":{"line":76,"column":4},"end":{"line":78,"column":null}},"type":"if","locations":[{"start":{"line":76,"column":4},"end":{"line":78,"column":null}},{"start":{},"end":{}}],"line":76},"4":{"loc":{"start":{"line":80,"column":4},"end":{"line":82,"column":null}},"type":"if","locations":[{"start":{"line":80,"column":4},"end":{"line":82,"column":null}},{"start":{},"end":{}}],"line":80},"5":{"loc":{"start":{"line":85,"column":6},"end":{"line":87,"column":null}},"type":"if","locations":[{"start":{"line":85,"column":6},"end":{"line":87,"column":null}},{"start":{},"end":{}}],"line":85},"6":{"loc":{"start":{"line":85,"column":9},"end":{"line":85,"column":73}},"type":"binary-expr","locations":[{"start":{"line":85,"column":9},"end":{"line":85,"column":19}},{"start":{"line":85,"column":19},"end":{"line":85,"column":49}},{"start":{"line":85,"column":49},"end":{"line":85,"column":73}}],"line":85},"7":{"loc":{"start":{"line":99,"column":4},"end":{"line":101,"column":null}},"type":"if","locations":[{"start":{"line":99,"column":4},"end":{"line":101,"column":null}},{"start":{},"end":{}}],"line":99},"8":{"loc":{"start":{"line":110,"column":4},"end":{"line":112,"column":null}},"type":"if","locations":[{"start":{"line":110,"column":4},"end":{"line":112,"column":null}},{"start":{},"end":{}}],"line":110},"9":{"loc":{"start":{"line":114,"column":4},"end":{"line":116,"column":null}},"type":"if","locations":[{"start":{"line":114,"column":4},"end":{"line":116,"column":null}},{"start":{},"end":{}}],"line":114},"10":{"loc":{"start":{"line":122,"column":4},"end":{"line":124,"column":null}},"type":"if","locations":[{"start":{"line":122,"column":4},"end":{"line":124,"column":null}},{"start":{},"end":{}}],"line":122}},"s":{"0":5,"1":10,"2":17,"3":17,"4":70,"5":60,"6":10,"7":17,"8":42,"9":42,"10":3,"11":39,"12":39,"13":12,"14":27,"15":27,"16":27,"17":19,"18":4,"19":4,"20":17,"21":13,"22":17,"23":11,"24":1,"25":10,"26":10,"27":10,"28":17,"29":9,"30":9,"31":9,"32":4,"33":5,"34":5,"35":1,"36":4,"37":4,"38":17,"39":4,"40":1,"41":3,"42":3,"43":3,"44":17,"45":14,"46":17,"47":6,"48":17},"f":{"0":10,"1":17,"2":70,"3":42,"4":13,"5":11,"6":9,"7":4,"8":14,"9":6},"b":{"0":[17],"1":[60,10],"2":[5,5],"3":[3,39],"4":[12,27],"5":[19,8],"6":[27,22,20],"7":[1,10],"8":[4,5],"9":[1,4],"10":[1,3]},"meta":{"lastBranch":11,"lastFunction":10,"lastStatement":49,"seen":{"s:34:6:34:Infinity":0,"f:34:6:34:33":0,"s:34:33:34:Infinity":1,"f:60:16:60:Infinity":1,"b:63:38:63:Infinity":0,"s:65:22:65:Infinity":2,"s:67:8:72:Infinity":3,"f:67:8:67:47":2,"b:68:4:70:Infinity:undefined:undefined:undefined:undefined":1,"s:68:4:70:Infinity":4,"s:69:6:69:Infinity":5,"s:71:4:71:Infinity":6,"b:71:25:71:47:71:47:71:Infinity":2,"s:74:8:92:Infinity":7,"f:74:8:74:55":3,"s:75:19:75:Infinity":8,"b:76:4:78:Infinity:undefined:undefined:undefined:undefined":3,"s:76:4:78:Infinity":9,"s:77:6:77:Infinity":10,"s:79:16:79:Infinity":11,"b:80:4:82:Infinity:undefined:undefined:undefined:undefined":4,"s:80:4:82:Infinity":12,"s:81:6:81:Infinity":13,"s:83:4:91:Infinity":14,"s:84:30:84:Infinity":15,"b:85:6:87:Infinity:undefined:undefined:undefined:undefined":5,"s:85:6:87:Infinity":16,"b:85:9:85:19:85:19:85:49:85:49:85:73":6,"s:86:8:86:Infinity":17,"s:88:6:88:Infinity":18,"s:90:6:90:Infinity":19,"s:94:8:96:Infinity":20,"f:94:8:94:27":4,"s:95:4:95:Infinity":21,"s:98:8:105:Infinity":22,"f:98:8:98:22":5,"b:99:4:101:Infinity:undefined:undefined:undefined:undefined":7,"s:99:4:101:Infinity":23,"s:100:6:100:Infinity":24,"s:102:20:102:Infinity":25,"s:103:4:103:Infinity":26,"s:104:4:104:Infinity":27,"s:107:8:119:Infinity":28,"f:107:8:107:22":6,"s:108:20:108:Infinity":29,"s:109:16:109:Infinity":30,"b:110:4:112:Infinity:undefined:undefined:undefined:undefined":8,"s:110:4:112:Infinity":31,"s:111:6:111:Infinity":32,"s:113:19:113:Infinity":33,"b:114:4:116:Infinity:undefined:undefined:undefined:undefined":9,"s:114:4:116:Infinity":34,"s:115:6:115:Infinity":35,"s:117:4:117:Infinity":36,"s:118:4:118:Infinity":37,"s:121:8:128:Infinity":38,"f:121:8:121:24":7,"b:122:4:124:Infinity:undefined:undefined:undefined:undefined":10,"s:122:4:124:Infinity":39,"s:123:6:123:Infinity":40,"s:125:20:125:Infinity":41,"s:126:4:126:Infinity":42,"s:127:4:127:Infinity":43,"s:130:8:130:Infinity":44,"f:130:8:130:38":8,"s:130:38:130:Infinity":45,"s:132:8:132:Infinity":46,"f:132:8:132:21":9,"s:132:47:132:Infinity":47,"s:134:2:134:Infinity":48},"fnNames":{}}}
,"C:\\gwinnem\\keystone-dashboard-layout\\packages\\vue\\src\\composables\\useLayoutStorage.ts": {"path":"C:\\gwinnem\\keystone-dashboard-layout\\packages\\vue\\src\\composables\\useLayoutStorage.ts","statementMap":{"0":{"start":{"line":56,"column":6},"end":{"line":56,"column":null}},"1":{"start":{"line":56,"column":33},"end":{"line":56,"column":null}},"2":{"start":{"line":88,"column":75},"end":{"line":88,"column":null}},"3":{"start":{"line":90,"column":8},"end":{"line":95,"column":null}},"4":{"start":{"line":91,"column":4},"end":{"line":93,"column":null}},"5":{"start":{"line":92,"column":6},"end":{"line":92,"column":null}},"6":{"start":{"line":94,"column":4},"end":{"line":94,"column":null}},"7":{"start":{"line":97,"column":8},"end":{"line":103,"column":null}},"8":{"start":{"line":98,"column":19},"end":{"line":98,"column":null}},"9":{"start":{"line":99,"column":4},"end":{"line":101,"column":null}},"10":{"start":{"line":100,"column":6},"end":{"line":100,"column":null}},"11":{"start":{"line":102,"column":4},"end":{"line":102,"column":null}},"12":{"start":{"line":105,"column":8},"end":{"line":116,"column":null}},"13":{"start":{"line":106,"column":19},"end":{"line":106,"column":null}},"14":{"start":{"line":107,"column":4},"end":{"line":109,"column":null}},"15":{"start":{"line":108,"column":6},"end":{"line":108,"column":null}},"16":{"start":{"line":110,"column":19},"end":{"line":110,"column":null}},"17":{"start":{"line":111,"column":4},"end":{"line":113,"column":null}},"18":{"start":{"line":112,"column":6},"end":{"line":112,"column":null}},"19":{"start":{"line":114,"column":4},"end":{"line":114,"column":null}},"20":{"start":{"line":115,"column":4},"end":{"line":115,"column":null}},"21":{"start":{"line":118,"column":8},"end":{"line":120,"column":null}},"22":{"start":{"line":119,"column":4},"end":{"line":119,"column":null}},"23":{"start":{"line":122,"column":8},"end":{"line":125,"column":null}},"24":{"start":{"line":123,"column":19},"end":{"line":123,"column":null}},"25":{"start":{"line":124,"column":4},"end":{"line":124,"column":null}},"26":{"start":{"line":127,"column":2},"end":{"line":129,"column":null}},"27":{"start":{"line":128,"column":4},"end":{"line":128,"column":null}},"28":{"start":{"line":131,"column":2},"end":{"line":143,"column":null}},"29":{"start":{"line":133,"column":4},"end":{"line":142,"column":null}},"30":{"start":{"line":136,"column":8},"end":{"line":138,"column":null}},"31":{"start":{"line":137,"column":10},"end":{"line":137,"column":null}},"32":{"start":{"line":139,"column":8},"end":{"line":139,"column":null}},"33":{"start":{"line":145,"column":2},"end":{"line":145,"column":null}}},"fnMap":{"0":{"name":"(anonymous_0)","decl":{"start":{"line":56,"column":6},"end":{"line":56,"column":33}},"loc":{"start":{"line":56,"column":33},"end":{"line":56,"column":null}},"line":56},"1":{"name":"useLayoutStorage","decl":{"start":{"line":83,"column":16},"end":{"line":83,"column":null}},"loc":{"start":{"line":87,"column":21},"end":{"line":146,"column":null}},"line":87},"2":{"name":"(anonymous_2)","decl":{"start":{"line":90,"column":8},"end":{"line":90,"column":47}},"loc":{"start":{"line":90,"column":47},"end":{"line":95,"column":null}},"line":90},"3":{"name":"(anonymous_3)","decl":{"start":{"line":97,"column":8},"end":{"line":97,"column":27}},"loc":{"start":{"line":97,"column":27},"end":{"line":103,"column":null}},"line":97},"4":{"name":"(anonymous_4)","decl":{"start":{"line":105,"column":8},"end":{"line":105,"column":30}},"loc":{"start":{"line":105,"column":30},"end":{"line":116,"column":null}},"line":105},"5":{"name":"(anonymous_5)","decl":{"start":{"line":118,"column":8},"end":{"line":118,"column":28}},"loc":{"start":{"line":118,"column":28},"end":{"line":120,"column":null}},"line":118},"6":{"name":"(anonymous_6)","decl":{"start":{"line":122,"column":8},"end":{"line":122,"column":34}},"loc":{"start":{"line":122,"column":34},"end":{"line":125,"column":null}},"line":122},"7":{"name":"(anonymous_7)","decl":{"start":{"line":134,"column":6},"end":{"line":134,"column":null}},"loc":{"start":{"line":135,"column":12},"end":{"line":140,"column":null}},"line":135}},"branchMap":{"0":{"loc":{"start":{"line":86,"column":2},"end":{"line":86,"column":null}},"type":"default-arg","locations":[{"start":{"line":86,"column":38},"end":{"line":86,"column":null}}],"line":86},"1":{"loc":{"start":{"line":88,"column":19},"end":{"line":88,"column":36}},"type":"default-arg","locations":[{"start":{"line":88,"column":30},"end":{"line":88,"column":36}}],"line":88},"2":{"loc":{"start":{"line":88,"column":36},"end":{"line":88,"column":54}},"type":"default-arg","locations":[{"start":{"line":88,"column":47},"end":{"line":88,"column":54}}],"line":88},"3":{"loc":{"start":{"line":88,"column":54},"end":{"line":88,"column":75}},"type":"default-arg","locations":[{"start":{"line":88,"column":67},"end":{"line":88,"column":75}}],"line":88},"4":{"loc":{"start":{"line":91,"column":4},"end":{"line":93,"column":null}},"type":"if","locations":[{"start":{"line":91,"column":4},"end":{"line":93,"column":null}},{"start":{},"end":{}}],"line":91},"5":{"loc":{"start":{"line":94,"column":11},"end":{"line":94,"column":null}},"type":"cond-expr","locations":[{"start":{"line":94,"column":25},"end":{"line":94,"column":47}},{"start":{"line":94,"column":47},"end":{"line":94,"column":null}}],"line":94},"6":{"loc":{"start":{"line":99,"column":4},"end":{"line":101,"column":null}},"type":"if","locations":[{"start":{"line":99,"column":4},"end":{"line":101,"column":null}},{"start":{},"end":{}}],"line":99},"7":{"loc":{"start":{"line":107,"column":4},"end":{"line":109,"column":null}},"type":"if","locations":[{"start":{"line":107,"column":4},"end":{"line":109,"column":null}},{"start":{},"end":{}}],"line":107},"8":{"loc":{"start":{"line":111,"column":4},"end":{"line":113,"column":null}},"type":"if","locations":[{"start":{"line":111,"column":4},"end":{"line":113,"column":null}},{"start":{},"end":{}}],"line":111},"9":{"loc":{"start":{"line":124,"column":11},"end":{"line":124,"column":null}},"type":"binary-expr","locations":[{"start":{"line":124,"column":11},"end":{"line":124,"column":30}},{"start":{"line":124,"column":30},"end":{"line":124,"column":null}}],"line":124},"10":{"loc":{"start":{"line":127,"column":2},"end":{"line":129,"column":null}},"type":"if","locations":[{"start":{"line":127,"column":2},"end":{"line":129,"column":null}},{"start":{},"end":{}}],"line":127},"11":{"loc":{"start":{"line":131,"column":2},"end":{"line":143,"column":null}},"type":"if","locations":[{"start":{"line":131,"column":2},"end":{"line":143,"column":null}},{"start":{},"end":{}}],"line":131},"12":{"loc":{"start":{"line":136,"column":8},"end":{"line":138,"column":null}},"type":"if","locations":[{"start":{"line":136,"column":8},"end":{"line":138,"column":null}},{"start":{},"end":{}}],"line":136}},"s":{"0":5,"1":6,"2":15,"3":15,"4":19,"5":13,"6":6,"7":15,"8":8,"9":8,"10":1,"11":7,"12":15,"13":6,"14":6,"15":2,"16":4,"17":4,"18":2,"19":2,"20":2,"21":15,"22":2,"23":15,"24":3,"25":3,"26":15,"27":2,"28":15,"29":2,"30":4,"31":2,"32":4,"33":15},"f":{"0":6,"1":15,"2":19,"3":8,"4":6,"5":2,"6":3,"7":4},"b":{"0":[15],"1":[15],"2":[15],"3":[15],"4":[13,6],"5":[1,5],"6":[1,7],"7":[2,4],"8":[2,2],"9":[3,2],"10":[2,13],"11":[2,13],"12":[2,2]},"meta":{"lastBranch":13,"lastFunction":8,"lastStatement":34,"seen":{"s:56:6:56:Infinity":0,"f:56:6:56:33":0,"s:56:33:56:Infinity":1,"f:83:16:83:Infinity":1,"b:86:38:86:Infinity":0,"s:88:75:88:Infinity":2,"b:88:30:88:36":1,"b:88:47:88:54":2,"b:88:67:88:75":3,"s:90:8:95:Infinity":3,"f:90:8:90:47":2,"b:91:4:93:Infinity:undefined:undefined:undefined:undefined":4,"s:91:4:93:Infinity":4,"s:92:6:92:Infinity":5,"s:94:4:94:Infinity":6,"b:94:25:94:47:94:47:94:Infinity":5,"s:97:8:103:Infinity":7,"f:97:8:97:27":3,"s:98:19:98:Infinity":8,"b:99:4:101:Infinity:undefined:undefined:undefined:undefined":6,"s:99:4:101:Infinity":9,"s:100:6:100:Infinity":10,"s:102:4:102:Infinity":11,"s:105:8:116:Infinity":12,"f:105:8:105:30":4,"s:106:19:106:Infinity":13,"b:107:4:109:Infinity:undefined:undefined:undefined:undefined":7,"s:107:4:109:Infinity":14,"s:108:6:108:Infinity":15,"s:110:19:110:Infinity":16,"b:111:4:113:Infinity:undefined:undefined:undefined:undefined":8,"s:111:4:113:Infinity":17,"s:112:6:112:Infinity":18,"s:114:4:114:Infinity":19,"s:115:4:115:Infinity":20,"s:118:8:120:Infinity":21,"f:118:8:118:28":5,"s:119:4:119:Infinity":22,"s:122:8:125:Infinity":23,"f:122:8:122:34":6,"s:123:19:123:Infinity":24,"s:124:4:124:Infinity":25,"b:124:11:124:30:124:30:124:Infinity":9,"b:127:2:129:Infinity:undefined:undefined:undefined:undefined":10,"s:127:2:129:Infinity":26,"s:128:4:128:Infinity":27,"b:131:2:143:Infinity:undefined:undefined:undefined:undefined":11,"s:131:2:143:Infinity":28,"s:133:4:142:Infinity":29,"f:134:6:134:Infinity":7,"b:136:8:138:Infinity:undefined:undefined:undefined:undefined":12,"s:136:8:138:Infinity":30,"s:137:10:137:Infinity":31,"s:139:8:139:Infinity":32,"s:145:2:145:Infinity":33},"fnNames":{}}}
,"C:\\gwinnem\\keystone-dashboard-layout\\packages\\vue\\src\\hooks\\useInstance.ts": {"path":"C:\\gwinnem\\keystone-dashboard-layout\\packages\\vue\\src\\hooks\\useInstance.ts","statementMap":{"0":{"start":{"line":19,"column":32},"end":{"line":19,"column":51}},"1":{"start":{"line":21,"column":31},"end":{"line":21,"column":null}},"2":{"start":{"line":23,"column":2},"end":{"line":27,"column":null}}},"fnMap":{"0":{"name":"useCurrentInstance","decl":{"start":{"line":18,"column":24},"end":{"line":18,"column":63}},"loc":{"start":{"line":18,"column":63},"end":{"line":28,"column":null}},"line":18}},"branchMap":{},"s":{"0":941,"1":941,"2":941},"f":{"0":941},"b":{},"meta":{"lastBranch":0,"lastFunction":1,"lastStatement":3,"seen":{"f:18:24:18:63":0,"s:19:32:19:51":0,"s:21:31:21:Infinity":1,"s:23:2:27:Infinity":2},"fnNames":{}}}
}
