{"C:\\gwinnem\\keystone-dashboard-layout\\packages\\vue\\src\\components\\Grid\\GridItem.vue": {"path":"C:\\gwinnem\\keystone-dashboard-layout\\packages\\vue\\src\\components\\Grid\\GridItem.vue","statementMap":{"0":{"start":{"line":133,"column":17},"end":{"line":135,"column":null}},"1":{"start":{"line":153,"column":20},"end":{"line":153,"column":39}},"2":{"start":{"line":159,"column":21},"end":{"line":159,"column":null}},"3":{"start":{"line":163,"column":19},"end":{"line":163,"column":null}},"4":{"start":{"line":179,"column":15},"end":{"line":179,"column":null}},"5":{"start":{"line":192,"column":16},"end":{"line":192,"column":null}},"6":{"start":{"line":223,"column":19},"end":{"line":223,"column":null}},"7":{"start":{"line":225,"column":28},"end":{"line":225,"column":null}},"8":{"start":{"line":228,"column":24},"end":{"line":228,"column":null}},"9":{"start":{"line":229,"column":24},"end":{"line":229,"column":null}},"10":{"start":{"line":230,"column":24},"end":{"line":230,"column":null}},"11":{"start":{"line":231,"column":24},"end":{"line":231,"column":null}},"12":{"start":{"line":232,"column":25},"end":{"line":232,"column":null}},"13":{"start":{"line":233,"column":25},"end":{"line":233,"column":null}},"14":{"start":{"line":234,"column":25},"end":{"line":234,"column":null}},"15":{"start":{"line":235,"column":25},"end":{"line":235,"column":null}},"16":{"start":{"line":236,"column":27},"end":{"line":245,"column":null}},"17":{"start":{"line":253,"column":14},"end":{"line":253,"column":null}},"18":{"start":{"line":258,"column":15},"end":{"line":258,"column":null}},"19":{"start":{"line":260,"column":25},"end":{"line":260,"column":null}},"20":{"start":{"line":262,"column":20},"end":{"line":262,"column":null}},"21":{"start":{"line":264,"column":17},"end":{"line":264,"column":null}},"22":{"start":{"line":266,"column":18},"end":{"line":266,"column":null}},"23":{"start":{"line":268,"column":25},"end":{"line":268,"column":null}},"24":{"start":{"line":270,"column":27},"end":{"line":270,"column":null}},"25":{"start":{"line":272,"column":19},"end":{"line":272,"column":null}},"26":{"start":{"line":274,"column":14},"end":{"line":274,"column":null}},"27":{"start":{"line":276,"column":18},"end":{"line":276,"column":null}},"28":{"start":{"line":278,"column":29},"end":{"line":278,"column":null}},"29":{"start":{"line":280,"column":26},"end":{"line":280,"column":null}},"30":{"start":{"line":282,"column":34},"end":{"line":282,"column":null}},"31":{"start":{"line":284,"column":33},"end":{"line":284,"column":null}},"32":{"start":{"line":286,"column":32},"end":{"line":286,"column":null}},"33":{"start":{"line":291,"column":17},"end":{"line":291,"column":null}},"34":{"start":{"line":296,"column":17},"end":{"line":296,"column":null}},"35":{"start":{"line":301,"column":17},"end":{"line":301,"column":null}},"36":{"start":{"line":306,"column":17},"end":{"line":306,"column":null}},"37":{"start":{"line":333,"column":20},"end":{"line":335,"column":null}},"38":{"start":{"line":334,"column":4},"end":{"line":334,"column":null}},"39":{"start":{"line":341,"column":24},"end":{"line":362,"column":null}},"40":{"start":{"line":374,"column":6},"end":{"line":374,"column":null}},"41":{"start":{"line":386,"column":6},"end":{"line":386,"column":null}},"42":{"start":{"line":390,"column":28},"end":{"line":390,"column":null}},"43":{"start":{"line":404,"column":26},"end":{"line":404,"column":null}},"44":{"start":{"line":405,"column":8},"end":{"line":412,"column":null}},"45":{"start":{"line":406,"column":4},"end":{"line":411,"column":null}},"46":{"start":{"line":407,"column":6},"end":{"line":407,"column":null}},"47":{"start":{"line":408,"column":6},"end":{"line":410,"column":null}},"48":{"start":{"line":409,"column":8},"end":{"line":409,"column":null}},"49":{"start":{"line":413,"column":2},"end":{"line":413,"column":null}},"50":{"start":{"line":413,"column":37},"end":{"line":413,"column":69}},"51":{"start":{"line":414,"column":2},"end":{"line":414,"column":null}},"52":{"start":{"line":414,"column":37},"end":{"line":414,"column":69}},"53":{"start":{"line":416,"column":8},"end":{"line":427,"column":null}},"54":{"start":{"line":417,"column":4},"end":{"line":419,"column":null}},"55":{"start":{"line":418,"column":6},"end":{"line":418,"column":null}},"56":{"start":{"line":420,"column":4},"end":{"line":420,"column":null}},"57":{"start":{"line":421,"column":4},"end":{"line":426,"column":null}},"58":{"start":{"line":433,"column":8},"end":{"line":448,"column":null}},"59":{"start":{"line":452,"column":32},"end":{"line":454,"column":null}},"60":{"start":{"line":453,"column":4},"end":{"line":453,"column":null}},"61":{"start":{"line":457,"column":32},"end":{"line":459,"column":null}},"62":{"start":{"line":458,"column":4},"end":{"line":458,"column":null}},"63":{"start":{"line":462,"column":43},"end":{"line":464,"column":null}},"64":{"start":{"line":463,"column":4},"end":{"line":463,"column":null}},"65":{"start":{"line":467,"column":20},"end":{"line":472,"column":null}},"66":{"start":{"line":468,"column":4},"end":{"line":470,"column":null}},"67":{"start":{"line":469,"column":6},"end":{"line":469,"column":null}},"68":{"start":{"line":471,"column":4},"end":{"line":471,"column":null}},"69":{"start":{"line":510,"column":29},"end":{"line":510,"column":null}},"70":{"start":{"line":510,"column":44},"end":{"line":510,"column":103}},"71":{"start":{"line":512,"column":28},"end":{"line":523,"column":null}},"72":{"start":{"line":513,"column":42},"end":{"line":515,"column":null}},"73":{"start":{"line":517,"column":18},"end":{"line":519,"column":null}},"74":{"start":{"line":520,"column":4},"end":{"line":520,"column":null}},"75":{"start":{"line":522,"column":4},"end":{"line":522,"column":null}},"76":{"start":{"line":539,"column":36},"end":{"line":547,"column":null}},"77":{"start":{"line":540,"column":4},"end":{"line":542,"column":null}},"78":{"start":{"line":541,"column":6},"end":{"line":541,"column":null}},"79":{"start":{"line":543,"column":4},"end":{"line":545,"column":null}},"80":{"start":{"line":544,"column":6},"end":{"line":544,"column":null}},"81":{"start":{"line":546,"column":4},"end":{"line":546,"column":null}},"82":{"start":{"line":558,"column":22},"end":{"line":558,"column":null}},"83":{"start":{"line":558,"column":38},"end":{"line":558,"column":92}},"84":{"start":{"line":571,"column":21},"end":{"line":573,"column":null}},"85":{"start":{"line":572,"column":4},"end":{"line":572,"column":null}},"86":{"start":{"line":575,"column":19},"end":{"line":589,"column":null}},"87":{"start":{"line":576,"column":4},"end":{"line":588,"column":null}},"88":{"start":{"line":599,"column":8},"end":{"line":680,"column":null}},"89":{"start":{"line":600,"column":4},"end":{"line":606,"column":null}},"90":{"start":{"line":601,"column":6},"end":{"line":601,"column":null}},"91":{"start":{"line":602,"column":6},"end":{"line":602,"column":null}},"92":{"start":{"line":604,"column":6},"end":{"line":604,"column":null}},"93":{"start":{"line":605,"column":6},"end":{"line":605,"column":null}},"94":{"start":{"line":607,"column":16},"end":{"line":607,"column":null}},"95":{"start":{"line":609,"column":4},"end":{"line":617,"column":null}},"96":{"start":{"line":610,"column":6},"end":{"line":610,"column":null}},"97":{"start":{"line":612,"column":6},"end":{"line":616,"column":null}},"98":{"start":{"line":613,"column":8},"end":{"line":613,"column":null}},"99":{"start":{"line":615,"column":8},"end":{"line":615,"column":null}},"100":{"start":{"line":618,"column":4},"end":{"line":657,"column":null}},"101":{"start":{"line":619,"column":6},"end":{"line":619,"column":null}},"102":{"start":{"line":620,"column":6},"end":{"line":620,"column":null}},"103":{"start":{"line":641,"column":6},"end":{"line":646,"column":null}},"104":{"start":{"line":647,"column":6},"end":{"line":652,"column":null}},"105":{"start":{"line":661,"column":4},"end":{"line":668,"column":null}},"106":{"start":{"line":663,"column":6},"end":{"line":667,"column":null}},"107":{"start":{"line":664,"column":8},"end":{"line":664,"column":null}},"108":{"start":{"line":666,"column":8},"end":{"line":666,"column":null}},"109":{"start":{"line":670,"column":4},"end":{"line":678,"column":null}},"110":{"start":{"line":673,"column":6},"end":{"line":677,"column":null}},"111":{"start":{"line":674,"column":8},"end":{"line":674,"column":null}},"112":{"start":{"line":676,"column":8},"end":{"line":676,"column":null}},"113":{"start":{"line":679,"column":4},"end":{"line":679,"column":null}},"114":{"start":{"line":688,"column":8},"end":{"line":705,"column":null}},"115":{"start":{"line":691,"column":43},"end":{"line":694,"column":null}},"116":{"start":{"line":695,"column":4},"end":{"line":703,"column":null}},"117":{"start":{"line":696,"column":18},"end":{"line":696,"column":null}},"118":{"start":{"line":697,"column":22},"end":{"line":697,"column":null}},"119":{"start":{"line":698,"column":6},"end":{"line":700,"column":null}},"120":{"start":{"line":699,"column":8},"end":{"line":699,"column":null}},"121":{"start":{"line":702,"column":6},"end":{"line":702,"column":null}},"122":{"start":{"line":704,"column":4},"end":{"line":704,"column":null}},"123":{"start":{"line":715,"column":8},"end":{"line":727,"column":null}},"124":{"start":{"line":724,"column":4},"end":{"line":726,"column":null}},"125":{"start":{"line":725,"column":6},"end":{"line":725,"column":null}},"126":{"start":{"line":730,"column":8},"end":{"line":732,"column":null}},"127":{"start":{"line":731,"column":4},"end":{"line":731,"column":null}},"128":{"start":{"line":742,"column":2},"end":{"line":747,"column":null}},"129":{"start":{"line":743,"column":10},"end":{"line":743,"column":null}},"130":{"start":{"line":745,"column":6},"end":{"line":745,"column":null}},"131":{"start":{"line":749,"column":2},"end":{"line":755,"column":null}},"132":{"start":{"line":750,"column":10},"end":{"line":750,"column":null}},"133":{"start":{"line":752,"column":6},"end":{"line":752,"column":null}},"134":{"start":{"line":753,"column":6},"end":{"line":753,"column":null}},"135":{"start":{"line":757,"column":2},"end":{"line":759,"column":null}},"136":{"start":{"line":758,"column":4},"end":{"line":758,"column":null}},"137":{"start":{"line":761,"column":2},"end":{"line":766,"column":null}},"138":{"start":{"line":762,"column":10},"end":{"line":762,"column":null}},"139":{"start":{"line":764,"column":6},"end":{"line":764,"column":null}},"140":{"start":{"line":768,"column":2},"end":{"line":773,"column":null}},"141":{"start":{"line":769,"column":10},"end":{"line":769,"column":null}},"142":{"start":{"line":771,"column":6},"end":{"line":771,"column":null}},"143":{"start":{"line":775,"column":2},"end":{"line":780,"column":null}},"144":{"start":{"line":776,"column":10},"end":{"line":776,"column":null}},"145":{"start":{"line":778,"column":6},"end":{"line":778,"column":null}},"146":{"start":{"line":782,"column":2},"end":{"line":787,"column":null}},"147":{"start":{"line":783,"column":10},"end":{"line":783,"column":null}},"148":{"start":{"line":785,"column":6},"end":{"line":785,"column":null}},"149":{"start":{"line":789,"column":2},"end":{"line":794,"column":null}},"150":{"start":{"line":790,"column":10},"end":{"line":790,"column":null}},"151":{"start":{"line":792,"column":6},"end":{"line":792,"column":null}},"152":{"start":{"line":796,"column":2},"end":{"line":801,"column":null}},"153":{"start":{"line":797,"column":10},"end":{"line":797,"column":null}},"154":{"start":{"line":799,"column":6},"end":{"line":799,"column":null}},"155":{"start":{"line":816,"column":2},"end":{"line":823,"column":null}},"156":{"start":{"line":817,"column":10},"end":{"line":817,"column":null}},"157":{"start":{"line":819,"column":6},"end":{"line":821,"column":null}},"158":{"start":{"line":820,"column":8},"end":{"line":820,"column":null}},"159":{"start":{"line":832,"column":2},"end":{"line":834,"column":null}},"160":{"start":{"line":833,"column":4},"end":{"line":833,"column":null}},"161":{"start":{"line":847,"column":2},"end":{"line":850,"column":null}},"162":{"start":{"line":848,"column":4},"end":{"line":848,"column":null}},"163":{"start":{"line":849,"column":4},"end":{"line":849,"column":null}},"164":{"start":{"line":852,"column":2},"end":{"line":855,"column":null}},"165":{"start":{"line":853,"column":4},"end":{"line":853,"column":null}},"166":{"start":{"line":854,"column":4},"end":{"line":854,"column":null}},"167":{"start":{"line":857,"column":2},"end":{"line":861,"column":null}},"168":{"start":{"line":858,"column":4},"end":{"line":858,"column":null}},"169":{"start":{"line":859,"column":4},"end":{"line":859,"column":null}},"170":{"start":{"line":860,"column":4},"end":{"line":860,"column":null}},"171":{"start":{"line":863,"column":2},"end":{"line":867,"column":null}},"172":{"start":{"line":864,"column":4},"end":{"line":864,"column":null}},"173":{"start":{"line":865,"column":4},"end":{"line":865,"column":null}},"174":{"start":{"line":866,"column":4},"end":{"line":866,"column":null}},"175":{"start":{"line":869,"column":2},"end":{"line":875,"column":null}},"176":{"start":{"line":870,"column":10},"end":{"line":870,"column":null}},"177":{"start":{"line":872,"column":6},"end":{"line":872,"column":null}},"178":{"start":{"line":873,"column":6},"end":{"line":873,"column":null}},"179":{"start":{"line":877,"column":2},"end":{"line":883,"column":null}},"180":{"start":{"line":878,"column":10},"end":{"line":878,"column":null}},"181":{"start":{"line":880,"column":6},"end":{"line":880,"column":null}},"182":{"start":{"line":881,"column":6},"end":{"line":881,"column":null}},"183":{"start":{"line":885,"column":2},"end":{"line":891,"column":null}},"184":{"start":{"line":886,"column":10},"end":{"line":886,"column":null}},"185":{"start":{"line":888,"column":6},"end":{"line":888,"column":null}},"186":{"start":{"line":889,"column":6},"end":{"line":889,"column":null}},"187":{"start":{"line":893,"column":2},"end":{"line":899,"column":null}},"188":{"start":{"line":894,"column":10},"end":{"line":894,"column":null}},"189":{"start":{"line":896,"column":6},"end":{"line":896,"column":null}},"190":{"start":{"line":897,"column":6},"end":{"line":897,"column":null}},"191":{"start":{"line":901,"column":2},"end":{"line":904,"column":null}},"192":{"start":{"line":902,"column":4},"end":{"line":902,"column":null}},"193":{"start":{"line":903,"column":4},"end":{"line":903,"column":null}},"194":{"start":{"line":906,"column":2},"end":{"line":911,"column":null}},"195":{"start":{"line":907,"column":10},"end":{"line":907,"column":null}},"196":{"start":{"line":909,"column":6},"end":{"line":909,"column":null}},"197":{"start":{"line":913,"column":2},"end":{"line":918,"column":null}},"198":{"start":{"line":914,"column":10},"end":{"line":914,"column":null}},"199":{"start":{"line":916,"column":6},"end":{"line":916,"column":null}},"200":{"start":{"line":920,"column":2},"end":{"line":925,"column":null}},"201":{"start":{"line":921,"column":10},"end":{"line":921,"column":null}},"202":{"start":{"line":923,"column":6},"end":{"line":923,"column":null}},"203":{"start":{"line":927,"column":2},"end":{"line":932,"column":null}},"204":{"start":{"line":928,"column":10},"end":{"line":928,"column":null}},"205":{"start":{"line":930,"column":6},"end":{"line":930,"column":null}},"206":{"start":{"line":939,"column":8},"end":{"line":941,"column":null}},"207":{"start":{"line":940,"column":4},"end":{"line":940,"column":null}},"208":{"start":{"line":943,"column":8},"end":{"line":945,"column":null}},"209":{"start":{"line":944,"column":4},"end":{"line":944,"column":null}},"210":{"start":{"line":947,"column":8},"end":{"line":951,"column":null}},"211":{"start":{"line":948,"column":4},"end":{"line":950,"column":null}},"212":{"start":{"line":949,"column":6},"end":{"line":949,"column":null}},"213":{"start":{"line":953,"column":8},"end":{"line":957,"column":null}},"214":{"start":{"line":954,"column":4},"end":{"line":956,"column":null}},"215":{"start":{"line":955,"column":6},"end":{"line":955,"column":null}},"216":{"start":{"line":959,"column":8},"end":{"line":963,"column":null}},"217":{"start":{"line":960,"column":4},"end":{"line":962,"column":null}},"218":{"start":{"line":961,"column":6},"end":{"line":961,"column":null}},"219":{"start":{"line":965,"column":8},"end":{"line":969,"column":null}},"220":{"start":{"line":966,"column":4},"end":{"line":968,"column":null}},"221":{"start":{"line":967,"column":6},"end":{"line":967,"column":null}},"222":{"start":{"line":971,"column":8},"end":{"line":975,"column":null}},"223":{"start":{"line":972,"column":4},"end":{"line":974,"column":null}},"224":{"start":{"line":973,"column":6},"end":{"line":973,"column":null}},"225":{"start":{"line":977,"column":8},"end":{"line":981,"column":null}},"226":{"start":{"line":978,"column":4},"end":{"line":980,"column":null}},"227":{"start":{"line":979,"column":6},"end":{"line":979,"column":null}},"228":{"start":{"line":983,"column":8},"end":{"line":987,"column":null}},"229":{"start":{"line":984,"column":4},"end":{"line":986,"column":null}},"230":{"start":{"line":985,"column":6},"end":{"line":985,"column":null}},"231":{"start":{"line":989,"column":8},"end":{"line":993,"column":null}},"232":{"start":{"line":990,"column":4},"end":{"line":992,"column":null}},"233":{"start":{"line":991,"column":6},"end":{"line":991,"column":null}},"234":{"start":{"line":995,"column":8},"end":{"line":997,"column":null}},"235":{"start":{"line":996,"column":4},"end":{"line":996,"column":null}},"236":{"start":{"line":1009,"column":8},"end":{"line":1012,"column":null}},"237":{"start":{"line":1010,"column":4},"end":{"line":1010,"column":null}},"238":{"start":{"line":1011,"column":4},"end":{"line":1011,"column":null}},"239":{"start":{"line":1014,"column":8},"end":{"line":1016,"column":null}},"240":{"start":{"line":1015,"column":4},"end":{"line":1015,"column":null}},"241":{"start":{"line":1019,"column":8},"end":{"line":1026,"column":null}},"242":{"start":{"line":1020,"column":4},"end":{"line":1022,"column":null}},"243":{"start":{"line":1021,"column":6},"end":{"line":1021,"column":null}},"244":{"start":{"line":1023,"column":4},"end":{"line":1023,"column":null}},"245":{"start":{"line":1023,"column":38},"end":{"line":1023,"column":47}},"246":{"start":{"line":1024,"column":4},"end":{"line":1024,"column":null}},"247":{"start":{"line":1025,"column":4},"end":{"line":1025,"column":null}},"248":{"start":{"line":1028,"column":8},"end":{"line":1030,"column":null}},"249":{"start":{"line":1029,"column":4},"end":{"line":1029,"column":null}},"250":{"start":{"line":1033,"column":8},"end":{"line":1036,"column":null}},"251":{"start":{"line":1034,"column":4},"end":{"line":1034,"column":null}},"252":{"start":{"line":1035,"column":4},"end":{"line":1035,"column":null}},"253":{"start":{"line":1038,"column":8},"end":{"line":1040,"column":null}},"254":{"start":{"line":1039,"column":4},"end":{"line":1039,"column":null}},"255":{"start":{"line":1043,"column":2},"end":{"line":1043,"column":null}},"256":{"start":{"line":1044,"column":2},"end":{"line":1044,"column":null}},"257":{"start":{"line":1045,"column":2},"end":{"line":1045,"column":null}},"258":{"start":{"line":1046,"column":2},"end":{"line":1046,"column":null}},"259":{"start":{"line":1047,"column":2},"end":{"line":1047,"column":null}},"260":{"start":{"line":1048,"column":2},"end":{"line":1048,"column":null}},"261":{"start":{"line":1049,"column":2},"end":{"line":1049,"column":null}},"262":{"start":{"line":1050,"column":2},"end":{"line":1050,"column":null}},"263":{"start":{"line":1051,"column":2},"end":{"line":1051,"column":null}},"264":{"start":{"line":1052,"column":2},"end":{"line":1052,"column":null}},"265":{"start":{"line":1053,"column":2},"end":{"line":1053,"column":null}},"266":{"start":{"line":1054,"column":2},"end":{"line":1054,"column":null}},"267":{"start":{"line":1055,"column":2},"end":{"line":1055,"column":null}},"268":{"start":{"line":1056,"column":2},"end":{"line":1056,"column":null}},"269":{"start":{"line":1057,"column":2},"end":{"line":1057,"column":null}},"270":{"start":{"line":1058,"column":2},"end":{"line":1058,"column":null}},"271":{"start":{"line":1059,"column":2},"end":{"line":1059,"column":null}},"272":{"start":{"line":1061,"column":2},"end":{"line":1083,"column":null}},"273":{"start":{"line":1062,"column":4},"end":{"line":1062,"column":null}},"274":{"start":{"line":1064,"column":4},"end":{"line":1064,"column":null}},"275":{"start":{"line":1065,"column":4},"end":{"line":1065,"column":null}},"276":{"start":{"line":1066,"column":4},"end":{"line":1066,"column":null}},"277":{"start":{"line":1067,"column":4},"end":{"line":1067,"column":null}},"278":{"start":{"line":1068,"column":4},"end":{"line":1068,"column":null}},"279":{"start":{"line":1069,"column":4},"end":{"line":1069,"column":null}},"280":{"start":{"line":1070,"column":4},"end":{"line":1070,"column":null}},"281":{"start":{"line":1071,"column":4},"end":{"line":1071,"column":null}},"282":{"start":{"line":1072,"column":4},"end":{"line":1072,"column":null}},"283":{"start":{"line":1073,"column":4},"end":{"line":1073,"column":null}},"284":{"start":{"line":1074,"column":4},"end":{"line":1074,"column":null}},"285":{"start":{"line":1075,"column":4},"end":{"line":1075,"column":null}},"286":{"start":{"line":1076,"column":4},"end":{"line":1076,"column":null}},"287":{"start":{"line":1077,"column":4},"end":{"line":1077,"column":null}},"288":{"start":{"line":1078,"column":4},"end":{"line":1078,"column":null}},"289":{"start":{"line":1079,"column":4},"end":{"line":1079,"column":null}},"290":{"start":{"line":1080,"column":4},"end":{"line":1080,"column":null}},"291":{"start":{"line":1081,"column":4},"end":{"line":1081,"column":null}},"292":{"start":{"line":1082,"column":4},"end":{"line":1082,"column":null}},"293":{"start":{"line":1095,"column":2},"end":{"line":1192,"column":null}},"294":{"start":{"line":1096,"column":4},"end":{"line":1100,"column":null}},"295":{"start":{"line":1097,"column":6},"end":{"line":1097,"column":null}},"296":{"start":{"line":1099,"column":6},"end":{"line":1099,"column":null}},"297":{"start":{"line":1101,"column":4},"end":{"line":1101,"column":null}},"298":{"start":{"line":1108,"column":4},"end":{"line":1108,"column":null}},"299":{"start":{"line":1109,"column":4},"end":{"line":1109,"column":null}},"300":{"start":{"line":1110,"column":4},"end":{"line":1110,"column":null}},"301":{"start":{"line":1122,"column":4},"end":{"line":1122,"column":null}},"302":{"start":{"line":1124,"column":4},"end":{"line":1128,"column":null}},"303":{"start":{"line":1125,"column":6},"end":{"line":1125,"column":null}},"304":{"start":{"line":1127,"column":6},"end":{"line":1127,"column":null}},"305":{"start":{"line":1130,"column":4},"end":{"line":1134,"column":null}},"306":{"start":{"line":1131,"column":6},"end":{"line":1131,"column":null}},"307":{"start":{"line":1133,"column":6},"end":{"line":1133,"column":null}},"308":{"start":{"line":1136,"column":4},"end":{"line":1140,"column":null}},"309":{"start":{"line":1137,"column":6},"end":{"line":1137,"column":null}},"310":{"start":{"line":1139,"column":6},"end":{"line":1139,"column":null}},"311":{"start":{"line":1142,"column":4},"end":{"line":1146,"column":null}},"312":{"start":{"line":1143,"column":6},"end":{"line":1143,"column":null}},"313":{"start":{"line":1145,"column":6},"end":{"line":1145,"column":null}},"314":{"start":{"line":1148,"column":4},"end":{"line":1152,"column":null}},"315":{"start":{"line":1149,"column":6},"end":{"line":1149,"column":null}},"316":{"start":{"line":1151,"column":6},"end":{"line":1151,"column":null}},"317":{"start":{"line":1154,"column":4},"end":{"line":1158,"column":null}},"318":{"start":{"line":1155,"column":6},"end":{"line":1155,"column":null}},"319":{"start":{"line":1157,"column":6},"end":{"line":1157,"column":null}},"320":{"start":{"line":1160,"column":4},"end":{"line":1164,"column":null}},"321":{"start":{"line":1161,"column":6},"end":{"line":1161,"column":null}},"322":{"start":{"line":1163,"column":6},"end":{"line":1163,"column":null}},"323":{"start":{"line":1166,"column":4},"end":{"line":1170,"column":null}},"324":{"start":{"line":1167,"column":6},"end":{"line":1167,"column":null}},"325":{"start":{"line":1169,"column":6},"end":{"line":1169,"column":null}},"326":{"start":{"line":1172,"column":4},"end":{"line":1172,"column":null}},"327":{"start":{"line":1173,"column":4},"end":{"line":1173,"column":null}},"328":{"start":{"line":1174,"column":4},"end":{"line":1174,"column":null}},"329":{"start":{"line":1189,"column":4},"end":{"line":1189,"column":null}},"330":{"start":{"line":1190,"column":4},"end":{"line":1190,"column":null}},"331":{"start":{"line":1191,"column":4},"end":{"line":1191,"column":null}},"332":{"start":{"line":1201,"column":2},"end":{"line":1206,"column":null}},"333":{"start":{"line":32,"column":12},"end":{"line":32,"column":39}},"334":{"start":{"line":12,"column":2},"end":{"line":125,"column":null}},"335":{"start":{"line":23,"column":14},"end":{"line":23,"column":null}},"336":{"start":{"line":28,"column":14},"end":{"line":28,"column":null}}},"fnMap":{"0":{"name":"(anonymous_0)","decl":{"start":{"line":333,"column":20},"end":{"line":333,"column":35}},"loc":{"start":{"line":333,"column":35},"end":{"line":335,"column":3}},"line":333},"1":{"name":"(anonymous_1)","decl":{"start":{"line":405,"column":8},"end":{"line":405,"column":31}},"loc":{"start":{"line":405,"column":67},"end":{"line":412,"column":null}},"line":405},"2":{"name":"(anonymous_2)","decl":{"start":{"line":408,"column":6},"end":{"line":408,"column":23}},"loc":{"start":{"line":408,"column":23},"end":{"line":410,"column":9}},"line":408},"3":{"name":"(anonymous_3)","decl":{"start":{"line":413,"column":8},"end":{"line":413,"column":21}},"loc":{"start":{"line":413,"column":37},"end":{"line":413,"column":69}},"line":413},"4":{"name":"(anonymous_4)","decl":{"start":{"line":414,"column":8},"end":{"line":414,"column":21}},"loc":{"start":{"line":414,"column":37},"end":{"line":414,"column":69}},"line":414},"5":{"name":"(anonymous_5)","decl":{"start":{"line":416,"column":8},"end":{"line":416,"column":27}},"loc":{"start":{"line":416,"column":55},"end":{"line":427,"column":null}},"line":416},"6":{"name":"(anonymous_6)","decl":{"start":{"line":433,"column":8},"end":{"line":433,"column":24}},"loc":{"start":{"line":433,"column":54},"end":{"line":448,"column":null}},"line":433},"7":{"name":"(anonymous_7)","decl":{"start":{"line":452,"column":32},"end":{"line":452,"column":47}},"loc":{"start":{"line":452,"column":47},"end":{"line":454,"column":3}},"line":452},"8":{"name":"(anonymous_8)","decl":{"start":{"line":457,"column":32},"end":{"line":457,"column":47}},"loc":{"start":{"line":457,"column":47},"end":{"line":459,"column":3}},"line":457},"9":{"name":"(anonymous_9)","decl":{"start":{"line":462,"column":43},"end":{"line":462,"column":58}},"loc":{"start":{"line":462,"column":58},"end":{"line":464,"column":3}},"line":462},"10":{"name":"(anonymous_10)","decl":{"start":{"line":467,"column":20},"end":{"line":467,"column":35}},"loc":{"start":{"line":467,"column":35},"end":{"line":472,"column":3}},"line":467},"11":{"name":"(anonymous_11)","decl":{"start":{"line":510,"column":29},"end":{"line":510,"column":44}},"loc":{"start":{"line":510,"column":44},"end":{"line":510,"column":103}},"line":510},"12":{"name":"(anonymous_12)","decl":{"start":{"line":512,"column":28},"end":{"line":512,"column":43}},"loc":{"start":{"line":512,"column":43},"end":{"line":523,"column":3}},"line":512},"13":{"name":"(anonymous_13)","decl":{"start":{"line":539,"column":36},"end":{"line":539,"column":51}},"loc":{"start":{"line":539,"column":51},"end":{"line":547,"column":3}},"line":539},"14":{"name":"(anonymous_14)","decl":{"start":{"line":558,"column":22},"end":{"line":558,"column":38}},"loc":{"start":{"line":558,"column":38},"end":{"line":558,"column":92}},"line":558},"15":{"name":"(anonymous_15)","decl":{"start":{"line":571,"column":21},"end":{"line":571,"column":36}},"loc":{"start":{"line":571,"column":36},"end":{"line":573,"column":3}},"line":571},"16":{"name":"(anonymous_16)","decl":{"start":{"line":575,"column":19},"end":{"line":575,"column":34}},"loc":{"start":{"line":575,"column":34},"end":{"line":589,"column":3}},"line":575},"17":{"name":"(anonymous_17)","decl":{"start":{"line":599,"column":8},"end":{"line":599,"column":34}},"loc":{"start":{"line":599,"column":34},"end":{"line":680,"column":null}},"line":599},"18":{"name":"(anonymous_18)","decl":{"start":{"line":688,"column":8},"end":{"line":688,"column":43}},"loc":{"start":{"line":688,"column":43},"end":{"line":705,"column":null}},"line":688},"19":{"name":"(anonymous_19)","decl":{"start":{"line":715,"column":8},"end":{"line":715,"column":23}},"loc":{"start":{"line":715,"column":47},"end":{"line":727,"column":null}},"line":715},"20":{"name":"(anonymous_20)","decl":{"start":{"line":730,"column":8},"end":{"line":730,"column":34}},"loc":{"start":{"line":730,"column":34},"end":{"line":732,"column":null}},"line":730},"21":{"name":"(anonymous_21)","decl":{"start":{"line":742,"column":2},"end":{"line":742,"column":null}},"loc":{"start":{"line":743,"column":10},"end":{"line":743,"column":null}},"line":743},"22":{"name":"(anonymous_22)","decl":{"start":{"line":743,"column":16},"end":{"line":743,"column":null}},"loc":{"start":{"line":744,"column":11},"end":{"line":746,"column":null}},"line":744},"23":{"name":"(anonymous_23)","decl":{"start":{"line":749,"column":2},"end":{"line":749,"column":null}},"loc":{"start":{"line":750,"column":10},"end":{"line":750,"column":null}},"line":750},"24":{"name":"(anonymous_24)","decl":{"start":{"line":750,"column":16},"end":{"line":750,"column":null}},"loc":{"start":{"line":751,"column":10},"end":{"line":754,"column":null}},"line":751},"25":{"name":"(anonymous_25)","decl":{"start":{"line":757,"column":8},"end":{"line":757,"column":25}},"loc":{"start":{"line":757,"column":25},"end":{"line":759,"column":3}},"line":757},"26":{"name":"(anonymous_26)","decl":{"start":{"line":761,"column":2},"end":{"line":761,"column":null}},"loc":{"start":{"line":762,"column":10},"end":{"line":762,"column":null}},"line":762},"27":{"name":"(anonymous_27)","decl":{"start":{"line":762,"column":16},"end":{"line":762,"column":null}},"loc":{"start":{"line":763,"column":11},"end":{"line":765,"column":null}},"line":763},"28":{"name":"(anonymous_28)","decl":{"start":{"line":768,"column":2},"end":{"line":768,"column":null}},"loc":{"start":{"line":769,"column":10},"end":{"line":769,"column":null}},"line":769},"29":{"name":"(anonymous_29)","decl":{"start":{"line":769,"column":16},"end":{"line":769,"column":null}},"loc":{"start":{"line":770,"column":11},"end":{"line":772,"column":null}},"line":770},"30":{"name":"(anonymous_30)","decl":{"start":{"line":775,"column":2},"end":{"line":775,"column":null}},"loc":{"start":{"line":776,"column":10},"end":{"line":776,"column":null}},"line":776},"31":{"name":"(anonymous_31)","decl":{"start":{"line":776,"column":16},"end":{"line":776,"column":null}},"loc":{"start":{"line":777,"column":11},"end":{"line":779,"column":null}},"line":777},"32":{"name":"(anonymous_32)","decl":{"start":{"line":782,"column":2},"end":{"line":782,"column":null}},"loc":{"start":{"line":783,"column":10},"end":{"line":783,"column":null}},"line":783},"33":{"name":"(anonymous_33)","decl":{"start":{"line":783,"column":16},"end":{"line":783,"column":null}},"loc":{"start":{"line":784,"column":11},"end":{"line":786,"column":null}},"line":784},"34":{"name":"(anonymous_34)","decl":{"start":{"line":789,"column":2},"end":{"line":789,"column":null}},"loc":{"start":{"line":790,"column":10},"end":{"line":790,"column":null}},"line":790},"35":{"name":"(anonymous_35)","decl":{"start":{"line":790,"column":16},"end":{"line":790,"column":null}},"loc":{"start":{"line":791,"column":11},"end":{"line":793,"column":null}},"line":791},"36":{"name":"(anonymous_36)","decl":{"start":{"line":796,"column":2},"end":{"line":796,"column":null}},"loc":{"start":{"line":797,"column":10},"end":{"line":797,"column":null}},"line":797},"37":{"name":"(anonymous_37)","decl":{"start":{"line":797,"column":16},"end":{"line":797,"column":null}},"loc":{"start":{"line":798,"column":11},"end":{"line":800,"column":null}},"line":798},"38":{"name":"(anonymous_38)","decl":{"start":{"line":816,"column":2},"end":{"line":816,"column":null}},"loc":{"start":{"line":817,"column":10},"end":{"line":817,"column":null}},"line":817},"39":{"name":"(anonymous_39)","decl":{"start":{"line":817,"column":16},"end":{"line":817,"column":null}},"loc":{"start":{"line":818,"column":11},"end":{"line":822,"column":null}},"line":818},"40":{"name":"(anonymous_40)","decl":{"start":{"line":832,"column":8},"end":{"line":832,"column":25}},"loc":{"start":{"line":832,"column":25},"end":{"line":834,"column":5}},"line":832},"41":{"name":"(anonymous_41)","decl":{"start":{"line":847,"column":8},"end":{"line":847,"column":37}},"loc":{"start":{"line":847,"column":37},"end":{"line":850,"column":5}},"line":847},"42":{"name":"(anonymous_42)","decl":{"start":{"line":852,"column":8},"end":{"line":852,"column":25}},"loc":{"start":{"line":852,"column":25},"end":{"line":855,"column":3}},"line":852},"43":{"name":"(anonymous_43)","decl":{"start":{"line":857,"column":8},"end":{"line":857,"column":20}},"loc":{"start":{"line":857,"column":20},"end":{"line":861,"column":3}},"line":857},"44":{"name":"(anonymous_44)","decl":{"start":{"line":863,"column":8},"end":{"line":863,"column":30}},"loc":{"start":{"line":863,"column":30},"end":{"line":867,"column":3}},"line":863},"45":{"name":"(anonymous_45)","decl":{"start":{"line":869,"column":2},"end":{"line":869,"column":null}},"loc":{"start":{"line":870,"column":10},"end":{"line":870,"column":null}},"line":870},"46":{"name":"(anonymous_46)","decl":{"start":{"line":870,"column":16},"end":{"line":870,"column":null}},"loc":{"start":{"line":871,"column":14},"end":{"line":874,"column":null}},"line":871},"47":{"name":"(anonymous_47)","decl":{"start":{"line":877,"column":2},"end":{"line":877,"column":null}},"loc":{"start":{"line":878,"column":10},"end":{"line":878,"column":null}},"line":878},"48":{"name":"(anonymous_48)","decl":{"start":{"line":878,"column":16},"end":{"line":878,"column":null}},"loc":{"start":{"line":879,"column":14},"end":{"line":882,"column":null}},"line":879},"49":{"name":"(anonymous_49)","decl":{"start":{"line":885,"column":2},"end":{"line":885,"column":null}},"loc":{"start":{"line":886,"column":10},"end":{"line":886,"column":null}},"line":886},"50":{"name":"(anonymous_50)","decl":{"start":{"line":886,"column":16},"end":{"line":886,"column":null}},"loc":{"start":{"line":887,"column":14},"end":{"line":890,"column":null}},"line":887},"51":{"name":"(anonymous_51)","decl":{"start":{"line":893,"column":2},"end":{"line":893,"column":null}},"loc":{"start":{"line":894,"column":10},"end":{"line":894,"column":null}},"line":894},"52":{"name":"(anonymous_52)","decl":{"start":{"line":894,"column":16},"end":{"line":894,"column":null}},"loc":{"start":{"line":895,"column":14},"end":{"line":898,"column":null}},"line":895},"53":{"name":"(anonymous_53)","decl":{"start":{"line":901,"column":8},"end":{"line":901,"column":25}},"loc":{"start":{"line":901,"column":25},"end":{"line":904,"column":3}},"line":901},"54":{"name":"(anonymous_54)","decl":{"start":{"line":906,"column":2},"end":{"line":906,"column":null}},"loc":{"start":{"line":907,"column":10},"end":{"line":907,"column":null}},"line":907},"55":{"name":"(anonymous_55)","decl":{"start":{"line":907,"column":16},"end":{"line":907,"column":null}},"loc":{"start":{"line":908,"column":10},"end":{"line":910,"column":null}},"line":908},"56":{"name":"(anonymous_56)","decl":{"start":{"line":913,"column":2},"end":{"line":913,"column":null}},"loc":{"start":{"line":914,"column":10},"end":{"line":914,"column":null}},"line":914},"57":{"name":"(anonymous_57)","decl":{"start":{"line":914,"column":16},"end":{"line":914,"column":null}},"loc":{"start":{"line":915,"column":10},"end":{"line":917,"column":null}},"line":915},"58":{"name":"(anonymous_58)","decl":{"start":{"line":920,"column":2},"end":{"line":920,"column":null}},"loc":{"start":{"line":921,"column":10},"end":{"line":921,"column":null}},"line":921},"59":{"name":"(anonymous_59)","decl":{"start":{"line":921,"column":16},"end":{"line":921,"column":null}},"loc":{"start":{"line":922,"column":10},"end":{"line":924,"column":null}},"line":922},"60":{"name":"(anonymous_60)","decl":{"start":{"line":927,"column":2},"end":{"line":927,"column":null}},"loc":{"start":{"line":928,"column":10},"end":{"line":928,"column":null}},"line":928},"61":{"name":"(anonymous_61)","decl":{"start":{"line":928,"column":16},"end":{"line":928,"column":null}},"loc":{"start":{"line":929,"column":10},"end":{"line":931,"column":null}},"line":929},"62":{"name":"(anonymous_62)","decl":{"start":{"line":939,"column":8},"end":{"line":939,"column":30}},"loc":{"start":{"line":939,"column":54},"end":{"line":941,"column":null}},"line":939},"63":{"name":"(anonymous_63)","decl":{"start":{"line":943,"column":8},"end":{"line":943,"column":37}},"loc":{"start":{"line":943,"column":37},"end":{"line":945,"column":null}},"line":943},"64":{"name":"(anonymous_64)","decl":{"start":{"line":947,"column":8},"end":{"line":947,"column":31}},"loc":{"start":{"line":947,"column":62},"end":{"line":951,"column":null}},"line":947},"65":{"name":"(anonymous_65)","decl":{"start":{"line":953,"column":8},"end":{"line":953,"column":31}},"loc":{"start":{"line":953,"column":62},"end":{"line":957,"column":null}},"line":953},"66":{"name":"(anonymous_66)","decl":{"start":{"line":959,"column":8},"end":{"line":959,"column":29}},"loc":{"start":{"line":959,"column":58},"end":{"line":963,"column":null}},"line":959},"67":{"name":"(anonymous_67)","decl":{"start":{"line":965,"column":8},"end":{"line":965,"column":37}},"loc":{"start":{"line":965,"column":60},"end":{"line":969,"column":null}},"line":965},"68":{"name":"(anonymous_68)","decl":{"start":{"line":971,"column":8},"end":{"line":971,"column":36}},"loc":{"start":{"line":971,"column":59},"end":{"line":975,"column":null}},"line":971},"69":{"name":"(anonymous_69)","decl":{"start":{"line":977,"column":8},"end":{"line":977,"column":37}},"loc":{"start":{"line":977,"column":60},"end":{"line":981,"column":null}},"line":977},"70":{"name":"(anonymous_70)","decl":{"start":{"line":983,"column":8},"end":{"line":983,"column":36}},"loc":{"start":{"line":983,"column":58},"end":{"line":987,"column":null}},"line":983},"71":{"name":"(anonymous_71)","decl":{"start":{"line":989,"column":8},"end":{"line":989,"column":35}},"loc":{"start":{"line":989,"column":66},"end":{"line":993,"column":null}},"line":989},"72":{"name":"(anonymous_72)","decl":{"start":{"line":995,"column":8},"end":{"line":995,"column":36}},"loc":{"start":{"line":995,"column":61},"end":{"line":997,"column":null}},"line":995},"73":{"name":"(anonymous_73)","decl":{"start":{"line":1009,"column":8},"end":{"line":1009,"column":38}},"loc":{"start":{"line":1009,"column":61},"end":{"line":1012,"column":null}},"line":1009},"74":{"name":"(anonymous_74)","decl":{"start":{"line":1014,"column":8},"end":{"line":1014,"column":31}},"loc":{"start":{"line":1014,"column":57},"end":{"line":1016,"column":null}},"line":1014},"75":{"name":"(anonymous_75)","decl":{"start":{"line":1019,"column":8},"end":{"line":1019,"column":28}},"loc":{"start":{"line":1019,"column":58},"end":{"line":1026,"column":null}},"line":1019},"76":{"name":"(anonymous_76)","decl":{"start":{"line":1023,"column":29},"end":{"line":1023,"column":33}},"loc":{"start":{"line":1023,"column":38},"end":{"line":1023,"column":47}},"line":1023},"77":{"name":"(anonymous_77)","decl":{"start":{"line":1028,"column":8},"end":{"line":1028,"column":29}},"loc":{"start":{"line":1028,"column":53},"end":{"line":1030,"column":null}},"line":1028},"78":{"name":"(anonymous_78)","decl":{"start":{"line":1033,"column":8},"end":{"line":1033,"column":34}},"loc":{"start":{"line":1033,"column":64},"end":{"line":1036,"column":null}},"line":1033},"79":{"name":"(anonymous_79)","decl":{"start":{"line":1038,"column":8},"end":{"line":1038,"column":21}},"loc":{"start":{"line":1038,"column":46},"end":{"line":1040,"column":null}},"line":1038},"80":{"name":"(anonymous_80)","decl":{"start":{"line":1061,"column":2},"end":{"line":1061,"column":24}},"loc":{"start":{"line":1061,"column":24},"end":{"line":1083,"column":3}},"line":1061},"81":{"name":"(anonymous_81)","decl":{"start":{"line":1095,"column":2},"end":{"line":1095,"column":18}},"loc":{"start":{"line":1095,"column":18},"end":{"line":1192,"column":3}},"line":1095},"82":{"name":"(anonymous_82)","decl":{"start":{"line":23,"column":12},"end":{"line":23,"column":14}},"loc":{"start":{"line":23,"column":14},"end":{"line":23,"column":null}},"line":23},"83":{"name":"(anonymous_83)","decl":{"start":{"line":28,"column":12},"end":{"line":28,"column":14}},"loc":{"start":{"line":28,"column":14},"end":{"line":28,"column":null}},"line":28}},"branchMap":{"0":{"loc":{"start":{"line":334,"column":11},"end":{"line":334,"column":null}},"type":"cond-expr","locations":[{"start":{"line":334,"column":30},"end":{"line":334,"column":42}},{"start":{"line":334,"column":42},"end":{"line":334,"column":null}}],"line":334},"1":{"loc":{"start":{"line":406,"column":4},"end":{"line":411,"column":null}},"type":"if","locations":[{"start":{"line":406,"column":4},"end":{"line":411,"column":null}},{"start":{},"end":{}}],"line":406},"2":{"loc":{"start":{"line":406,"column":7},"end":{"line":406,"column":19}},"type":"binary-expr","locations":[{"start":{"line":406,"column":7},"end":{"line":406,"column":14}},{"start":{"line":406,"column":14},"end":{"line":406,"column":19}}],"line":406},"3":{"loc":{"start":{"line":417,"column":4},"end":{"line":419,"column":null}},"type":"if","locations":[{"start":{"line":417,"column":4},"end":{"line":419,"column":null}},{"start":{},"end":{}}],"line":417},"4":{"loc":{"start":{"line":453,"column":11},"end":{"line":453,"column":null}},"type":"binary-expr","locations":[{"start":{"line":453,"column":11},"end":{"line":453,"column":30}},{"start":{"line":453,"column":30},"end":{"line":453,"column":49}},{"start":{"line":453,"column":49},"end":{"line":453,"column":null}}],"line":453},"5":{"loc":{"start":{"line":458,"column":11},"end":{"line":458,"column":null}},"type":"binary-expr","locations":[{"start":{"line":458,"column":11},"end":{"line":458,"column":30}},{"start":{"line":458,"column":30},"end":{"line":458,"column":49}},{"start":{"line":458,"column":49},"end":{"line":458,"column":null}}],"line":458},"6":{"loc":{"start":{"line":463,"column":4},"end":{"line":463,"column":null}},"type":"binary-expr","locations":[{"start":{"line":463,"column":12},"end":{"line":463,"column":31}},{"start":{"line":463,"column":31},"end":{"line":463,"column":51}},{"start":{"line":463,"column":51},"end":{"line":463,"column":70}},{"start":{"line":463,"column":70},"end":{"line":463,"column":null}}],"line":463},"7":{"loc":{"start":{"line":468,"column":4},"end":{"line":470,"column":null}},"type":"if","locations":[{"start":{"line":468,"column":4},"end":{"line":470,"column":null}},{"start":{},"end":{}}],"line":468},"8":{"loc":{"start":{"line":513,"column":42},"end":{"line":515,"column":null}},"type":"cond-expr","locations":[{"start":{"line":514,"column":8},"end":{"line":514,"column":null}},{"start":{"line":515,"column":8},"end":{"line":515,"column":null}}],"line":513},"9":{"loc":{"start":{"line":517,"column":18},"end":{"line":519,"column":null}},"type":"cond-expr","locations":[{"start":{"line":518,"column":8},"end":{"line":518,"column":null}},{"start":{"line":519,"column":8},"end":{"line":519,"column":null}}],"line":517},"10":{"loc":{"start":{"line":540,"column":4},"end":{"line":542,"column":null}},"type":"if","locations":[{"start":{"line":540,"column":4},"end":{"line":542,"column":null}},{"start":{},"end":{}}],"line":540},"11":{"loc":{"start":{"line":543,"column":4},"end":{"line":545,"column":null}},"type":"if","locations":[{"start":{"line":543,"column":4},"end":{"line":545,"column":null}},{"start":{},"end":{}}],"line":543},"12":{"loc":{"start":{"line":546,"column":38},"end":{"line":546,"column":87}},"type":"binary-expr","locations":[{"start":{"line":546,"column":38},"end":{"line":546,"column":65}},{"start":{"line":546,"column":65},"end":{"line":546,"column":87}}],"line":546},"13":{"loc":{"start":{"line":558,"column":38},"end":{"line":558,"column":92}},"type":"cond-expr","locations":[{"start":{"line":558,"column":62},"end":{"line":558,"column":67}},{"start":{"line":558,"column":67},"end":{"line":558,"column":92}}],"line":558},"14":{"loc":{"start":{"line":572,"column":11},"end":{"line":572,"column":null}},"type":"binary-expr","locations":[{"start":{"line":572,"column":11},"end":{"line":572,"column":56}},{"start":{"line":572,"column":56},"end":{"line":572,"column":null}}],"line":572},"15":{"loc":{"start":{"line":579,"column":18},"end":{"line":579,"column":null}},"type":"binary-expr","locations":[{"start":{"line":579,"column":18},"end":{"line":579,"column":37}},{"start":{"line":579,"column":37},"end":{"line":579,"column":null}}],"line":579},"16":{"loc":{"start":{"line":600,"column":4},"end":{"line":606,"column":null}},"type":"if","locations":[{"start":{"line":600,"column":4},"end":{"line":606,"column":null}},{"start":{"line":603,"column":11},"end":{"line":606,"column":null}}],"line":600},"17":{"loc":{"start":{"line":602,"column":21},"end":{"line":602,"column":null}},"type":"cond-expr","locations":[{"start":{"line":602,"column":44},"end":{"line":602,"column":57}},{"start":{"line":602,"column":57},"end":{"line":602,"column":null}}],"line":602},"18":{"loc":{"start":{"line":609,"column":4},"end":{"line":617,"column":null}},"type":"if","locations":[{"start":{"line":609,"column":4},"end":{"line":617,"column":null}},{"start":{},"end":{}}],"line":609},"19":{"loc":{"start":{"line":612,"column":6},"end":{"line":616,"column":null}},"type":"if","locations":[{"start":{"line":612,"column":6},"end":{"line":616,"column":null}},{"start":{"line":614,"column":13},"end":{"line":616,"column":null}}],"line":612},"20":{"loc":{"start":{"line":618,"column":4},"end":{"line":657,"column":null}},"type":"if","locations":[{"start":{"line":618,"column":4},"end":{"line":657,"column":null}},{"start":{},"end":{}}],"line":618},"21":{"loc":{"start":{"line":641,"column":6},"end":{"line":646,"column":null}},"type":"if","locations":[{"start":{"line":641,"column":6},"end":{"line":646,"column":null}},{"start":{},"end":{}}],"line":641},"22":{"loc":{"start":{"line":647,"column":6},"end":{"line":652,"column":null}},"type":"if","locations":[{"start":{"line":647,"column":6},"end":{"line":652,"column":null}},{"start":{},"end":{}}],"line":647},"23":{"loc":{"start":{"line":661,"column":4},"end":{"line":668,"column":null}},"type":"if","locations":[{"start":{"line":661,"column":4},"end":{"line":668,"column":null}},{"start":{},"end":{}}],"line":661},"24":{"loc":{"start":{"line":663,"column":6},"end":{"line":667,"column":null}},"type":"if","locations":[{"start":{"line":663,"column":6},"end":{"line":667,"column":null}},{"start":{"line":665,"column":13},"end":{"line":667,"column":null}}],"line":663},"25":{"loc":{"start":{"line":670,"column":4},"end":{"line":678,"column":null}},"type":"if","locations":[{"start":{"line":670,"column":4},"end":{"line":678,"column":null}},{"start":{},"end":{}}],"line":670},"26":{"loc":{"start":{"line":673,"column":6},"end":{"line":677,"column":null}},"type":"if","locations":[{"start":{"line":673,"column":6},"end":{"line":677,"column":null}},{"start":{"line":675,"column":13},"end":{"line":677,"column":null}}],"line":673},"27":{"loc":{"start":{"line":698,"column":6},"end":{"line":700,"column":null}},"type":"if","locations":[{"start":{"line":698,"column":6},"end":{"line":700,"column":null}},{"start":{},"end":{}}],"line":698},"28":{"loc":{"start":{"line":724,"column":4},"end":{"line":726,"column":null}},"type":"if","locations":[{"start":{"line":724,"column":4},"end":{"line":726,"column":null}},{"start":{},"end":{}}],"line":724},"29":{"loc":{"start":{"line":724,"column":7},"end":{"line":724,"column":44}},"type":"binary-expr","locations":[{"start":{"line":724,"column":7},"end":{"line":724,"column":33}},{"start":{"line":724,"column":33},"end":{"line":724,"column":44}}],"line":724},"30":{"loc":{"start":{"line":819,"column":6},"end":{"line":821,"column":null}},"type":"if","locations":[{"start":{"line":819,"column":6},"end":{"line":821,"column":null}},{"start":{},"end":{}}],"line":819},"31":{"loc":{"start":{"line":948,"column":4},"end":{"line":950,"column":null}},"type":"if","locations":[{"start":{"line":948,"column":4},"end":{"line":950,"column":null}},{"start":{},"end":{}}],"line":948},"32":{"loc":{"start":{"line":954,"column":4},"end":{"line":956,"column":null}},"type":"if","locations":[{"start":{"line":954,"column":4},"end":{"line":956,"column":null}},{"start":{},"end":{}}],"line":954},"33":{"loc":{"start":{"line":960,"column":4},"end":{"line":962,"column":null}},"type":"if","locations":[{"start":{"line":960,"column":4},"end":{"line":962,"column":null}},{"start":{},"end":{}}],"line":960},"34":{"loc":{"start":{"line":966,"column":4},"end":{"line":968,"column":null}},"type":"if","locations":[{"start":{"line":966,"column":4},"end":{"line":968,"column":null}},{"start":{},"end":{}}],"line":966},"35":{"loc":{"start":{"line":972,"column":4},"end":{"line":974,"column":null}},"type":"if","locations":[{"start":{"line":972,"column":4},"end":{"line":974,"column":null}},{"start":{},"end":{}}],"line":972},"36":{"loc":{"start":{"line":978,"column":4},"end":{"line":980,"column":null}},"type":"if","locations":[{"start":{"line":978,"column":4},"end":{"line":980,"column":null}},{"start":{},"end":{}}],"line":978},"37":{"loc":{"start":{"line":984,"column":4},"end":{"line":986,"column":null}},"type":"if","locations":[{"start":{"line":984,"column":4},"end":{"line":986,"column":null}},{"start":{},"end":{}}],"line":984},"38":{"loc":{"start":{"line":990,"column":4},"end":{"line":992,"column":null}},"type":"if","locations":[{"start":{"line":990,"column":4},"end":{"line":992,"column":null}},{"start":{},"end":{}}],"line":990},"39":{"loc":{"start":{"line":1020,"column":4},"end":{"line":1022,"column":null}},"type":"if","locations":[{"start":{"line":1020,"column":4},"end":{"line":1022,"column":null}},{"start":{},"end":{}}],"line":1020},"40":{"loc":{"start":{"line":1020,"column":7},"end":{"line":1020,"column":93}},"type":"binary-expr","locations":[{"start":{"line":1020,"column":7},"end":{"line":1020,"column":22}},{"start":{"line":1020,"column":22},"end":{"line":1020,"column":58}},{"start":{"line":1020,"column":58},"end":{"line":1020,"column":93}}],"line":1020},"41":{"loc":{"start":{"line":1096,"column":4},"end":{"line":1100,"column":null}},"type":"if","locations":[{"start":{"line":1096,"column":4},"end":{"line":1100,"column":null}},{"start":{"line":1098,"column":11},"end":{"line":1100,"column":null}}],"line":1096},"42":{"loc":{"start":{"line":1096,"column":7},"end":{"line":1096,"column":60}},"type":"binary-expr","locations":[{"start":{"line":1096,"column":7},"end":{"line":1096,"column":33}},{"start":{"line":1096,"column":33},"end":{"line":1096,"column":60}}],"line":1096},"43":{"loc":{"start":{"line":1108,"column":27},"end":{"line":1108,"column":null}},"type":"cond-expr","locations":[{"start":{"line":1108,"column":109},"end":{"line":1108,"column":137}},{"start":{"line":1108,"column":137},"end":{"line":1108,"column":null}}],"line":1108},"44":{"loc":{"start":{"line":1108,"column":27},"end":{"line":1108,"column":109}},"type":"binary-expr","locations":[{"start":{"line":1108,"column":27},"end":{"line":1108,"column":66}},{"start":{"line":1108,"column":66},"end":{"line":1108,"column":109}}],"line":1108},"45":{"loc":{"start":{"line":1109,"column":19},"end":{"line":1109,"column":null}},"type":"cond-expr","locations":[{"start":{"line":1109,"column":54},"end":{"line":1109,"column":74}},{"start":{"line":1109,"column":74},"end":{"line":1109,"column":null}}],"line":1109},"46":{"loc":{"start":{"line":1124,"column":4},"end":{"line":1128,"column":null}},"type":"if","locations":[{"start":{"line":1124,"column":4},"end":{"line":1128,"column":null}},{"start":{"line":1126,"column":11},"end":{"line":1128,"column":null}}],"line":1124},"47":{"loc":{"start":{"line":1130,"column":4},"end":{"line":1134,"column":null}},"type":"if","locations":[{"start":{"line":1130,"column":4},"end":{"line":1134,"column":null}},{"start":{"line":1132,"column":11},"end":{"line":1134,"column":null}}],"line":1130},"48":{"loc":{"start":{"line":1136,"column":4},"end":{"line":1140,"column":null}},"type":"if","locations":[{"start":{"line":1136,"column":4},"end":{"line":1140,"column":null}},{"start":{"line":1138,"column":11},"end":{"line":1140,"column":null}}],"line":1136},"49":{"loc":{"start":{"line":1142,"column":4},"end":{"line":1146,"column":null}},"type":"if","locations":[{"start":{"line":1142,"column":4},"end":{"line":1146,"column":null}},{"start":{"line":1144,"column":11},"end":{"line":1146,"column":null}}],"line":1142},"50":{"loc":{"start":{"line":1148,"column":4},"end":{"line":1152,"column":null}},"type":"if","locations":[{"start":{"line":1148,"column":4},"end":{"line":1152,"column":null}},{"start":{"line":1150,"column":11},"end":{"line":1152,"column":null}}],"line":1148},"51":{"loc":{"start":{"line":1154,"column":4},"end":{"line":1158,"column":null}},"type":"if","locations":[{"start":{"line":1154,"column":4},"end":{"line":1158,"column":null}},{"start":{"line":1156,"column":11},"end":{"line":1158,"column":null}}],"line":1154},"52":{"loc":{"start":{"line":1160,"column":4},"end":{"line":1164,"column":null}},"type":"if","locations":[{"start":{"line":1160,"column":4},"end":{"line":1164,"column":null}},{"start":{"line":1162,"column":11},"end":{"line":1164,"column":null}}],"line":1160},"53":{"loc":{"start":{"line":1166,"column":4},"end":{"line":1170,"column":null}},"type":"if","locations":[{"start":{"line":1166,"column":4},"end":{"line":1170,"column":null}},{"start":{"line":1168,"column":11},"end":{"line":1170,"column":null}}],"line":1166},"54":{"loc":{"start":{"line":1167,"column":37},"end":{"line":1167,"column":null}},"type":"binary-expr","locations":[{"start":{"line":1167,"column":37},"end":{"line":1167,"column":98}},{"start":{"line":1167,"column":98},"end":{"line":1167,"column":null}}],"line":1167},"55":{"loc":{"start":{"line":14,"column":23},"end":{"line":14,"column":null}},"type":"cond-expr","locations":[{"start":{"line":14,"column":55},"end":{"line":14,"column":82}},{"start":{"line":14,"column":82},"end":{"line":14,"column":null}}],"line":14},"56":{"loc":{"start":{"line":15,"column":27},"end":{"line":15,"column":null}},"type":"cond-expr","locations":[{"start":{"line":15,"column":62},"end":{"line":15,"column":103}},{"start":{"line":15,"column":103},"end":{"line":15,"column":null}}],"line":15},"57":{"loc":{"start":{"line":19,"column":11},"end":{"line":19,"column":null}},"type":"cond-expr","locations":[{"start":{"line":19,"column":43},"end":{"line":19,"column":56}},{"start":{"line":19,"column":56},"end":{"line":19,"column":null}}],"line":19},"58":{"loc":{"start":{"line":21,"column":15},"end":{"line":21,"column":null}},"type":"cond-expr","locations":[{"start":{"line":21,"column":47},"end":{"line":21,"column":54}},{"start":{"line":21,"column":54},"end":{"line":21,"column":null}}],"line":21},"59":{"loc":{"start":{"line":23,"column":12},"end":{"line":23,"column":null}},"type":"binary-expr","locations":[{"start":{"line":23,"column":12},"end":{"line":23,"column":14}},{"start":{"line":23,"column":12},"end":{"line":23,"column":null}}],"line":23},"60":{"loc":{"start":{"line":23,"column":14},"end":{"line":23,"column":null}},"type":"binary-expr","locations":[{"start":{"line":23,"column":14},"end":{"line":23,"column":null}},{"start":{"line":23,"column":14},"end":{"line":23,"column":null}}],"line":23},"61":{"loc":{"start":{"line":25,"column":12},"end":{"line":32,"column":79}},"type":"cond-expr","locations":[{"start":{"line":24,"column":4},"end":{"line":32,"column":79}},{"start":{"line":32,"column":69},"end":{"line":32,"column":79}}],"line":25},"62":{"loc":{"start":{"line":25,"column":12},"end":{"line":25,"column":null}},"type":"binary-expr","locations":[{"start":{"line":25,"column":12},"end":{"line":25,"column":34}},{"start":{"line":25,"column":34},"end":{"line":25,"column":49}},{"start":{"line":25,"column":49},"end":{"line":25,"column":null}}],"line":25},"63":{"loc":{"start":{"line":28,"column":12},"end":{"line":28,"column":null}},"type":"binary-expr","locations":[{"start":{"line":28,"column":12},"end":{"line":28,"column":14}},{"start":{"line":28,"column":12},"end":{"line":28,"column":null}}],"line":28},"64":{"loc":{"start":{"line":29,"column":6},"end":{"line":32,"column":12}},"type":"binary-expr","locations":[{"start":{"line":29,"column":6},"end":{"line":29,"column":null}},{"start":{"line":29,"column":6},"end":{"line":32,"column":12}}],"line":29},"65":{"loc":{"start":{"line":35,"column":12},"end":{"line":39,"column":null}},"type":"cond-expr","locations":[{"start":{"line":34,"column":4},"end":{"line":39,"column":null}},{"start":{"line":39,"column":69},"end":{"line":39,"column":null}}],"line":35},"66":{"loc":{"start":{"line":38,"column":9},"end":{"line":38,"column":75}},"type":"cond-expr","locations":[{"start":{"line":38,"column":33},"end":{"line":38,"column":67}},{"start":{"line":38,"column":67},"end":{"line":38,"column":75}}],"line":38},"67":{"loc":{"start":{"line":39,"column":9},"end":{"line":39,"column":null}},"type":"cond-expr","locations":[{"start":{"line":39,"column":33},"end":{"line":39,"column":69}},{"start":{"line":39,"column":69},"end":{"line":39,"column":null}}],"line":39},"68":{"loc":{"start":{"line":42,"column":12},"end":{"line":44,"column":null}},"type":"cond-expr","locations":[{"start":{"line":41,"column":4},"end":{"line":44,"column":null}},{"start":{"line":44,"column":33},"end":{"line":44,"column":null}}],"line":42},"69":{"loc":{"start":{"line":47,"column":12},"end":{"line":68,"column":33}},"type":"cond-expr","locations":[{"start":{"line":46,"column":4},"end":{"line":57,"column":33}},{"start":{"line":59,"column":4},"end":{"line":68,"column":33}}],"line":47},"70":{"loc":{"start":{"line":50,"column":14},"end":{"line":57,"column":33}},"type":"cond-expr","locations":[{"start":{"line":49,"column":6},"end":{"line":55,"column":null}},{"start":{"line":55,"column":6},"end":{"line":57,"column":33}}],"line":50},"71":{"loc":{"start":{"line":61,"column":14},"end":{"line":68,"column":33}},"type":"cond-expr","locations":[{"start":{"line":60,"column":6},"end":{"line":66,"column":null}},{"start":{"line":66,"column":6},"end":{"line":68,"column":33}}],"line":61},"72":{"loc":{"start":{"line":70,"column":20},"end":{"line":125,"column":null}},"type":"cond-expr","locations":[{"start":{"line":70,"column":4},"end":{"line":125,"column":null}}],"line":70},"73":{"loc":{"start":{"line":72,"column":14},"end":{"line":76,"column":null}},"type":"cond-expr","locations":[{"start":{"line":71,"column":6},"end":{"line":76,"column":null}}],"line":72},"74":{"loc":{"start":{"line":79,"column":14},"end":{"line":83,"column":null}},"type":"cond-expr","locations":[{"start":{"line":78,"column":6},"end":{"line":83,"column":null}}],"line":79},"75":{"loc":{"start":{"line":86,"column":14},"end":{"line":90,"column":null}},"type":"cond-expr","locations":[{"start":{"line":85,"column":6},"end":{"line":90,"column":null}}],"line":86},"76":{"loc":{"start":{"line":93,"column":14},"end":{"line":97,"column":null}},"type":"cond-expr","locations":[{"start":{"line":92,"column":6},"end":{"line":97,"column":null}}],"line":93},"77":{"loc":{"start":{"line":100,"column":14},"end":{"line":104,"column":null}},"type":"cond-expr","locations":[{"start":{"line":99,"column":6},"end":{"line":104,"column":null}}],"line":100},"78":{"loc":{"start":{"line":107,"column":14},"end":{"line":111,"column":null}},"type":"cond-expr","locations":[{"start":{"line":106,"column":6},"end":{"line":111,"column":null}}],"line":107},"79":{"loc":{"start":{"line":114,"column":14},"end":{"line":118,"column":null}},"type":"cond-expr","locations":[{"start":{"line":113,"column":6},"end":{"line":118,"column":null}}],"line":114},"80":{"loc":{"start":{"line":121,"column":14},"end":{"line":125,"column":null}},"type":"cond-expr","locations":[{"start":{"line":120,"column":6},"end":{"line":125,"column":null}}],"line":121}},"s":{"0":4,"1":976,"2":976,"3":976,"4":976,"5":976,"6":976,"7":976,"8":976,"9":976,"10":976,"11":976,"12":976,"13":976,"14":976,"15":976,"16":976,"17":976,"18":976,"19":976,"20":976,"21":976,"22":976,"23":976,"24":976,"25":976,"26":976,"27":976,"28":976,"29":976,"30":976,"31":976,"32":976,"33":976,"34":976,"35":976,"36":976,"37":976,"38":1009,"39":976,"40":976,"41":976,"42":976,"43":976,"44":976,"45":59,"46":24,"47":24,"48":24,"49":976,"50":20,"51":976,"52":39,"53":976,"54":30,"55":2,"56":28,"57":28,"58":976,"59":976,"60":1965,"61":976,"62":1965,"63":976,"64":1965,"65":976,"66":976,"67":2,"68":974,"69":976,"70":957,"71":976,"72":1956,"73":1956,"74":1956,"75":1956,"76":976,"77":976,"78":973,"79":3,"80":1,"81":2,"82":976,"83":977,"84":976,"85":1327,"86":976,"87":2160,"88":976,"89":4610,"90":25,"91":25,"92":4585,"93":4585,"94":4610,"95":4610,"96":24,"97":24,"98":2,"99":22,"100":4610,"101":87,"102":87,"103":87,"104":87,"105":4610,"106":4582,"107":166,"108":4416,"109":4610,"110":28,"111":10,"112":18,"113":4610,"114":976,"115":2364,"116":2364,"117":4696,"118":4696,"119":4696,"120":34,"121":4662,"122":2330,"123":976,"124":841,"125":517,"126":976,"127":712,"128":976,"129":977,"130":1,"131":976,"132":979,"133":3,"134":3,"135":976,"136":983,"137":976,"138":977,"139":1,"140":976,"141":977,"142":1,"143":976,"144":978,"145":2,"146":976,"147":978,"148":2,"149":976,"150":977,"151":1,"152":976,"153":977,"154":1,"155":976,"156":978,"157":2,"158":1,"159":976,"160":983,"161":976,"162":980,"163":980,"164":976,"165":982,"166":982,"167":976,"168":1022,"169":1022,"170":1022,"171":976,"172":355,"173":355,"174":355,"175":976,"176":1089,"177":113,"178":113,"179":976,"180":1038,"181":62,"182":62,"183":976,"184":1141,"185":165,"186":165,"187":976,"188":1157,"189":181,"190":181,"191":976,"192":33,"193":33,"194":976,"195":977,"196":1,"197":976,"198":977,"199":1,"200":976,"201":977,"202":1,"203":976,"204":977,"205":1,"206":976,"207":841,"208":976,"209":705,"210":976,"211":7,"212":6,"213":976,"214":7,"215":6,"216":976,"217":7,"218":6,"219":976,"220":2,"221":1,"222":976,"223":2,"224":1,"225":976,"226":2,"227":1,"228":976,"229":4,"230":3,"231":976,"232":4,"233":3,"234":976,"235":3,"236":976,"237":4,"238":4,"239":976,"240":6,"241":976,"242":7,"243":2,"244":5,"245":10,"246":5,"247":5,"248":976,"249":3,"250":976,"251":7,"252":7,"253":976,"254":58,"255":976,"256":976,"257":976,"258":976,"259":976,"260":976,"261":976,"262":976,"263":976,"264":976,"265":976,"266":976,"267":976,"268":976,"269":976,"270":976,"271":976,"272":976,"273":52,"274":52,"275":52,"276":52,"277":52,"278":52,"279":52,"280":52,"281":52,"282":52,"283":52,"284":52,"285":52,"286":52,"287":52,"288":52,"289":52,"290":52,"291":52,"292":52,"293":976,"294":976,"295":1,"296":975,"297":976,"298":976,"299":976,"300":976,"301":976,"302":976,"303":971,"304":5,"305":976,"306":969,"307":7,"308":976,"309":974,"310":2,"311":976,"312":579,"313":397,"314":976,"315":583,"316":393,"317":976,"318":583,"319":393,"320":976,"321":972,"322":4,"323":976,"324":970,"325":6,"326":976,"327":976,"328":976,"329":976,"330":976,"331":976,"332":976,"333":4,"334":4434,"335":21,"336":1},"f":{"0":1009,"1":59,"2":24,"3":20,"4":39,"5":30,"6":1,"7":1965,"8":1965,"9":1965,"10":976,"11":957,"12":1956,"13":976,"14":977,"15":1327,"16":2160,"17":4610,"18":2364,"19":841,"20":712,"21":977,"22":1,"23":979,"24":3,"25":983,"26":977,"27":1,"28":977,"29":1,"30":978,"31":2,"32":978,"33":2,"34":977,"35":1,"36":977,"37":1,"38":978,"39":2,"40":983,"41":980,"42":982,"43":1022,"44":355,"45":1089,"46":113,"47":1038,"48":62,"49":1141,"50":165,"51":1157,"52":181,"53":33,"54":977,"55":1,"56":977,"57":1,"58":977,"59":1,"60":977,"61":1,"62":841,"63":705,"64":7,"65":7,"66":7,"67":2,"68":2,"69":2,"70":4,"71":4,"72":3,"73":4,"74":6,"75":7,"76":10,"77":3,"78":7,"79":58,"80":52,"81":976,"82":21,"83":1},"b":{"0":[1008,1],"1":[24,35],"2":[59,24],"3":[2,28],"4":[1965,976,963],"5":[1965,977,964],"6":[1965,988,987,974],"7":[2,974],"8":[12,1944],"9":[12,1944],"10":[973,3],"11":[1,2],"12":[2,1],"13":[973,4],"14":[1327,2],"15":[2160,4],"16":[25,4585],"17":[4,21],"18":[24,4586],"19":[2,22],"20":[87,4523],"21":[10,77],"22":[77,10],"23":[4582,28],"24":[166,4416],"25":[28,4582],"26":[10,18],"27":[34,4662],"28":[517,324],"29":[841,517],"30":[1,1],"31":[6,1],"32":[6,1],"33":[6,1],"34":[1,1],"35":[1,1],"36":[1,1],"37":[3,1],"38":[3,1],"39":[2,5],"40":[7,7,2],"41":[1,975],"42":[976,21],"43":[5,971],"44":[976,7],"45":[974,2],"46":[971,5],"47":[969,7],"48":[974,2],"49":[579,397],"50":[583,393],"51":[583,393],"52":[972,4],"53":[970,6],"54":[970,2],"55":[3401,1033],"56":[3401,1033],"57":[3401,1033],"58":[3401,1033],"59":[4434,976],"60":[21,21],"61":[21,4413],"62":[4434,23,23],"63":[21,12],"64":[21,12],"65":[3401,1033],"66":[3385,16],"67":[3383,18],"68":[6,4428],"69":[6,4428],"70":[3,3],"71":[5,4423],"72":[3383],"73":[3355],"74":[3355],"75":[3357],"76":[3355],"77":[3355],"78":[3359],"79":[3375],"80":[3361]},"meta":{"lastBranch":0,"lastFunction":0,"lastStatement":0,"seen":{},"fnNames":{}}}
,"C:\\gwinnem\\keystone-dashboard-layout\\packages\\vue\\src\\components\\Grid\\GridLayout.vue": {"path":"C:\\gwinnem\\keystone-dashboard-layout\\packages\\vue\\src\\components\\Grid\\GridLayout.vue","statementMap":{"0":{"start":{"line":63,"column":17},"end":{"line":65,"column":null}},"1":{"start":{"line":71,"column":24},"end":{"line":71,"column":null}},"2":{"start":{"line":73,"column":4},"end":{"line":73,"column":null}},"3":{"start":{"line":74,"column":4},"end":{"line":74,"column":null}},"4":{"start":{"line":107,"column":16},"end":{"line":107,"column":null}},"5":{"start":{"line":177,"column":16},"end":{"line":177,"column":null}},"6":{"start":{"line":213,"column":25},"end":{"line":226,"column":null}},"7":{"start":{"line":214,"column":4},"end":{"line":216,"column":null}},"8":{"start":{"line":215,"column":6},"end":{"line":215,"column":null}},"9":{"start":{"line":217,"column":21},"end":{"line":217,"column":null}},"10":{"start":{"line":218,"column":19},"end":{"line":218,"column":null}},"11":{"start":{"line":219,"column":22},"end":{"line":219,"column":null}},"12":{"start":{"line":220,"column":4},"end":{"line":224,"column":null}},"13":{"start":{"line":221,"column":6},"end":{"line":223,"column":null}},"14":{"start":{"line":222,"column":8},"end":{"line":222,"column":null}},"15":{"start":{"line":225,"column":4},"end":{"line":225,"column":null}},"16":{"start":{"line":227,"column":21},"end":{"line":227,"column":null}},"17":{"start":{"line":229,"column":27},"end":{"line":229,"column":null}},"18":{"start":{"line":230,"column":21},"end":{"line":230,"column":null}},"19":{"start":{"line":231,"column":22},"end":{"line":237,"column":null}},"20":{"start":{"line":239,"column":26},"end":{"line":239,"column":null}},"21":{"start":{"line":241,"column":28},"end":{"line":241,"column":null}},"22":{"start":{"line":242,"column":25},"end":{"line":242,"column":38}},"23":{"start":{"line":243,"column":14},"end":{"line":243,"column":null}},"24":{"start":{"line":244,"column":30},"end":{"line":244,"column":85}},"25":{"start":{"line":255,"column":34},"end":{"line":255,"column":null}},"26":{"start":{"line":257,"column":32},"end":{"line":257,"column":null}},"27":{"start":{"line":259,"column":21},"end":{"line":259,"column":null}},"28":{"start":{"line":261,"column":26},"end":{"line":261,"column":30}},"29":{"start":{"line":262,"column":17},"end":{"line":262,"column":null}},"30":{"start":{"line":263,"column":22},"end":{"line":263,"column":null}},"31":{"start":{"line":266,"column":40},"end":{"line":266,"column":59}},"32":{"start":{"line":268,"column":2},"end":{"line":268,"column":null}},"33":{"start":{"line":282,"column":15},"end":{"line":282,"column":null}},"34":{"start":{"line":306,"column":29},"end":{"line":311,"column":null}},"35":{"start":{"line":307,"column":4},"end":{"line":309,"column":null}},"36":{"start":{"line":308,"column":6},"end":{"line":308,"column":null}},"37":{"start":{"line":310,"column":4},"end":{"line":310,"column":null}},"38":{"start":{"line":314,"column":8},"end":{"line":326,"column":null}},"39":{"start":{"line":315,"column":4},"end":{"line":325,"column":null}},"40":{"start":{"line":317,"column":8},"end":{"line":317,"column":null}},"41":{"start":{"line":320,"column":8},"end":{"line":320,"column":null}},"42":{"start":{"line":323,"column":8},"end":{"line":323,"column":null}},"43":{"start":{"line":329,"column":8},"end":{"line":331,"column":null}},"44":{"start":{"line":330,"column":4},"end":{"line":330,"column":null}},"45":{"start":{"line":334,"column":8},"end":{"line":340,"column":null}},"46":{"start":{"line":335,"column":21},"end":{"line":335,"column":null}},"47":{"start":{"line":336,"column":4},"end":{"line":339,"column":null}},"48":{"start":{"line":342,"column":153},"end":{"line":350,"column":null}},"49":{"start":{"line":352,"column":36},"end":{"line":362,"column":null}},"50":{"start":{"line":372,"column":8},"end":{"line":377,"column":null}},"51":{"start":{"line":373,"column":4},"end":{"line":375,"column":null}},"52":{"start":{"line":374,"column":6},"end":{"line":374,"column":null}},"53":{"start":{"line":376,"column":4},"end":{"line":376,"column":null}},"54":{"start":{"line":379,"column":8},"end":{"line":381,"column":null}},"55":{"start":{"line":380,"column":4},"end":{"line":380,"column":null}},"56":{"start":{"line":384,"column":8},"end":{"line":389,"column":null}},"57":{"start":{"line":385,"column":4},"end":{"line":387,"column":null}},"58":{"start":{"line":386,"column":6},"end":{"line":386,"column":null}},"59":{"start":{"line":388,"column":4},"end":{"line":388,"column":null}},"60":{"start":{"line":391,"column":8},"end":{"line":393,"column":null}},"61":{"start":{"line":392,"column":4},"end":{"line":392,"column":null}},"62":{"start":{"line":406,"column":8},"end":{"line":420,"column":null}},"63":{"start":{"line":407,"column":4},"end":{"line":409,"column":null}},"64":{"start":{"line":408,"column":6},"end":{"line":408,"column":null}},"65":{"start":{"line":417,"column":23},"end":{"line":417,"column":null}},"66":{"start":{"line":418,"column":23},"end":{"line":418,"column":null}},"67":{"start":{"line":419,"column":4},"end":{"line":419,"column":null}},"68":{"start":{"line":419,"column":45},"end":{"line":419,"column":96}},"69":{"start":{"line":446,"column":23},"end":{"line":449,"column":null}},"70":{"start":{"line":447,"column":4},"end":{"line":447,"column":null}},"71":{"start":{"line":448,"column":4},"end":{"line":448,"column":null}},"72":{"start":{"line":463,"column":20},"end":{"line":466,"column":null}},"73":{"start":{"line":464,"column":4},"end":{"line":464,"column":null}},"74":{"start":{"line":465,"column":4},"end":{"line":465,"column":null}},"75":{"start":{"line":494,"column":8},"end":{"line":521,"column":null}},"76":{"start":{"line":495,"column":24},"end":{"line":495,"column":null}},"77":{"start":{"line":496,"column":22},"end":{"line":496,"column":null}},"78":{"start":{"line":497,"column":22},"end":{"line":497,"column":null}},"79":{"start":{"line":520,"column":4},"end":{"line":520,"column":null}},"80":{"start":{"line":523,"column":172},"end":{"line":528,"column":null}},"81":{"start":{"line":526,"column":25},"end":{"line":526,"column":null}},"82":{"start":{"line":530,"column":8},"end":{"line":553,"column":null}},"83":{"start":{"line":531,"column":26},"end":{"line":531,"column":null}},"84":{"start":{"line":547,"column":4},"end":{"line":547,"column":null}},"85":{"start":{"line":548,"column":4},"end":{"line":548,"column":null}},"86":{"start":{"line":549,"column":4},"end":{"line":549,"column":null}},"87":{"start":{"line":550,"column":4},"end":{"line":550,"column":null}},"88":{"start":{"line":551,"column":4},"end":{"line":551,"column":null}},"89":{"start":{"line":552,"column":4},"end":{"line":552,"column":null}},"90":{"start":{"line":556,"column":8},"end":{"line":558,"column":null}},"91":{"start":{"line":557,"column":4},"end":{"line":557,"column":null}},"92":{"start":{"line":579,"column":8},"end":{"line":605,"column":null}},"93":{"start":{"line":580,"column":19},"end":{"line":580,"column":null}},"94":{"start":{"line":581,"column":4},"end":{"line":583,"column":null}},"95":{"start":{"line":582,"column":6},"end":{"line":582,"column":null}},"96":{"start":{"line":588,"column":17},"end":{"line":588,"column":null}},"97":{"start":{"line":589,"column":16},"end":{"line":589,"column":null}},"98":{"start":{"line":590,"column":24},"end":{"line":590,"column":null}},"99":{"start":{"line":590,"column":57},"end":{"line":590,"column":71}},"100":{"start":{"line":591,"column":4},"end":{"line":594,"column":null}},"101":{"start":{"line":592,"column":6},"end":{"line":592,"column":null}},"102":{"start":{"line":593,"column":6},"end":{"line":593,"column":null}},"103":{"start":{"line":596,"column":59},"end":{"line":596,"column":null}},"104":{"start":{"line":597,"column":36},"end":{"line":597,"column":null}},"105":{"start":{"line":601,"column":4},"end":{"line":601,"column":null}},"106":{"start":{"line":602,"column":4},"end":{"line":602,"column":null}},"107":{"start":{"line":604,"column":4},"end":{"line":604,"column":null}},"108":{"start":{"line":624,"column":8},"end":{"line":678,"column":null}},"109":{"start":{"line":628,"column":4},"end":{"line":630,"column":null}},"110":{"start":{"line":629,"column":6},"end":{"line":629,"column":null}},"111":{"start":{"line":631,"column":26},"end":{"line":631,"column":null}},"112":{"start":{"line":632,"column":26},"end":{"line":632,"column":null}},"113":{"start":{"line":634,"column":4},"end":{"line":670,"column":null}},"114":{"start":{"line":635,"column":19},"end":{"line":635,"column":null}},"115":{"start":{"line":656,"column":24},"end":{"line":656,"column":null}},"116":{"start":{"line":657,"column":6},"end":{"line":663,"column":null}},"117":{"start":{"line":658,"column":27},"end":{"line":659,"column":null}},"118":{"start":{"line":659,"column":32},"end":{"line":659,"column":91}},"119":{"start":{"line":660,"column":8},"end":{"line":662,"column":null}},"120":{"start":{"line":661,"column":10},"end":{"line":661,"column":null}},"121":{"start":{"line":664,"column":6},"end":{"line":666,"column":null}},"122":{"start":{"line":665,"column":8},"end":{"line":665,"column":null}},"123":{"start":{"line":667,"column":6},"end":{"line":669,"column":null}},"124":{"start":{"line":668,"column":8},"end":{"line":668,"column":null}},"125":{"start":{"line":672,"column":4},"end":{"line":672,"column":null}},"126":{"start":{"line":673,"column":4},"end":{"line":673,"column":null}},"127":{"start":{"line":674,"column":4},"end":{"line":674,"column":null}},"128":{"start":{"line":675,"column":4},"end":{"line":675,"column":null}},"129":{"start":{"line":676,"column":4},"end":{"line":676,"column":null}},"130":{"start":{"line":677,"column":4},"end":{"line":677,"column":null}},"131":{"start":{"line":690,"column":8},"end":{"line":694,"column":null}},"132":{"start":{"line":691,"column":24},"end":{"line":691,"column":null}},"133":{"start":{"line":692,"column":24},"end":{"line":692,"column":null}},"134":{"start":{"line":693,"column":4},"end":{"line":693,"column":null}},"135":{"start":{"line":706,"column":8},"end":{"line":710,"column":null}},"136":{"start":{"line":707,"column":24},"end":{"line":707,"column":null}},"137":{"start":{"line":708,"column":24},"end":{"line":708,"column":null}},"138":{"start":{"line":709,"column":4},"end":{"line":709,"column":null}},"139":{"start":{"line":721,"column":168},"end":{"line":724,"column":null}},"140":{"start":{"line":738,"column":26},"end":{"line":741,"column":null}},"141":{"start":{"line":738,"column":42},"end":{"line":741,"column":4}},"142":{"start":{"line":757,"column":28},"end":{"line":759,"column":null}},"143":{"start":{"line":758,"column":4},"end":{"line":758,"column":null}},"144":{"start":{"line":774,"column":25},"end":{"line":783,"column":null}},"145":{"start":{"line":775,"column":4},"end":{"line":777,"column":null}},"146":{"start":{"line":776,"column":6},"end":{"line":776,"column":null}},"147":{"start":{"line":778,"column":21},"end":{"line":778,"column":null}},"148":{"start":{"line":779,"column":4},"end":{"line":782,"column":null}},"149":{"start":{"line":803,"column":28},"end":{"line":803,"column":null}},"150":{"start":{"line":803,"column":43},"end":{"line":803,"column":79}},"151":{"start":{"line":804,"column":32},"end":{"line":806,"column":null}},"152":{"start":{"line":805,"column":4},"end":{"line":805,"column":null}},"153":{"start":{"line":816,"column":30},"end":{"line":818,"column":null}},"154":{"start":{"line":817,"column":4},"end":{"line":817,"column":null}},"155":{"start":{"line":830,"column":25},"end":{"line":830,"column":null}},"156":{"start":{"line":830,"column":41},"end":{"line":830,"column":107}},"157":{"start":{"line":841,"column":31},"end":{"line":874,"column":null}},"158":{"start":{"line":853,"column":4},"end":{"line":855,"column":null}},"159":{"start":{"line":854,"column":6},"end":{"line":854,"column":null}},"160":{"start":{"line":857,"column":21},"end":{"line":857,"column":null}},"161":{"start":{"line":858,"column":4},"end":{"line":873,"column":null}},"162":{"start":{"line":859,"column":6},"end":{"line":866,"column":null}},"163":{"start":{"line":860,"column":8},"end":{"line":865,"column":null}},"164":{"start":{"line":867,"column":6},"end":{"line":872,"column":null}},"165":{"start":{"line":888,"column":33},"end":{"line":914,"column":null}},"166":{"start":{"line":889,"column":4},"end":{"line":891,"column":null}},"167":{"start":{"line":890,"column":6},"end":{"line":890,"column":null}},"168":{"start":{"line":893,"column":21},"end":{"line":893,"column":null}},"169":{"start":{"line":894,"column":4},"end":{"line":913,"column":null}},"170":{"start":{"line":895,"column":6},"end":{"line":904,"column":null}},"171":{"start":{"line":896,"column":24},"end":{"line":896,"column":null}},"172":{"start":{"line":897,"column":22},"end":{"line":897,"column":null}},"173":{"start":{"line":898,"column":14},"end":{"line":898,"column":null}},"174":{"start":{"line":899,"column":8},"end":{"line":903,"column":null}},"175":{"start":{"line":905,"column":23},"end":{"line":905,"column":null}},"176":{"start":{"line":906,"column":21},"end":{"line":906,"column":null}},"177":{"start":{"line":907,"column":12},"end":{"line":907,"column":null}},"178":{"start":{"line":908,"column":6},"end":{"line":912,"column":null}},"179":{"start":{"line":924,"column":6},"end":{"line":924,"column":null}},"180":{"start":{"line":955,"column":8},"end":{"line":979,"column":null}},"181":{"start":{"line":963,"column":18},"end":{"line":963,"column":null}},"182":{"start":{"line":964,"column":18},"end":{"line":964,"column":null}},"183":{"start":{"line":965,"column":4},"end":{"line":977,"column":null}},"184":{"start":{"line":970,"column":25},"end":{"line":970,"column":null}},"185":{"start":{"line":971,"column":6},"end":{"line":973,"column":null}},"186":{"start":{"line":972,"column":8},"end":{"line":972,"column":null}},"187":{"start":{"line":974,"column":6},"end":{"line":976,"column":null}},"188":{"start":{"line":975,"column":8},"end":{"line":975,"column":null}},"189":{"start":{"line":978,"column":4},"end":{"line":978,"column":null}},"190":{"start":{"line":994,"column":8},"end":{"line":1034,"column":null}},"191":{"start":{"line":1000,"column":4},"end":{"line":1002,"column":null}},"192":{"start":{"line":1001,"column":6},"end":{"line":1001,"column":null}},"193":{"start":{"line":1003,"column":4},"end":{"line":1033,"column":null}},"194":{"start":{"line":1004,"column":6},"end":{"line":1009,"column":null}},"195":{"start":{"line":1006,"column":31},"end":{"line":1006,"column":null}},"196":{"start":{"line":1007,"column":10},"end":{"line":1007,"column":null}},"197":{"start":{"line":1010,"column":11},"end":{"line":1033,"column":null}},"198":{"start":{"line":1015,"column":26},"end":{"line":1015,"column":null}},"199":{"start":{"line":1016,"column":17},"en
[...]
":{"start":{"line":67,"column":8},"end":{"line":72,"column":null}},"4":{"start":{"line":68,"column":4},"end":{"line":70,"column":null}},"5":{"start":{"line":69,"column":6},"end":{"line":69,"column":null}},"6":{"start":{"line":71,"column":4},"end":{"line":71,"column":null}},"7":{"start":{"line":74,"column":8},"end":{"line":92,"column":null}},"8":{"start":{"line":75,"column":19},"end":{"line":75,"column":null}},"9":{"start":{"line":76,"column":4},"end":{"line":78,"column":null}},"10":{"start":{"line":77,"column":6},"end":{"line":77,"column":null}},"11":{"start":{"line":79,"column":16},"end":{"line":79,"column":null}},"12":{"start":{"line":80,"column":4},"end":{"line":82,"column":null}},"13":{"start":{"line":81,"column":6},"end":{"line":81,"column":null}},"14":{"start":{"line":83,"column":4},"end":{"line":91,"column":null}},"15":{"start":{"line":84,"column":30},"end":{"line":84,"column":null}},"16":{"start":{"line":85,"column":6},"end":{"line":87,"column":null}},"17":{"start":{"line":86,"column":8},"end":{"line":86,"column":null}},"18":{"start":{"line":88,"column":6},"end":{"line":88,"column":null}},"19":{"start":{"line":90,"column":6},"end":{"line":90,"column":null}},"20":{"start":{"line":94,"column":8},"end":{"line":96,"column":null}},"21":{"start":{"line":95,"column":4},"end":{"line":95,"column":null}},"22":{"start":{"line":98,"column":8},"end":{"line":105,"column":null}},"23":{"start":{"line":99,"column":4},"end":{"line":101,"column":null}},"24":{"start":{"line":100,"column":6},"end":{"line":100,"column":null}},"25":{"start":{"line":102,"column":20},"end":{"line":102,"column":null}},"26":{"start":{"line":103,"column":4},"end":{"line":103,"column":null}},"27":{"start":{"line":104,"column":4},"end":{"line":104,"column":null}},"28":{"start":{"line":107,"column":8},"end":{"line":119,"column":null}},"29":{"start":{"line":108,"column":20},"end":{"line":108,"column":null}},"30":{"start":{"line":109,"column":16},"end":{"line":109,"column":null}},"31":{"start":{"line":110,"column":4},"end":{"line":112,"column":null}},"32":{"start":{"line":111,"column":6},"end":{"line":111,"column":null}},"33":{"start":{"line":113,"column":19},"end":{"line":113,"column":null}},"34":{"start":{"line":114,"column":4},"end":{"line":116,"column":null}},"35":{"start":{"line":115,"column":6},"end":{"line":115,"column":null}},"36":{"start":{"line":117,"column":4},"end":{"line":117,"column":null}},"37":{"start":{"line":118,"column":4},"end":{"line":118,"column":null}},"38":{"start":{"line":121,"column":8},"end":{"line":128,"column":null}},"39":{"start":{"line":122,"column":4},"end":{"line":124,"column":null}},"40":{"start":{"line":123,"column":6},"end":{"line":123,"column":null}},"41":{"start":{"line":125,"column":20},"end":{"line":125,"column":null}},"42":{"start":{"line":126,"column":4},"end":{"line":126,"column":null}},"43":{"start":{"line":127,"column":4},"end":{"line":127,"column":null}},"44":{"start":{"line":130,"column":8},"end":{"line":130,"column":null}},"45":{"start":{"line":130,"column":38},"end":{"line":130,"column":null}},"46":{"start":{"line":132,"column":8},"end":{"line":132,"column":null}},"47":{"start":{"line":132,"column":47},"end":{"line":132,"column":null}},"48":{"start":{"line":134,"column":2},"end":{"line":134,"column":null}}},"fnMap":{"0":{"name":"(anonymous_0)","decl":{"start":{"line":34,"column":6},"end":{"line":34,"column":33}},"loc":{"start":{"line":34,"column":33},"end":{"line":34,"column":null}},"line":34},"1":{"name":"useLayoutPresets","decl":{"start":{"line":60,"column":16},"end":{"line":60,"column":null}},"loc":{"start":{"line":64,"column":21},"end":{"line":135,"column":null}},"line":64},"2":{"name":"(anonymous_2)","decl":{"start":{"line":67,"column":8},"end":{"line":67,"column":47}},"loc":{"start":{"line":67,"column":47},"end":{"line":72,"column":null}},"line":67},"3":{"name":"(anonymous_3)","decl":{"start":{"line":74,"column":8},"end":{"line":74,"column":55}},"loc":{"start":{"line":74,"column":55},"end":{"line":92,"column":null}},"line":74},"4":{"name":"(anonymous_4)","decl":{"start":{"line":94,"column":8},"end":{"line":94,"column":27}},"loc":{"start":{"line":94,"column":69},"end":{"line":96,"column":null}},"line":94},"5":{"name":"(anonymous_5)","decl":{"start":{"line":98,"column":8},"end":{"line":98,"column":22}},"loc":{"start":{"line":98,"column":45},"end":{"line":105,"column":null}},"line":98},"6":{"name":"(anonymous_6)","decl":{"start":{"line":107,"column":8},"end":{"line":107,"column":22}},"loc":{"start":{"line":107,"column":48},"end":{"line":119,"column":null}},"line":107},"7":{"name":"(anonymous_7)","decl":{"start":{"line":121,"column":8},"end":{"line":121,"column":24}},"loc":{"start":{"line":121,"column":47},"end":{"line":128,"column":null}},"line":121},"8":{"name":"(anonymous_8)","decl":{"start":{"line":130,"column":8},"end":{"line":130,"column":38}},"loc":{"start":{"line":130,"column":38},"end":{"line":130,"column":null}},"line":130},"9":{"name":"(anonymous_9)","decl":{"start":{"line":132,"column":8},"end":{"line":132,"column":21}},"loc":{"start":{"line":132,"column":47},"end":{"line":132,"column":null}},"line":132}},"branchMap":{"0":{"loc":{"start":{"line":63,"column":2},"end":{"line":63,"column":null}},"type":"default-arg","locations":[{"start":{"line":63,"column":38},"end":{"line":63,"column":null}}],"line":63},"1":{"loc":{"start":{"line":68,"column":4},"end":{"line":70,"column":null}},"type":"if","locations":[{"start":{"line":68,"column":4},"end":{"line":70,"column":null}},{"start":{},"end":{}}],"line":68},"2":{"loc":{"start":{"line":71,"column":11},"end":{"line":71,"column":null}},"type":"cond-expr","locations":[{"start":{"line":71,"column":25},"end":{"line":71,"column":47}},{"start":{"line":71,"column":47},"end":{"line":71,"column":null}}],"line":71},"3":{"loc":{"start":{"line":76,"column":4},"end":{"line":78,"column":null}},"type":"if","locations":[{"start":{"line":76,"column":4},"end":{"line":78,"column":null}},{"start":{},"end":{}}],"line":76},"4":{"loc":{"start":{"line":80,"column":4},"end":{"line":82,"column":null}},"type":"if","locations":[{"start":{"line":80,"column":4},"end":{"line":82,"column":null}},{"start":{},"end":{}}],"line":80},"5":{"loc":{"start":{"line":85,"column":6},"end":{"line":87,"column":null}},"type":"if","locations":[{"start":{"line":85,"column":6},"end":{"line":87,"column":null}},{"start":{},"end":{}}],"line":85},"6":{"loc":{"start":{"line":85,"column":9},"end":{"line":85,"column":73}},"type":"binary-expr","locations":[{"start":{"line":85,"column":9},"end":{"line":85,"column":19}},{"start":{"line":85,"column":19},"end":{"line":85,"column":49}},{"start":{"line":85,"column":49},"end":{"line":85,"column":73}}],"line":85},"7":{"loc":{"start":{"line":99,"column":4},"end":{"line":101,"column":null}},"type":"if","locations":[{"start":{"line":99,"column":4},"end":{"line":101,"column":null}},{"start":{},"end":{}}],"line":99},"8":{"loc":{"start":{"line":110,"column":4},"end":{"line":112,"column":null}},"type":"if","locations":[{"start":{"line":110,"column":4},"end":{"line":112,"column":null}},{"start":{},"end":{}}],"line":110},"9":{"loc":{"start":{"line":114,"column":4},"end":{"line":116,"column":null}},"type":"if","locations":[{"start":{"line":114,"column":4},"end":{"line":116,"column":null}},{"start":{},"end":{}}],"line":114},"10":{"loc":{"start":{"line":122,"column":4},"end":{"line":124,"column":null}},"type":"if","locations":[{"start":{"line":122,"column":4},"end":{"line":124,"column":null}},{"start":{},"end":{}}],"line":122}},"s":{"0":5,"1":10,"2":17,"3":17,"4":70,"5":60,"6":10,"7":17,"8":42,"9":42,"10":3,"11":39,"12":39,"13":12,"14":27,"15":27,"16":27,"17":19,"18":4,"19":4,"20":17,"21":13,"22":17,"23":11,"24":1,"25":10,"26":10,"27":10,"28":17,"29":9,"30":9,"31":9,"32":4,"33":5,"34":5,"35":1,"36":4,"37":4,"38":17,"39":4,"40":1,"41":3,"42":3,"43":3,"44":17,"45":14,"46":17,"47":6,"48":17},"f":{"0":10,"1":17,"2":70,"3":42,"4":13,"5":11,"6":9,"7":4,"8":14,"9":6},"b":{"0":[17],"1":[60,10],"2":[5,5],"3":[3,39],"4":[12,27],"5":[19,8],"6":[27,22,20],"7":[1,10],"8":[4,5],"9":[1,4],"10":[1,3]},"meta":{"lastBranch":11,"lastFunction":10,"lastStatement":49,"seen":{"s:34:6:34:Infinity":0,"f:34:6:34:33":0,"s:34:33:34:Infinity":1,"f:60:16:60:Infinity":1,"b:63:38:63:Infinity":0,"s:65:22:65:Infinity":2,"s:67:8:72:Infinity":3,"f:67:8:67:47":2,"b:68:4:70:Infinity:undefined:undefined:undefined:undefined":1,"s:68:4:70:Infinity":4,"s:69:6:69:Infinity":5,"s:71:4:71:Infinity":6,"b:71:25:71:47:71:47:71:Infinity":2,"s:74:8:92:Infinity":7,"f:74:8:74:55":3,"s:75:19:75:Infinity":8,"b:76:4:78:Infinity:undefined:undefined:undefined:undefined":3,"s:76:4:78:Infinity":9,"s:77:6:77:Infinity":10,"s:79:16:79:Infinity":11,"b:80:4:82:Infinity:undefined:undefined:undefined:undefined":4,"s:80:4:82:Infinity":12,"s:81:6:81:Infinity":13,"s:83:4:91:Infinity":14,"s:84:30:84:Infinity":15,"b:85:6:87:Infinity:undefined:undefined:undefined:undefined":5,"s:85:6:87:Infinity":16,"b:85:9:85:19:85:19:85:49:85:49:85:73":6,"s:86:8:86:Infinity":17,"s:88:6:88:Infinity":18,"s:90:6:90:Infinity":19,"s:94:8:96:Infinity":20,"f:94:8:94:27":4,"s:95:4:95:Infinity":21,"s:98:8:105:Infinity":22,"f:98:8:98:22":5,"b:99:4:101:Infinity:undefined:undefined:undefined:undefined":7,"s:99:4:101:Infinity":23,"s:100:6:100:Infinity":24,"s:102:20:102:Infinity":25,"s:103:4:103:Infinity":26,"s:104:4:104:Infinity":27,"s:107:8:119:Infinity":28,"f:107:8:107:22":6,"s:108:20:108:Infinity":29,"s:109:16:109:Infinity":30,"b:110:4:112:Infinity:undefined:undefined:undefined:undefined":8,"s:110:4:112:Infinity":31,"s:111:6:111:Infinity":32,"s:113:19:113:Infinity":33,"b:114:4:116:Infinity:undefined:undefined:undefined:undefined":9,"s:114:4:116:Infinity":34,"s:115:6:115:Infinity":35,"s:117:4:117:Infinity":36,"s:118:4:118:Infinity":37,"s:121:8:128:Infinity":38,"f:121:8:121:24":7,"b:122:4:124:Infinity:undefined:undefined:undefined:undefined":10,"s:122:4:124:Infinity":39,"s:123:6:123:Infinity":40,"s:125:20:125:Infinity":41,"s:126:4:126:Infinity":42,"s:127:4:127:Infinity":43,"s:130:8:130:Infinity":44,"f:130:8:130:38":8,"s:130:38:130:Infinity":45,"s:132:8:132:Infinity":46,"f:132:8:132:21":9,"s:132:47:132:Infinity":47,"s:134:2:134:Infinity":48},"fnNames":{}}}
,"C:\\gwinnem\\keystone-dashboard-layout\\packages\\vue\\src\\composables\\useLayoutStorage.ts": {"path":"C:\\gwinnem\\keystone-dashboard-layout\\packages\\vue\\src\\composables\\useLayoutStorage.ts","statementMap":{"0":{"start":{"line":56,"column":6},"end":{"line":56,"column":null}},"1":{"start":{"line":56,"column":33},"end":{"line":56,"column":null}},"2":{"start":{"line":88,"column":75},"end":{"line":88,"column":null}},"3":{"start":{"line":90,"column":8},"end":{"line":95,"column":null}},"4":{"start":{"line":91,"column":4},"end":{"line":93,"column":null}},"5":{"start":{"line":92,"column":6},"end":{"line":92,"column":null}},"6":{"start":{"line":94,"column":4},"end":{"line":94,"column":null}},"7":{"start":{"line":97,"column":8},"end":{"line":103,"column":null}},"8":{"start":{"line":98,"column":19},"end":{"line":98,"column":null}},"9":{"start":{"line":99,"column":4},"end":{"line":101,"column":null}},"10":{"start":{"line":100,"column":6},"end":{"line":100,"column":null}},"11":{"start":{"line":102,"column":4},"end":{"line":102,"column":null}},"12":{"start":{"line":105,"column":8},"end":{"line":116,"column":null}},"13":{"start":{"line":106,"column":19},"end":{"line":106,"column":null}},"14":{"start":{"line":107,"column":4},"end":{"line":109,"column":null}},"15":{"start":{"line":108,"column":6},"end":{"line":108,"column":null}},"16":{"start":{"line":110,"column":19},"end":{"line":110,"column":null}},"17":{"start":{"line":111,"column":4},"end":{"line":113,"column":null}},"18":{"start":{"line":112,"column":6},"end":{"line":112,"column":null}},"19":{"start":{"line":114,"column":4},"end":{"line":114,"column":null}},"20":{"start":{"line":115,"column":4},"end":{"line":115,"column":null}},"21":{"start":{"line":118,"column":8},"end":{"line":120,"column":null}},"22":{"start":{"line":119,"column":4},"end":{"line":119,"column":null}},"23":{"start":{"line":122,"column":8},"end":{"line":125,"column":null}},"24":{"start":{"line":123,"column":19},"end":{"line":123,"column":null}},"25":{"start":{"line":124,"column":4},"end":{"line":124,"column":null}},"26":{"start":{"line":127,"column":2},"end":{"line":129,"column":null}},"27":{"start":{"line":128,"column":4},"end":{"line":128,"column":null}},"28":{"start":{"line":131,"column":2},"end":{"line":143,"column":null}},"29":{"start":{"line":133,"column":4},"end":{"line":142,"column":null}},"30":{"start":{"line":136,"column":8},"end":{"line":138,"column":null}},"31":{"start":{"line":137,"column":10},"end":{"line":137,"column":null}},"32":{"start":{"line":139,"column":8},"end":{"line":139,"column":null}},"33":{"start":{"line":145,"column":2},"end":{"line":145,"column":null}}},"fnMap":{"0":{"name":"(anonymous_0)","decl":{"start":{"line":56,"column":6},"end":{"line":56,"column":33}},"loc":{"start":{"line":56,"column":33},"end":{"line":56,"column":null}},"line":56},"1":{"name":"useLayoutStorage","decl":{"start":{"line":83,"column":16},"end":{"line":83,"column":null}},"loc":{"start":{"line":87,"column":21},"end":{"line":146,"column":null}},"line":87},"2":{"name":"(anonymous_2)","decl":{"start":{"line":90,"column":8},"end":{"line":90,"column":47}},"loc":{"start":{"line":90,"column":47},"end":{"line":95,"column":null}},"line":90},"3":{"name":"(anonymous_3)","decl":{"start":{"line":97,"column":8},"end":{"line":97,"column":27}},"loc":{"start":{"line":97,"column":27},"end":{"line":103,"column":null}},"line":97},"4":{"name":"(anonymous_4)","decl":{"start":{"line":105,"column":8},"end":{"line":105,"column":30}},"loc":{"start":{"line":105,"column":30},"end":{"line":116,"column":null}},"line":105},"5":{"name":"(anonymous_5)","decl":{"start":{"line":118,"column":8},"end":{"line":118,"column":28}},"loc":{"start":{"line":118,"column":28},"end":{"line":120,"column":null}},"line":118},"6":{"name":"(anonymous_6)","decl":{"start":{"line":122,"column":8},"end":{"line":122,"column":34}},"loc":{"start":{"line":122,"column":34},"end":{"line":125,"column":null}},"line":122},"7":{"name":"(anonymous_7)","decl":{"start":{"line":134,"column":6},"end":{"line":134,"column":null}},"loc":{"start":{"line":135,"column":12},"end":{"line":140,"column":null}},"line":135}},"branchMap":{"0":{"loc":{"start":{"line":86,"column":2},"end":{"line":86,"column":null}},"type":"default-arg","locations":[{"start":{"line":86,"column":38},"end":{"line":86,"column":null}}],"line":86},"1":{"loc":{"start":{"line":88,"column":19},"end":{"line":88,"column":36}},"type":"default-arg","locations":[{"start":{"line":88,"column":30},"end":{"line":88,"column":36}}],"line":88},"2":{"loc":{"start":{"line":88,"column":36},"end":{"line":88,"column":54}},"type":"default-arg","locations":[{"start":{"line":88,"column":47},"end":{"line":88,"column":54}}],"line":88},"3":{"loc":{"start":{"line":88,"column":54},"end":{"line":88,"column":75}},"type":"default-arg","locations":[{"start":{"line":88,"column":67},"end":{"line":88,"column":75}}],"line":88},"4":{"loc":{"start":{"line":91,"column":4},"end":{"line":93,"column":null}},"type":"if","locations":[{"start":{"line":91,"column":4},"end":{"line":93,"column":null}},{"start":{},"end":{}}],"line":91},"5":{"loc":{"start":{"line":94,"column":11},"end":{"line":94,"column":null}},"type":"cond-expr","locations":[{"start":{"line":94,"column":25},"end":{"line":94,"column":47}},{"start":{"line":94,"column":47},"end":{"line":94,"column":null}}],"line":94},"6":{"loc":{"start":{"line":99,"column":4},"end":{"line":101,"column":null}},"type":"if","locations":[{"start":{"line":99,"column":4},"end":{"line":101,"column":null}},{"start":{},"end":{}}],"line":99},"7":{"loc":{"start":{"line":107,"column":4},"end":{"line":109,"column":null}},"type":"if","locations":[{"start":{"line":107,"column":4},"end":{"line":109,"column":null}},{"start":{},"end":{}}],"line":107},"8":{"loc":{"start":{"line":111,"column":4},"end":{"line":113,"column":null}},"type":"if","locations":[{"start":{"line":111,"column":4},"end":{"line":113,"column":null}},{"start":{},"end":{}}],"line":111},"9":{"loc":{"start":{"line":124,"column":11},"end":{"line":124,"column":null}},"type":"binary-expr","locations":[{"start":{"line":124,"column":11},"end":{"line":124,"column":30}},{"start":{"line":124,"column":30},"end":{"line":124,"column":null}}],"line":124},"10":{"loc":{"start":{"line":127,"column":2},"end":{"line":129,"column":null}},"type":"if","locations":[{"start":{"line":127,"column":2},"end":{"line":129,"column":null}},{"start":{},"end":{}}],"line":127},"11":{"loc":{"start":{"line":131,"column":2},"end":{"line":143,"column":null}},"type":"if","locations":[{"start":{"line":131,"column":2},"end":{"line":143,"column":null}},{"start":{},"end":{}}],"line":131},"12":{"loc":{"start":{"line":136,"column":8},"end":{"line":138,"column":null}},"type":"if","locations":[{"start":{"line":136,"column":8},"end":{"line":138,"column":null}},{"start":{},"end":{}}],"line":136}},"s":{"0":5,"1":6,"2":15,"3":15,"4":19,"5":13,"6":6,"7":15,"8":8,"9":8,"10":1,"11":7,"12":15,"13":6,"14":6,"15":2,"16":4,"17":4,"18":2,"19":2,"20":2,"21":15,"22":2,"23":15,"24":3,"25":3,"26":15,"27":2,"28":15,"29":2,"30":4,"31":2,"32":4,"33":15},"f":{"0":6,"1":15,"2":19,"3":8,"4":6,"5":2,"6":3,"7":4},"b":{"0":[15],"1":[15],"2":[15],"3":[15],"4":[13,6],"5":[1,5],"6":[1,7],"7":[2,4],"8":[2,2],"9":[3,2],"10":[2,13],"11":[2,13],"12":[2,2]},"meta":{"lastBranch":13,"lastFunction":8,"lastStatement":34,"seen":{"s:56:6:56:Infinity":0,"f:56:6:56:33":0,"s:56:33:56:Infinity":1,"f:83:16:83:Infinity":1,"b:86:38:86:Infinity":0,"s:88:75:88:Infinity":2,"b:88:30:88:36":1,"b:88:47:88:54":2,"b:88:67:88:75":3,"s:90:8:95:Infinity":3,"f:90:8:90:47":2,"b:91:4:93:Infinity:undefined:undefined:undefined:undefined":4,"s:91:4:93:Infinity":4,"s:92:6:92:Infinity":5,"s:94:4:94:Infinity":6,"b:94:25:94:47:94:47:94:Infinity":5,"s:97:8:103:Infinity":7,"f:97:8:97:27":3,"s:98:19:98:Infinity":8,"b:99:4:101:Infinity:undefined:undefined:undefined:undefined":6,"s:99:4:101:Infinity":9,"s:100:6:100:Infinity":10,"s:102:4:102:Infinity":11,"s:105:8:116:Infinity":12,"f:105:8:105:30":4,"s:106:19:106:Infinity":13,"b:107:4:109:Infinity:undefined:undefined:undefined:undefined":7,"s:107:4:109:Infinity":14,"s:108:6:108:Infinity":15,"s:110:19:110:Infinity":16,"b:111:4:113:Infinity:undefined:undefined:undefined:undefined":8,"s:111:4:113:Infinity":17,"s:112:6:112:Infinity":18,"s:114:4:114:Infinity":19,"s:115:4:115:Infinity":20,"s:118:8:120:Infinity":21,"f:118:8:118:28":5,"s:119:4:119:Infinity":22,"s:122:8:125:Infinity":23,"f:122:8:122:34":6,"s:123:19:123:Infinity":24,"s:124:4:124:Infinity":25,"b:124:11:124:30:124:30:124:Infinity":9,"b:127:2:129:Infinity:undefined:undefined:undefined:undefined":10,"s:127:2:129:Infinity":26,"s:128:4:128:Infinity":27,"b:131:2:143:Infinity:undefined:undefined:undefined:undefined":11,"s:131:2:143:Infinity":28,"s:133:4:142:Infinity":29,"f:134:6:134:Infinity":7,"b:136:8:138:Infinity:undefined:undefined:undefined:undefined":12,"s:136:8:138:Infinity":30,"s:137:10:137:Infinity":31,"s:139:8:139:Infinity":32,"s:145:2:145:Infinity":33},"fnNames":{}}}
,"C:\\gwinnem\\keystone-dashboard-layout\\packages\\vue\\src\\hooks\\useInstance.ts": {"path":"C:\\gwinnem\\keystone-dashboard-layout\\packages\\vue\\src\\hooks\\useInstance.ts","statementMap":{"0":{"start":{"line":19,"column":32},"end":{"line":19,"column":51}},"1":{"start":{"line":21,"column":31},"end":{"line":21,"column":null}},"2":{"start":{"line":23,"column":2},"end":{"line":27,"column":null}}},"fnMap":{"0":{"name":"useCurrentInstance","decl":{"start":{"line":18,"column":24},"end":{"line":18,"column":63}},"loc":{"start":{"line":18,"column":63},"end":{"line":28,"column":null}},"line":18}},"branchMap":{},"s":{"0":976,"1":976,"2":976},"f":{"0":976},"b":{},"meta":{"lastBranch":0,"lastFunction":1,"lastStatement":3,"seen":{"f:18:24:18:63":0,"s:19:32:19:51":0,"s:21:31:21:Infinity":1,"s:23:2:27:Infinity":2},"fnNames":{}}}
}
